#
# There is insufficient memory for the Java Runtime Environment to continue.
# Native memory allocation (malloc) failed to allocate 1345856 bytes for Chunk::new
# Possible reasons:
#   The system is out of physical RAM or swap space
#   In 32 bit mode, the process size limit was hit
# Possible solutions:
#   Reduce memory load on the system
#   Increase physical memory or swap space
#   Check if swap backing store is full
#   Use 64 bit Java on a 64 bit OS
#   Decrease Java heap size (-Xmx/-Xms)
#   Decrease number of Java threads
#   Decrease Java thread stack sizes (-Xss)
#   Set larger code cache with -XX:ReservedCodeCacheSize=
# This output file may be truncated or incomplete.
#
#  Out of Memory Error (allocation.cpp:390), pid=14716, tid=14724
#
# JRE version: Java(TM) SE Runtime Environment (8.0_20-b26) (build 1.8.0_20-b26)
# Java VM: Java HotSpot(TM) 64-Bit Server VM (25.20-b23 mixed mode windows-amd64 compressed oops)
# Failed to write core dump. Minidumps are not enabled by default on client versions of Windows
#

---------------  T H R E A D  ---------------

Current thread (0x0000000015b3d800):  JavaThread "C2 CompilerThread1" daemon [_thread_in_native, id=14724, stack(0x0000000017550000,0x0000000017650000)]

Stack: [0x0000000017550000,0x0000000017650000]
Native frames: (J=compiled Java code, j=interpreted, Vv=VM code, C=native code)
V  [jvm.dll+0x3152fa]
V  [jvm.dll+0x265d03]
V  [jvm.dll+0x266943]
V  [jvm.dll+0x25e265]
V  [jvm.dll+0xbe255]
V  [jvm.dll+0xbe6fc]
V  [jvm.dll+0x45c472]
V  [jvm.dll+0x49d76f]
V  [jvm.dll+0x451438]
V  [jvm.dll+0x452634]
V  [jvm.dll+0x435fc2]
V  [jvm.dll+0x97b62]
V  [jvm.dll+0x98353]
V  [jvm.dll+0x22aac4]
V  [jvm.dll+0x283f5a]
C  [msvcr100.dll+0x21d9f]
C  [msvcr100.dll+0x21e3b]
C  [KERNEL32.DLL+0x18102]
C  [ntdll.dll+0x5c5b4]


Current CompileTask:
C2:   7393 2185   !   4       com.android.dx.cf.code.RopperMachine::run (1550 bytes)


---------------  P R O C E S S  ---------------

Java Threads: ( => current thread )
  0x000000001746e800 JavaThread "pool-1-thread-4" [_thread_blocked, id=7588, stack(0x0000000018550000,0x0000000018650000)]
  0x000000001746d800 JavaThread "pool-1-thread-3" [_thread_blocked, id=5620, stack(0x0000000018450000,0x0000000018550000)]
  0x00000000174ac800 JavaThread "pool-1-thread-2" [_thread_in_Java, id=13116, stack(0x0000000018350000,0x0000000018450000)]
  0x00000000174ab800 JavaThread "pool-2-thread-1" [_thread_blocked, id=4736, stack(0x0000000018250000,0x0000000018350000)]
  0x00000000173a3000 JavaThread "pool-1-thread-1" [_thread_blocked, id=15352, stack(0x0000000018150000,0x0000000018250000)]
  0x00000000171aa000 JavaThread "Service Thread" daemon [_thread_blocked, id=14448, stack(0x0000000017750000,0x0000000017850000)]
  0x00000000171a0000 JavaThread "C1 CompilerThread2" daemon [_thread_blocked, id=14704, stack(0x0000000017650000,0x0000000017750000)]
=>0x0000000015b3d800 JavaThread "C2 CompilerThread1" daemon [_thread_in_native, id=14724, stack(0x0000000017550000,0x0000000017650000)]
  0x0000000015aee800 JavaThread "C2 CompilerThread0" daemon [_thread_in_native, id=1060, stack(0x0000000017050000,0x0000000017150000)]
  0x0000000015aed000 JavaThread "Attach Listener" daemon [_thread_blocked, id=4328, stack(0x0000000016f50000,0x0000000017050000)]
  0x0000000015aec000 JavaThread "Signal Dispatcher" daemon [_thread_blocked, id=14804, stack(0x0000000016e50000,0x0000000016f50000)]
  0x00000000033ff800 JavaThread "Finalizer" daemon [_thread_blocked, id=15032, stack(0x0000000016d50000,0x0000000016e50000)]
  0x00000000033fc000 JavaThread "Reference Handler" daemon [_thread_blocked, id=14764, stack(0x0000000016c50000,0x0000000016d50000)]
  0x000000000320e800 JavaThread "main" [_thread_blocked, id=15320, stack(0x0000000003210000,0x0000000003310000)]

Other Threads:
  0x0000000015aa5000 VMThread [stack: 0x0000000016b50000,0x0000000016c50000] [id=12432]
  0x00000000171ac000 WatcherThread [stack: 0x0000000017850000,0x0000000017950000] [id=14572]

VM state:not at safepoint (normal execution)

VM Mutex/Monitor currently owned by a thread: None

Heap:
 PSYoungGen      total 52736K, used 9660K [0x00000000eab00000, 0x00000000ee200000, 0x0000000100000000)
  eden space 49152K, 12% used [0x00000000eab00000,0x00000000eb0f1f28,0x00000000edb00000)
  from space 3584K, 99% used [0x00000000edb00000,0x00000000ede7d288,0x00000000ede80000)
  to   space 3584K, 0% used [0x00000000ede80000,0x00000000ede80000,0x00000000ee200000)
 ParOldGen       total 64512K, used 52838K [0x00000000c0000000, 0x00000000c3f00000, 0x00000000eab00000)
  object space 64512K, 81% used [0x00000000c0000000,0x00000000c3399ba8,0x00000000c3f00000)
 Metaspace       used 6370K, capacity 7218K, committed 7296K, reserved 1056768K
  class space    used 604K, capacity 618K, committed 640K, reserved 1048576K

Card table byte_map: [0x00000000127d0000,0x00000000129e0000] byte_map_base: 0x00000000121d0000

Marking Bits: (ParMarkBitMap*) 0x000000005c32b460
 Begin Bits: [0x0000000012f40000, 0x0000000013f40000)
 End Bits:   [0x0000000013f40000, 0x0000000014f40000)

Polling page: 0x00000000014d0000

CodeCache: size=245760Kb used=8790Kb max_used=8790Kb free=236969Kb
 bounds [0x0000000003410000, 0x0000000003cb0000, 0x0000000012410000]
 total_blobs=2245 nmethods=1980 adapters=178
 compilation: enabled

Compilation events (10 events):
Event: 7.235 Thread 0x00000000171a0000 2190   !   2       com.android.dx.cf.direct.DirectClassFile$DcfTypeList::<init> (137 bytes)
Event: 7.237 Thread 0x00000000171a0000 nmethod 2190 0x0000000003c995d0 code [0x0000000003c99880, 0x0000000003c9a5f8]
Event: 7.261 Thread 0x00000000171a0000 2193       2       com.android.dx.rop.cst.CstArray$List::<init> (6 bytes)
Event: 7.261 Thread 0x00000000171a0000 nmethod 2193 0x0000000003c953d0 code [0x0000000003c95540, 0x0000000003c956a8]
Event: 7.261 Thread 0x00000000171a0000 2194       2       com.android.dx.rop.cst.CstArray::<init> (28 bytes)
Event: 7.261 Thread 0x00000000171a0000 nmethod 2194 0x0000000003c99050 code [0x0000000003c991c0, 0x0000000003c99478]
Event: 7.262 Thread 0x00000000171a0000 2195       2       java.util.concurrent.locks.AbstractQueuedSynchronizer$ConditionObject::await (98 bytes)
Event: 7.263 Thread 0x00000000171a0000 nmethod 2195 0x0000000003c981d0 code [0x0000000003c983e0, 0x0000000003c98a88]
Event: 7.271 Thread 0x00000000171a0000 2196       2       com.android.dx.dex.file.ClassDataItem::<init> (96 bytes)
Event: 7.271 Thread 0x00000000171a0000 nmethod 2196 0x0000000003c97850 code [0x0000000003c97a40, 0x0000000003c97fa8]

GC Heap History (10 events):
Event: 4.165 GC heap before
{Heap before GC invocations=5 (full 0):
 PSYoungGen      total 52736K, used 52728K [0x00000000eab00000, 0x00000000ee200000, 0x0000000100000000)
  eden space 49152K, 100% used [0x00000000eab00000,0x00000000edb00000,0x00000000edb00000)
  from space 3584K, 99% used [0x00000000ede80000,0x00000000ee1fe340,0x00000000ee200000)
  to   space 3584K, 0% used [0x00000000edb00000,0x00000000edb00000,0x00000000ede80000)
 ParOldGen       total 64512K, used 13158K [0x00000000c0000000, 0x00000000c3f00000, 0x00000000eab00000)
  object space 64512K, 20% used [0x00000000c0000000,0x00000000c0cd99c0,0x00000000c3f00000)
 Metaspace       used 6193K, capacity 7152K, committed 7296K, reserved 1056768K
  class space    used 584K, capacity 616K, committed 640K, reserved 1048576K
Event: 4.210 GC heap after
Heap after GC invocations=5 (full 0):
 PSYoungGen      total 52736K, used 3580K [0x00000000eab00000, 0x00000000ee200000, 0x0000000100000000)
  eden space 49152K, 0% used [0x00000000eab00000,0x00000000eab00000,0x00000000edb00000)
  from space 3584K, 99% used [0x00000000edb00000,0x00000000ede7f2e8,0x00000000ede80000)
  to   space 3584K, 0% used [0x00000000ede80000,0x00000000ede80000,0x00000000ee200000)
 ParOldGen       total 64512K, used 20042K [0x00000000c0000000, 0x00000000c3f00000, 0x00000000eab00000)
  object space 64512K, 31% used [0x00000000c0000000,0x00000000c13928d0,0x00000000c3f00000)
 Metaspace       used 6193K, capacity 7152K, committed 7296K, reserved 1056768K
  class space    used 584K, capacity 616K, committed 640K, reserved 1048576K
}
Event: 5.550 GC heap before
{Heap before GC invocations=6 (full 0):
 PSYoungGen      total 52736K, used 52732K [0x00000000eab00000, 0x00000000ee200000, 0x0000000100000000)
  eden space 49152K, 100% used [0x00000000eab00000,0x00000000edb00000,0x00000000edb00000)
  from space 3584K, 99% used [0x00000000edb00000,0x00000000ede7f2e8,0x00000000ede80000)
  to   space 3584K, 0% used [0x00000000ede80000,0x00000000ede80000,0x00000000ee200000)
 ParOldGen       total 64512K, used 20042K [0x00000000c0000000, 0x00000000c3f00000, 0x00000000eab00000)
  object space 64512K, 31% used [0x00000000c0000000,0x00000000c13928d0,0x00000000c3f00000)
 Metaspace       used 6301K, capacity 7154K, committed 7296K, reserved 1056768K
  class space    used 604K, capacity 618K, committed 640K, reserved 1048576K
Event: 5.715 GC heap after
Heap after GC invocations=6 (full 0):
 PSYoungGen      total 52736K, used 3567K [0x00000000eab00000, 0x00000000ee200000, 0x0000000100000000)
  eden space 49152K, 0% used [0x00000000eab00000,0x00000000eab00000,0x00000000edb00000)
  from space 3584K, 99% used [0x00000000ede80000,0x00000000ee1fbde8,0x00000000ee200000)
  to   space 3584K, 0% used [0x00000000edb00000,0x00000000edb00000,0x00000000ede80000)
 ParOldGen       total 64512K, used 27163K [0x00000000c0000000, 0x00000000c3f00000, 0x00000000eab00000)
  object space 64512K, 42% used [0x00000000c0000000,0x00000000c1a86d38,0x00000000c3f00000)
 Metaspace       used 6301K, capacity 7154K, committed 7296K, reserved 1056768K
  class space    used 604K, capacity 618K, committed 640K, reserved 1048576K
}
Event: 6.565 GC heap before
{Heap before GC invocations=7 (full 0):
 PSYoungGen      total 52736K, used 52719K [0x00000000eab00000, 0x00000000ee200000, 0x0000000100000000)
  eden space 49152K, 100% used [0x00000000eab00000,0x00000000edb00000,0x00000000edb00000)
  from space 3584K, 99% used [0x00000000ede80000,0x00000000ee1fbde8,0x00000000ee200000)
  to   space 3584K, 0% used [0x00000000edb00000,0x00000000edb00000,0x00000000ede80000)
 ParOldGen       total 64512K, used 27163K [0x00000000c0000000, 0x00000000c3f00000, 0x00000000eab00000)
  object space 64512K, 42% used [0x00000000c0000000,0x00000000c1a86d38,0x00000000c3f00000)
 Metaspace       used 6313K, capacity 7154K, committed 7296K, reserved 1056768K
  class space    used 604K, capacity 618K, committed 640K, reserved 1048576K
Event: 6.587 GC heap after
Heap after GC invocations=7 (full 0):
 PSYoungGen      total 52736K, used 3567K [0x00000000eab00000, 0x00000000ee200000, 0x0000000100000000)
  eden space 49152K, 0% used [0x00000000eab00000,0x00000000eab00000,0x00000000edb00000)
  from space 3584K, 99% used [0x00000000edb00000,0x00000000ede7bde8,0x00000000ede80000)
  to   space 3584K, 0% used [0x00000000ede80000,0x00000000ede80000,0x00000000ee200000)
 ParOldGen       total 64512K, used 35497K [0x00000000c0000000, 0x00000000c3f00000, 0x00000000eab00000)
  object space 64512K, 55% used [0x00000000c0000000,0x00000000c22aa480,0x00000000c3f00000)
 Metaspace       used 6313K, capacity 7154K, committed 7296K, reserved 1056768K
  class space    used 604K, capacity 618K, committed 640K, reserved 1048576K
}
Event: 7.000 GC heap before
{Heap before GC invocations=8 (full 0):
 PSYoungGen      total 52736K, used 52719K [0x00000000eab00000, 0x00000000ee200000, 0x0000000100000000)
  eden space 49152K, 100% used [0x00000000eab00000,0x00000000edb00000,0x00000000edb00000)
  from space 3584K, 99% used [0x00000000edb00000,0x00000000ede7bde8,0x00000000ede80000)
  to   space 3584K, 0% used [0x00000000ede80000,0x00000000ede80000,0x00000000ee200000)
 ParOldGen       total 64512K, used 35497K [0x00000000c0000000, 0x00000000c3f00000, 0x00000000eab00000)
  object space 64512K, 55% used [0x00000000c0000000,0x00000000c22aa480,0x00000000c3f00000)
 Metaspace       used 6339K, capacity 7218K, committed 7296K, reserved 1056768K
  class space    used 604K, capacity 618K, committed 640K, reserved 1048576K
Event: 7.033 GC heap after
Heap after GC invocations=8 (full 0):
 PSYoungGen      total 52736K, used 3556K [0x00000000eab00000, 0x00000000ee200000, 0x0000000100000000)
  eden space 49152K, 0% used [0x00000000eab00000,0x00000000eab00000,0x00000000edb00000)
  from space 3584K, 99% used [0x00000000ede80000,0x00000000ee1f9070,0x00000000ee200000)
  to   space 3584K, 0% used [0x00000000edb00000,0x00000000edb00000,0x00000000ede80000)
 ParOldGen       total 64512K, used 43589K [0x00000000c0000000, 0x00000000c3f00000, 0x00000000eab00000)
  object space 64512K, 67% used [0x00000000c0000000,0x00000000c2a91438,0x00000000c3f00000)
 Metaspace       used 6339K, capacity 7218K, committed 7296K, reserved 1056768K
  class space    used 604K, capacity 618K, committed 640K, reserved 1048576K
}
Event: 7.339 GC heap before
{Heap before GC invocations=9 (full 0):
 PSYoungGen      total 52736K, used 52708K [0x00000000eab00000, 0x00000000ee200000, 0x0000000100000000)
  eden space 49152K, 100% used [0x00000000eab00000,0x00000000edb00000,0x00000000edb00000)
  from space 3584K, 99% used [0x00000000ede80000,0x00000000ee1f9070,0x00000000ee200000)
  to   space 3584K, 0% used [0x00000000edb00000,0x00000000edb00000,0x00000000ede80000)
 ParOldGen       total 64512K, used 44696K [0x00000000c0000000, 0x00000000c3f00000, 0x00000000eab00000)
  object space 64512K, 69% used [0x00000000c0000000,0x00000000c2ba6060,0x00000000c3f00000)
 Metaspace       used 6357K, capacity 7218K, committed 7296K, reserved 1056768K
  class space    used 604K, capacity 618K, committed 640K, reserved 1048576K
Event: 7.374 GC heap after
Heap after GC invocations=9 (full 0):
 PSYoungGen      total 52736K, used 3572K [0x00000000eab00000, 0x00000000ee200000, 0x0000000100000000)
  eden space 49152K, 0% used [0x00000000eab00000,0x00000000eab00000,0x00000000edb00000)
  from space 3584K, 99% used [0x00000000edb00000,0x00000000ede7d288,0x00000000ede80000)
  to   space 3584K, 0% used [0x00000000ede80000,0x00000000ede80000,0x00000000ee200000)
 ParOldGen       total 64512K, used 52838K [0x00000000c0000000, 0x00000000c3f00000, 0x00000000eab00000)
  object space 64512K, 81% used [0x00000000c0000000,0x00000000c3399ba8,0x00000000c3f00000)
 Metaspace       used 6357K, capacity 7218K, committed 7296K, reserved 1056768K
  class space    used 604K, capacity 618K, committed 640K, reserved 1048576K
}

Deoptimization events (10 events):
Event: 4.298 Thread 0x000000001746e800 Uncommon trap: reason=class_check action=maybe_recompile pc=0x0000000003ae73ec method=com.android.dx.cf.code.BytecodeArray.parseInstruction(ILcom/android/dx/cf/code/BytecodeArray$Visitor;)I @ 987
Event: 5.368 Thread 0x000000001746d800 Uncommon trap: reason=unreached action=reinterpret pc=0x000000000377a6f0 method=java.util.HashMap.getNode(ILjava/lang/Object;)Ljava/util/HashMap$Node; @ 84
Event: 5.730 Thread 0x000000001746e800 Uncommon trap: reason=bimorphic action=maybe_recompile pc=0x0000000003b9848c method=com.android.dx.rop.code.RegisterSpec.getFrameType()Lcom/android/dx/rop/type/TypeBearer; @ 4
Event: 6.032 Thread 0x00000000174ac800 Uncommon trap: reason=bimorphic action=maybe_recompile pc=0x0000000003bd429c method=com.android.dx.cf.code.BytecodeArray.parseInstruction(ILcom/android/dx/cf/code/BytecodeArray$Visitor;)I @ 2484
Event: 6.033 Thread 0x00000000174ac800 Uncommon trap: reason=bimorphic action=maybe_recompile pc=0x0000000003bd429c method=com.android.dx.cf.code.BytecodeArray.parseInstruction(ILcom/android/dx/cf/code/BytecodeArray$Visitor;)I @ 2484
Event: 7.097 Thread 0x000000001746d800 Uncommon trap: reason=class_check action=maybe_recompile pc=0x0000000003c21208 method=com.android.dx.cf.code.RopperMachine.run(Lcom/android/dx/cf/code/Frame;II)V @ 1024
Event: 7.097 Thread 0x000000001746d800 Uncommon trap: reason=class_check action=maybe_recompile pc=0x0000000003c21208 method=com.android.dx.cf.code.RopperMachine.run(Lcom/android/dx/cf/code/Frame;II)V @ 1024
Event: 7.097 Thread 0x000000001746d800 Uncommon trap: reason=class_check action=maybe_recompile pc=0x0000000003c21208 method=com.android.dx.cf.code.RopperMachine.run(Lcom/android/dx/cf/code/Frame;II)V @ 1024
Event: 7.098 Thread 0x000000001746d800 Uncommon trap: reason=class_check action=maybe_recompile pc=0x0000000003c21208 method=com.android.dx.cf.code.RopperMachine.run(Lcom/android/dx/cf/code/Frame;II)V @ 1024
Event: 7.107 Thread 0x000000001746d800 Uncommon trap: reason=bimorphic action=maybe_recompile pc=0x0000000003a10ce4 method=com.android.dx.ssa.SCCP.setLatticeValueTo(IILcom/android/dx/rop/cst/Constant;)Z @ 43

Internal exceptions (10 events):
Event: 1.431 Thread 0x000000000320e800 Exception <a 'java/security/PrivilegedActionException'> (0x00000000ebc039e0) thrown at [D:\re\workspace\8-2-build-windows-amd64-cygwin\jdk8u20\1074\hotspot\src\share\vm\prims\jvm.cpp, line 1275]
Event: 1.453 Thread 0x000000001746d800 Exception <a 'java/security/PrivilegedActionException'> (0x00000000ebdc4e88) thrown at [D:\re\workspace\8-2-build-windows-amd64-cygwin\jdk8u20\1074\hotspot\src\share\vm\prims\jvm.cpp, line 1275]
Event: 1.454 Thread 0x000000001746d800 Exception <a 'java/security/PrivilegedActionException'> (0x00000000ebdca720) thrown at [D:\re\workspace\8-2-build-windows-amd64-cygwin\jdk8u20\1074\hotspot\src\share\vm\prims\jvm.cpp, line 1275]
Event: 1.454 Thread 0x000000001746d800 Exception <a 'java/security/PrivilegedActionException'> (0x00000000ebdcfd60) thrown at [D:\re\workspace\8-2-build-windows-amd64-cygwin\jdk8u20\1074\hotspot\src\share\vm\prims\jvm.cpp, line 1275]
Event: 2.024 Thread 0x000000000320e800 Exception <a 'java/security/PrivilegedActionException'> (0x00000000eab75990) thrown at [D:\re\workspace\8-2-build-windows-amd64-cygwin\jdk8u20\1074\hotspot\src\share\vm\prims\jvm.cpp, line 1275]
Event: 2.320 Thread 0x000000000320e800 Exception <a 'java/security/PrivilegedActionException'> (0x00000000eb932610) thrown at [D:\re\workspace\8-2-build-windows-amd64-cygwin\jdk8u20\1074\hotspot\src\share\vm\prims\jvm.cpp, line 1275]
Event: 5.364 Thread 0x000000001746d800 Exception <a 'java/lang/ArrayIndexOutOfBoundsException': 18> (0x00000000ed2abc58) thrown at [D:\re\workspace\8-2-build-windows-amd64-cygwin\jdk8u20\1074\hotspot\src\share\vm\interpreter\interpreterRuntime.cpp, line 366]
Event: 5.366 Thread 0x000000001746d800 Exception <a 'java/lang/ArrayIndexOutOfBoundsException'> (0x00000000ed2ad6f0) thrown at [D:\re\workspace\8-2-build-windows-amd64-cygwin\jdk8u20\1074\hotspot\src\share\vm\runtime\sharedRuntime.cpp, line 604]
Event: 5.367 Thread 0x000000001746d800 Exception <a 'java/lang/ArrayIndexOutOfBoundsException'> (0x00000000ed2ae908) thrown at [D:\re\workspace\8-2-build-windows-amd64-cygwin\jdk8u20\1074\hotspot\src\share\vm\runtime\sharedRuntime.cpp, line 604]
Event: 6.379 Thread 0x00000000173a3000 Exception <a 'java/security/PrivilegedActionException'> (0x00000000ec5dc9c0) thrown at [D:\re\workspace\8-2-build-windows-amd64-cygwin\jdk8u20\1074\hotspot\src\share\vm\prims\jvm.cpp, line 1275]

Events (10 events):
Event: 7.098 Thread 0x000000001746d800 Uncommon trap: trap_request=0xffffffde fr.pc=0x0000000003c21208
Event: 7.098 Thread 0x000000001746d800 DEOPT PACKING pc=0x0000000003c21208 sp=0x000000001854e560
Event: 7.098 Thread 0x000000001746d800 DEOPT UNPACKING pc=0x000000000345556a sp=0x000000001854e4e8 mode 2
Event: 7.107 Thread 0x000000001746d800 Uncommon trap: trap_request=0xffffffc6 fr.pc=0x0000000003a10ce4
Event: 7.107 Thread 0x000000001746d800 DEOPT PACKING pc=0x0000000003a10ce4 sp=0x000000001854ea50
Event: 7.107 Thread 0x000000001746d800 DEOPT UNPACKING pc=0x000000000345556a sp=0x000000001854e9b8 mode 2
Event: 7.297 Executing VM operation: ParallelGCFailedAllocation
Event: 7.326 Executing VM operation: ParallelGCFailedAllocation done
Event: 7.339 Executing VM operation: ParallelGCSystemGC
Event: 7.374 Executing VM operation: ParallelGCSystemGC done


Dynamic libraries:
0x00007ff7e4570000 - 0x00007ff7e45a4000 	D:\java\jdk1.8.0_20\bin\java.exe
0x00007fff68330000 - 0x00007fff684f1000 	C:\WINDOWS\SYSTEM32\ntdll.dll
0x00007fff67dd0000 - 0x00007fff67e7d000 	C:\WINDOWS\system32\KERNEL32.DLL
0x00007fff64e20000 - 0x00007fff65008000 	C:\WINDOWS\system32\KERNELBASE.dll
0x00007fff65d50000 - 0x00007fff65df7000 	C:\WINDOWS\system32\ADVAPI32.dll
0x00007fff660a0000 - 0x00007fff6613d000 	C:\WINDOWS\system32\msvcrt.dll
0x00007fff65e00000 - 0x00007fff65e5b000 	C:\WINDOWS\system32\sechost.dll
0x00007fff66140000 - 0x00007fff6625c000 	C:\WINDOWS\system32\RPCRT4.dll
0x00007fff68180000 - 0x00007fff682d6000 	C:\WINDOWS\system32\USER32.dll
0x00007fff65e60000 - 0x00007fff65fe6000 	C:\WINDOWS\system32\GDI32.dll
0x00007fff5f560000 - 0x00007fff5f7d4000 	C:\WINDOWS\WinSxS\amd64_microsoft.windows.common-controls_6595b64144ccf1df_6.0.10586.672_none_a2d6b3cea53ff843\COMCTL32.dll
0x00007fff67ae0000 - 0x00007fff67d5d000 	C:\WINDOWS\system32\combase.dll
0x00007fff64d00000 - 0x00007fff64d6a000 	C:\WINDOWS\system32\bcryptPrimitives.dll
0x00007fff682e0000 - 0x00007fff6831b000 	C:\WINDOWS\system32\IMM32.DLL
0x00007fff64820000 - 0x00007fff64851000 	C:\Windows\system32\nvinitx.dll
0x00007fff64810000 - 0x00007fff6481a000 	C:\WINDOWS\SYSTEM32\VERSION.dll
0x000000005c3b0000 - 0x000000005c482000 	D:\java\jdk1.8.0_20\jre\bin\msvcr100.dll
0x000000005bb50000 - 0x000000005c3a8000 	D:\java\jdk1.8.0_20\jre\bin\server\jvm.dll
0x00007fff68320000 - 0x00007fff68328000 	C:\WINDOWS\system32\PSAPI.DLL
0x00007fff56510000 - 0x00007fff56519000 	C:\WINDOWS\SYSTEM32\WSOCK32.dll
0x00007fff67d60000 - 0x00007fff67dcb000 	C:\WINDOWS\system32\WS2_32.dll
0x00007fff62ed0000 - 0x00007fff62ef3000 	C:\WINDOWS\SYSTEM32\WINMM.dll
0x00007fff62cb0000 - 0x00007fff62cdc000 	C:\WINDOWS\SYSTEM32\WINMMBASE.dll
0x00007fff656c0000 - 0x00007fff65703000 	C:\WINDOWS\system32\cfgmgr32.dll
0x000000005d000000 - 0x000000005d00f000 	D:\java\jdk1.8.0_20\jre\bin\verify.dll
0x000000005bb20000 - 0x000000005bb48000 	D:\java\jdk1.8.0_20\jre\bin\java.dll
0x000000005bb00000 - 0x000000005bb16000 	D:\java\jdk1.8.0_20\jre\bin\zip.dll
0x00007fff664b0000 - 0x00007fff67a0c000 	C:\WINDOWS\system32\SHELL32.dll
0x00007fff65010000 - 0x00007fff65655000 	C:\WINDOWS\system32\windows.storage.dll
0x00007fff66280000 - 0x00007fff662d2000 	C:\WINDOWS\system32\shlwapi.dll
0x00007fff649a0000 - 0x00007fff649af000 	C:\WINDOWS\system32\kernel.appcore.dll
0x00007fff64c40000 - 0x00007fff64cf5000 	C:\WINDOWS\system32\shcore.dll
0x00007fff64950000 - 0x00007fff6499b000 	C:\WINDOWS\system32\powrprof.dll
0x00007fff64930000 - 0x00007fff64944000 	C:\WINDOWS\system32\profapi.dll
0x00007fff55b80000 - 0x00007fff55d0c000 	C:\WINDOWS\SYSTEM32\dbghelp.dll

VM Arguments:
jvm_args: -Djava.awt.headless=true -Xmx1024M -Dfile.encoding=GBK -Duser.country=CN -Duser.language=zh -Duser.variant 
java_command: com.android.dx.command.Main --dex --num-threads=4 --output E:\works\icute\android\app\build\intermediates\pre-dexed\debug\com.android.support-support-v4-23.4.0_524b15dbb712ddb6b95db6e746ff6f76ebc28f67.jar E:\works\icute\android\app\build\intermediates\exploded-aar\com.android.support\support-v4\23.4.0\jars\classes.jar
java_class_path (initial): D:\andriodStduio\sdk\build-tools\23.0.1\lib\dx.jar
Launcher Type: SUN_STANDARD

Environment Variables:
JAVA_HOME=D:\java\jdk1.8.0_20
CLASSPATH=.;D:\java\jdk1.8.0_20\lib\dt.jar;D:\java\jdk1.8.0_20\lib\tools.jar;D:\apache-tomcat-7.0.65-windows-x64\apache-tomcat-7.0.65\lib\servlet-api.jar;D:\apache-tomcat-7.0.65-windows-x64\apache-tomcat-7.0.65\lib\jsp-api.jar;D:\eclipse_javaEE\lib\Aspectj\install\lib\aspectjrt.jar
PATH=C:\ProgramData\Oracle\Java\javapath;D:\java\jdk1.8.0_20\bin;D:\java\jdk1.8.0_20\jre\binC:\WINDOWS\system32;C:\WINDOWS;C:\WINDOWS\System32\Wbem;C:\WINDOWS\System32\WindowsPowerShell\v1.0\;C:\Program Files\Microsoft SQL Server\110\Tools\Binn\;C:\Program Files (x86)\Microsoft SDKs\TypeScript\1.0\;D:\MATLAB\bin\win32;C:\Windows\System32;C:\Program Files\Intel\WiFi\bin\;C:\Program Files\Common Files\Intel\WirelessCommon\;D:\java\jdk1.8.0_20\bin;D:\;amp\wamp\bin\mysql\mysql5.5.20\bin;D:\python2.7.10\install;D:\wamp\wamp\bin\mysql\mysql5.5.20\bin;D:\python2.7.10\install\Scripts;C:\mongodb\bin;D:\nodejs\nvmw;D:\svn\bin;D:\scala\install\bin;D:\sbt\install\\bin;D:\sbt\install\bin;D:\git\Git\bin;D:\ant\apache-ant-1.9.6/bin;D:\curl;D:\wamp\wamp\bin\php\php5.3.10;D:\wamp\wamp\bin\php\php5.5.12;C:\ProgramData\ComposerSetup\bin;C:\Users\Administrator\AppData\Roaming\Composer\Vendor\bin;D:\OCR\install\Tesseract-OCR;C:\WINDOWS\system32;C:\Program Files (x86)\Windows Kits\10\Windows Performance Toolkit\;D:\makeForWin\GnuWin32\bin;D:\eclipse_javaEE\lib\Aspectj\install\bin;D:\maven\apache-maven-3.3.9\bin;D:\php\php-5.6.21-Win32-VC11-x64;D:\php\php-5.6.21-Win32-VC11-x64\ext;D:\mysql\mysql-5.6.24-winx64\bin;D:\andriodStduio\sdk\tools;D:\andriodStduio\sdk\platform-tools;D:\nmap\nmap-7.31;D:\nodejs\nvmw\v6.2.0\;D:\cocos2d-x\templates;D:\cocos2d-x\tools\cocos2d-console\bin;C:\Program Files\Intel\WiFi\bin\;C:\Program Files\Common Files\Intel\WirelessCommon\;D:\vscode\install\Microsoft VS Code\bin;C:\Users\Administrator\AppData\Roaming\npm
USERNAME=Administrator
OS=Windows_NT
PROCESSOR_IDENTIFIER=Intel64 Family 6 Model 58 Stepping 9, GenuineIntel



---------------  S Y S T E M  ---------------

OS: Windows 8.1 , 64 bit Build 9600 

CPU:total 4 (2 cores per cpu, 2 threads per core) family 6 model 58 stepping 9, cmov, cx8, fxsr, mmx, sse, sse2, sse3, ssse3, sse4.1, sse4.2, popcnt, avx, aes, clmul, erms, ht, tsc, tscinvbit, tscinv

Memory: 4k page, physical 6148232k(766112k free), swap 8458912k(4804k free)

vm_info: Java HotSpot(TM) 64-Bit Server VM (25.20-b23) for windows-amd64 JRE (1.8.0_20-b26), built on Jul 30 2014 13:51:23 by "java_re" with MS VC++ 10.0 (VS2010)

time: Fri Mar 17 22:41:33 2017
elapsed time: 7 seconds (0d 0h 0m 7s)

