#
# There is insufficient memory for the Java Runtime Environment to continue.
# Native memory allocation (malloc) failed to allocate 32744 bytes for ChunkPool::allocate
# Possible reasons:
#   The system is out of physical RAM or swap space
#   In 32 bit mode, the process size limit was hit
# Possible solutions:
#   Reduce memory load on the system
#   Increase physical memory or swap space
#   Check if swap backing store is full
#   Use 64 bit Java on a 64 bit OS
#   Decrease Java heap size (-Xmx/-Xms)
#   Decrease number of Java threads
#   Decrease Java thread stack sizes (-Xss)
#   Set larger code cache with -XX:ReservedCodeCacheSize=
# This output file may be truncated or incomplete.
#
#  Out of Memory Error (allocation.cpp:273), pid=8020, tid=12600
#
# JRE version: Java(TM) SE Runtime Environment (8.0_20-b26) (build 1.8.0_20-b26)
# Java VM: Java HotSpot(TM) 64-Bit Server VM (25.20-b23 mixed mode windows-amd64 compressed oops)
# Failed to write core dump. Minidumps are not enabled by default on client versions of Windows
#

---------------  T H R E A D  ---------------

Current thread (0x0000000016d35000):  JavaThread "C1 CompilerThread2" daemon [_thread_in_native, id=12600, stack(0x00000000171e0000,0x00000000172e0000)]

Stack: [0x00000000171e0000,0x00000000172e0000]
Native frames: (J=compiled Java code, j=interpreted, Vv=VM code, C=native code)
V  [jvm.dll+0x3152fa]
V  [jvm.dll+0x265d03]
V  [jvm.dll+0x266943]
V  [jvm.dll+0x25e265]
V  [jvm.dll+0xbdfb1]
V  [jvm.dll+0xbe6fc]
V  [jvm.dll+0x40937b]
V  [jvm.dll+0x40b51c]
V  [jvm.dll+0x40ce1d]
V  [jvm.dll+0x40d264]
V  [jvm.dll+0x3ebe90]
V  [jvm.dll+0x3ec260]
V  [jvm.dll+0x3ec392]
V  [jvm.dll+0x3ec55e]
V  [jvm.dll+0x3ec75f]
V  [jvm.dll+0x97b62]
V  [jvm.dll+0x98353]
V  [jvm.dll+0x22aac4]
V  [jvm.dll+0x283f5a]
C  [msvcr100.dll+0x21d9f]
C  [msvcr100.dll+0x21e3b]
C  [KERNEL32.DLL+0x18102]
C  [ntdll.dll+0x5c5b4]


Current CompileTask:
C1:    679  237       3       java.util.TreeMap::fixAfterInsertion (267 bytes)


---------------  P R O C E S S  ---------------

Java Threads: ( => current thread )
  0x0000000016e65800 JavaThread "pool-1-thread-4" [_thread_in_native, id=1080, stack(0x00000000178e0000,0x00000000179e0000)]
  0x0000000016e64800 JavaThread "pool-1-thread-3" [_thread_blocked, id=3940, stack(0x00000000177e0000,0x00000000178e0000)]
  0x0000000016e6c800 JavaThread "pool-1-thread-2" [_thread_blocked, id=7416, stack(0x00000000176e0000,0x00000000177e0000)]
  0x0000000016e66800 JavaThread "pool-2-thread-1" [_thread_blocked, id=8848, stack(0x00000000175e0000,0x00000000176e0000)]
  0x0000000016e60800 JavaThread "pool-1-thread-1" [_thread_blocked, id=13052, stack(0x00000000174e0000,0x00000000175e0000)]
  0x0000000016d3a000 JavaThread "Service Thread" daemon [_thread_blocked, id=14332, stack(0x00000000172e0000,0x00000000173e0000)]
=>0x0000000016d35000 JavaThread "C1 CompilerThread2" daemon [_thread_in_native, id=12600, stack(0x00000000171e0000,0x00000000172e0000)]
  0x0000000016d2a000 JavaThread "C2 CompilerThread1" daemon [_thread_blocked, id=13192, stack(0x00000000170e0000,0x00000000171e0000)]
  0x00000000156cc800 JavaThread "C2 CompilerThread0" daemon [_thread_blocked, id=1252, stack(0x0000000016be0000,0x0000000016ce0000)]
  0x00000000156ca800 JavaThread "Attach Listener" daemon [_thread_blocked, id=12008, stack(0x0000000016ae0000,0x0000000016be0000)]
  0x0000000015680000 JavaThread "Signal Dispatcher" daemon [_thread_blocked, id=8988, stack(0x00000000169e0000,0x0000000016ae0000)]
  0x0000000002f8f800 JavaThread "Finalizer" daemon [_thread_blocked, id=3340, stack(0x00000000168e0000,0x00000000169e0000)]
  0x0000000002f8c000 JavaThread "Reference Handler" daemon [_thread_blocked, id=3652, stack(0x00000000167e0000,0x00000000168e0000)]
  0x00000000028ee800 JavaThread "main" [_thread_blocked, id=12552, stack(0x0000000002ca0000,0x0000000002da0000)]

Other Threads:
  0x0000000015635000 VMThread [stack: 0x00000000166e0000,0x00000000167e0000] [id=13004]
  0x0000000016d3c800 WatcherThread [stack: 0x00000000173e0000,0x00000000174e0000] [id=776]

VM state:not at safepoint (normal execution)

VM Mutex/Monitor currently owned by a thread: None

Heap:
 PSYoungGen      total 28160K, used 7421K [0x00000000eab00000, 0x00000000eca00000, 0x0000000100000000)
  eden space 24576K, 30% used [0x00000000eab00000,0x00000000eb23f698,0x00000000ec300000)
  from space 3584K, 0% used [0x00000000ec680000,0x00000000ec680000,0x00000000eca00000)
  to   space 3584K, 0% used [0x00000000ec300000,0x00000000ec300000,0x00000000ec680000)
 ParOldGen       total 64512K, used 0K [0x00000000c0000000, 0x00000000c3f00000, 0x00000000eab00000)
  object space 64512K, 0% used [0x00000000c0000000,0x00000000c0000000,0x00000000c3f00000)
 Metaspace       used 4379K, capacity 5680K, committed 6016K, reserved 1056768K
  class space    used 484K, capacity 552K, committed 640K, reserved 1048576K

Card table byte_map: [0x0000000012360000,0x0000000012570000] byte_map_base: 0x0000000011d60000

Marking Bits: (ParMarkBitMap*) 0x000000005c32b460
 Begin Bits: [0x0000000012ad0000, 0x0000000013ad0000)
 End Bits:   [0x0000000013ad0000, 0x0000000014ad0000)

Polling page: 0x00000000010e0000

CodeCache: size=245760Kb used=1504Kb max_used=1516Kb free=244255Kb
 bounds [0x0000000002fa0000, 0x0000000003210000, 0x0000000011fa0000]
 total_blobs=498 nmethods=239 adapters=173
 compilation: enabled

Compilation events (10 events):
Event: 0.591 Thread 0x0000000016d35000 nmethod 232 0x0000000003116cd0 code [0x0000000003116ee0, 0x00000000031178d8]
Event: 0.591 Thread 0x0000000016d35000  233       3       java.util.BitSet::expandTo (23 bytes)
Event: 0.591 Thread 0x0000000016d35000 nmethod 233 0x00000000031168d0 code [0x0000000003116a40, 0x0000000003116c28]
Event: 0.591 Thread 0x0000000016d35000  234       3       java.util.TreeMap::colorOf (13 bytes)
Event: 0.591 Thread 0x0000000016d35000 nmethod 234 0x0000000003116550 code [0x00000000031166a0, 0x0000000003116830]
Event: 0.591 Thread 0x0000000016d35000  235       1       com.android.dx.cf.attrib.BaseAttribute::getName (5 bytes)
Event: 0.591 Thread 0x0000000016d35000 nmethod 235 0x0000000003116290 code [0x00000000031163e0, 0x00000000031164f0]
Event: 0.592 Thread 0x0000000016d35000  236       3       java.lang.String::compareTo (9 bytes)
Event: 0.592 Thread 0x0000000016d35000 nmethod 236 0x0000000003115d90 code [0x0000000003115f00, 0x00000000031161e8]
Event: 0.592 Thread 0x0000000016d35000  237       3       java.util.TreeMap::fixAfterInsertion (267 bytes)

GC Heap History (0 events):
No events

Deoptimization events (0 events):
No events

Internal exceptions (10 events):
Event: 0.584 Thread 0x0000000016e64800 Exception <a 'java/security/PrivilegedActionException'> (0x00000000eb06a430) thrown at [D:\re\workspace\8-2-build-windows-amd64-cygwin\jdk8u20\1074\hotspot\src\share\vm\prims\jvm.cpp, line 1275]
Event: 0.585 Thread 0x0000000016e64800 Exception <a 'java/security/PrivilegedActionException'> (0x00000000eb06d260) thrown at [D:\re\workspace\8-2-build-windows-amd64-cygwin\jdk8u20\1074\hotspot\src\share\vm\prims\jvm.cpp, line 1275]
Event: 0.587 Thread 0x0000000016e60800 Exception <a 'java/security/PrivilegedActionException'> (0x00000000eaee0400) thrown at [D:\re\workspace\8-2-build-windows-amd64-cygwin\jdk8u20\1074\hotspot\src\share\vm\prims\jvm.cpp, line 1275]
Event: 0.589 Thread 0x0000000016e60800 Exception <a 'java/security/PrivilegedActionException'> (0x00000000eb0d1718) thrown at [D:\re\workspace\8-2-build-windows-amd64-cygwin\jdk8u20\1074\hotspot\src\share\vm\prims\jvm.cpp, line 1275]
Event: 0.589 Thread 0x0000000016e6c800 Exception <a 'java/security/PrivilegedActionException'> (0x00000000eafd9528) thrown at [D:\re\workspace\8-2-build-windows-amd64-cygwin\jdk8u20\1074\hotspot\src\share\vm\prims\jvm.cpp, line 1275]
Event: 0.591 Thread 0x0000000016e60800 Exception <a 'java/security/PrivilegedActionException'> (0x00000000eb0d4bf8) thrown at [D:\re\workspace\8-2-build-windows-amd64-cygwin\jdk8u20\1074\hotspot\src\share\vm\prims\jvm.cpp, line 1275]
Event: 0.592 Thread 0x0000000016e60800 Exception <a 'java/security/PrivilegedActionException'> (0x00000000eb0ea930) thrown at [D:\re\workspace\8-2-build-windows-amd64-cygwin\jdk8u20\1074\hotspot\src\share\vm\prims\jvm.cpp, line 1275]
Event: 0.593 Thread 0x0000000016e60800 Exception <a 'java/security/PrivilegedActionException'> (0x00000000eb0ed058) thrown at [D:\re\workspace\8-2-build-windows-amd64-cygwin\jdk8u20\1074\hotspot\src\share\vm\prims\jvm.cpp, line 1275]
Event: 0.594 Thread 0x0000000016e60800 Exception <a 'java/security/PrivilegedActionException'> (0x00000000eb0f2450) thrown at [D:\re\workspace\8-2-build-windows-amd64-cygwin\jdk8u20\1074\hotspot\src\share\vm\prims\jvm.cpp, line 1275]
Event: 0.594 Thread 0x0000000016e60800 Exception <a 'java/security/PrivilegedActionException'> (0x00000000eb0f7448) thrown at [D:\re\workspace\8-2-build-windows-amd64-cygwin\jdk8u20\1074\hotspot\src\share\vm\prims\jvm.cpp, line 1275]

Events (10 events):
Event: 0.591 loading class com/android/dx/cf/code/Ropper
Event: 0.591 loading class com/android/dx/cf/code/Ropper done
Event: 0.592 loading class com/android/dx/cf/code/Machine
Event: 0.592 loading class com/android/dx/cf/code/Machine done
Event: 0.593 loading class com/android/dx/rop/code/Insn
Event: 0.593 loading class com/android/dx/rop/code/Insn done
Event: 0.593 loading class com/android/dx/rop/code/PlainInsn
Event: 0.593 loading class com/android/dx/rop/code/PlainInsn done
Event: 0.594 loading class com/android/dx/rop/code/ThrowingInsn
Event: 0.594 loading class com/android/dx/rop/code/ThrowingInsn done


Dynamic libraries:
0x00007ff7e4570000 - 0x00007ff7e45a4000 	D:\java\jdk1.8.0_20\bin\java.exe
0x00007fff68330000 - 0x00007fff684f1000 	C:\WINDOWS\SYSTEM32\ntdll.dll
0x00007fff67dd0000 - 0x00007fff67e7d000 	C:\WINDOWS\system32\KERNEL32.DLL
0x00007fff64e20000 - 0x00007fff65008000 	C:\WINDOWS\system32\KERNELBASE.dll
0x00007fff65d50000 - 0x00007fff65df7000 	C:\WINDOWS\system32\ADVAPI32.dll
0x00007fff660a0000 - 0x00007fff6613d000 	C:\WINDOWS\system32\msvcrt.dll
0x00007fff65e00000 - 0x00007fff65e5b000 	C:\WINDOWS\system32\sechost.dll
0x00007fff66140000 - 0x00007fff6625c000 	C:\WINDOWS\system32\RPCRT4.dll
0x00007fff68180000 - 0x00007fff682d6000 	C:\WINDOWS\system32\USER32.dll
0x00007fff65e60000 - 0x00007fff65fe6000 	C:\WINDOWS\system32\GDI32.dll
0x00007fff5f560000 - 0x00007fff5f7d4000 	C:\WINDOWS\WinSxS\amd64_microsoft.windows.common-controls_6595b64144ccf1df_6.0.10586.672_none_a2d6b3cea53ff843\COMCTL32.dll
0x00007fff67ae0000 - 0x00007fff67d5d000 	C:\WINDOWS\system32\combase.dll
0x00007fff64d00000 - 0x00007fff64d6a000 	C:\WINDOWS\system32\bcryptPrimitives.dll
0x00007fff682e0000 - 0x00007fff6831b000 	C:\WINDOWS\system32\IMM32.DLL
0x00007fff64820000 - 0x00007fff64851000 	C:\Windows\system32\nvinitx.dll
0x00007fff64810000 - 0x00007fff6481a000 	C:\WINDOWS\SYSTEM32\VERSION.dll
0x000000005c3b0000 - 0x000000005c482000 	D:\java\jdk1.8.0_20\jre\bin\msvcr100.dll
0x000000005bb50000 - 0x000000005c3a8000 	D:\java\jdk1.8.0_20\jre\bin\server\jvm.dll
0x00007fff68320000 - 0x00007fff68328000 	C:\WINDOWS\system32\PSAPI.DLL
0x00007fff56510000 - 0x00007fff56519000 	C:\WINDOWS\SYSTEM32\WSOCK32.dll
0x00007fff67d60000 - 0x00007fff67dcb000 	C:\WINDOWS\system32\WS2_32.dll
0x00007fff62ed0000 - 0x00007fff62ef3000 	C:\WINDOWS\SYSTEM32\WINMM.dll
0x00007fff62cb0000 - 0x00007fff62cdc000 	C:\WINDOWS\SYSTEM32\WINMMBASE.dll
0x00007fff656c0000 - 0x00007fff65703000 	C:\WINDOWS\system32\cfgmgr32.dll
0x000000005d000000 - 0x000000005d00f000 	D:\java\jdk1.8.0_20\jre\bin\verify.dll
0x000000005bb20000 - 0x000000005bb48000 	D:\java\jdk1.8.0_20\jre\bin\java.dll
0x000000005bb00000 - 0x000000005bb16000 	D:\java\jdk1.8.0_20\jre\bin\zip.dll
0x00007fff664b0000 - 0x00007fff67a0c000 	C:\WINDOWS\system32\SHELL32.dll
0x00007fff65010000 - 0x00007fff65655000 	C:\WINDOWS\system32\windows.storage.dll
0x00007fff66280000 - 0x00007fff662d2000 	C:\WINDOWS\system32\shlwapi.dll
0x00007fff649a0000 - 0x00007fff649af000 	C:\WINDOWS\system32\kernel.appcore.dll
0x00007fff64c40000 - 0x00007fff64cf5000 	C:\WINDOWS\system32\shcore.dll
0x00007fff64950000 - 0x00007fff6499b000 	C:\WINDOWS\system32\powrprof.dll
0x00007fff64930000 - 0x00007fff64944000 	C:\WINDOWS\system32\profapi.dll
0x00007fff55b80000 - 0x00007fff55d0c000 	C:\WINDOWS\SYSTEM32\dbghelp.dll

VM Arguments:
jvm_args: -Djava.awt.headless=true -Xmx1024M -Dfile.encoding=GBK -Duser.country=CN -Duser.language=zh -Duser.variant 
java_command: com.android.dx.command.Main --dex --num-threads=4 --output E:\works\icute\android\app\build\intermediates\pre-dexed\debug\jsr305-3.0.0_a971f67c50848f35eab062a5cec0856f32aa537b.jar C:\Users\Administrator\.gradle\caches\modules-2\files-2.1\com.google.code.findbugs\jsr305\3.0.0\5871fb60dc68d67da54a663c3fd636a10a532948\jsr305-3.0.0.jar
java_class_path (initial): D:\andriodStduio\sdk\build-tools\23.0.1\lib\dx.jar
Launcher Type: SUN_STANDARD

Environment Variables:
JAVA_HOME=D:\java\jdk1.8.0_20
CLASSPATH=.;D:\java\jdk1.8.0_20\lib\dt.jar;D:\java\jdk1.8.0_20\lib\tools.jar;D:\apache-tomcat-7.0.65-windows-x64\apache-tomcat-7.0.65\lib\servlet-api.jar;D:\apache-tomcat-7.0.65-windows-x64\apache-tomcat-7.0.65\lib\jsp-api.jar;D:\eclipse_javaEE\lib\Aspectj\install\lib\aspectjrt.jar
PATH=C:\ProgramData\Oracle\Java\javapath;D:\java\jdk1.8.0_20\bin;D:\java\jdk1.8.0_20\jre\binC:\WINDOWS\system32;C:\WINDOWS;C:\WINDOWS\System32\Wbem;C:\WINDOWS\System32\WindowsPowerShell\v1.0\;C:\Program Files\Microsoft SQL Server\110\Tools\Binn\;C:\Program Files (x86)\Microsoft SDKs\TypeScript\1.0\;D:\MATLAB\bin\win32;C:\Windows\System32;C:\Program Files\Intel\WiFi\bin\;C:\Program Files\Common Files\Intel\WirelessCommon\;D:\java\jdk1.8.0_20\bin;D:\;amp\wamp\bin\mysql\mysql5.5.20\bin;D:\python2.7.10\install;D:\wamp\wamp\bin\mysql\mysql5.5.20\bin;D:\python2.7.10\install\Scripts;C:\mongodb\bin;D:\nodejs\nvmw;D:\svn\bin;D:\scala\install\bin;D:\sbt\install\\bin;D:\sbt\install\bin;D:\git\Git\bin;D:\ant\apache-ant-1.9.6/bin;D:\curl;D:\wamp\wamp\bin\php\php5.3.10;D:\wamp\wamp\bin\php\php5.5.12;C:\ProgramData\ComposerSetup\bin;C:\Users\Administrator\AppData\Roaming\Composer\Vendor\bin;D:\OCR\install\Tesseract-OCR;C:\WINDOWS\system32;C:\Program Files (x86)\Windows Kits\10\Windows Performance Toolkit\;D:\makeForWin\GnuWin32\bin;D:\eclipse_javaEE\lib\Aspectj\install\bin;D:\maven\apache-maven-3.3.9\bin;D:\php\php-5.6.21-Win32-VC11-x64;D:\php\php-5.6.21-Win32-VC11-x64\ext;D:\mysql\mysql-5.6.24-winx64\bin;D:\andriodStduio\sdk\tools;D:\andriodStduio\sdk\platform-tools;D:\nmap\nmap-7.31;D:\nodejs\nvmw\v6.2.0\;D:\cocos2d-x\templates;D:\cocos2d-x\tools\cocos2d-console\bin;C:\Program Files\Intel\WiFi\bin\;C:\Program Files\Common Files\Intel\WirelessCommon\;D:\vscode\install\Microsoft VS Code\bin;C:\Users\Administrator\AppData\Roaming\npm
USERNAME=Administrator
OS=Windows_NT
PROCESSOR_IDENTIFIER=Intel64 Family 6 Model 58 Stepping 9, GenuineIntel



---------------  S Y S T E M  ---------------

OS: Windows 8.1 , 64 bit Build 9600 

CPU:total 4 (2 cores per cpu, 2 threads per core) family 6 model 58 stepping 9, cmov, cx8, fxsr, mmx, sse, sse2, sse3, ssse3, sse4.1, sse4.2, popcnt, avx, aes, clmul, erms, ht, tsc, tscinvbit, tscinv

Memory: 4k page, physical 6148232k(1644776k free), swap 8181760k(146480k free)

vm_info: Java HotSpot(TM) 64-Bit Server VM (25.20-b23) for windows-amd64 JRE (1.8.0_20-b26), built on Jul 30 2014 13:51:23 by "java_re" with MS VC++ 10.0 (VS2010)

time: Fri Mar 17 22:31:26 2017
elapsed time: 0 seconds (0d 0h 0m 0s)

