#
# There is insufficient memory for the Java Runtime Environment to continue.
# Native memory allocation (malloc) failed to allocate 33554448 bytes for Chunk::new
# Possible reasons:
#   The system is out of physical RAM or swap space
#   In 32 bit mode, the process size limit was hit
# Possible solutions:
#   Reduce memory load on the system
#   Increase physical memory or swap space
#   Check if swap backing store is full
#   Use 64 bit Java on a 64 bit OS
#   Decrease Java heap size (-Xmx/-Xms)
#   Decrease number of Java threads
#   Decrease Java thread stack sizes (-Xss)
#   Set larger code cache with -XX:ReservedCodeCacheSize=
# This output file may be truncated or incomplete.
#
#  Out of Memory Error (allocation.cpp:390), pid=13432, tid=10944
#
# JRE version: Java(TM) SE Runtime Environment (8.0_20-b26) (build 1.8.0_20-b26)
# Java VM: Java HotSpot(TM) 64-Bit Server VM (25.20-b23 mixed mode windows-amd64 compressed oops)
# Failed to write core dump. Minidumps are not enabled by default on client versions of Windows
#

---------------  T H R E A D  ---------------

Current thread (0x0000000015a2f800):  JavaThread "C2 CompilerThread1" daemon [_thread_in_native, id=10944, stack(0x0000000017480000,0x0000000017580000)]

Stack: [0x0000000017480000,0x0000000017580000]
Native frames: (J=compiled Java code, j=interpreted, Vv=VM code, C=native code)
V  [jvm.dll+0x3152fa]
V  [jvm.dll+0x265d03]
V  [jvm.dll+0x266943]
V  [jvm.dll+0x25e265]
V  [jvm.dll+0xbe255]
V  [jvm.dll+0xbe6fc]
V  [jvm.dll+0xf3878]
V  [jvm.dll+0x45df30]
V  [jvm.dll+0x45e1ea]
V  [jvm.dll+0x45f0cf]
V  [jvm.dll+0x46147a]
V  [jvm.dll+0x4635c5]
V  [jvm.dll+0x463f4c]
V  [jvm.dll+0x464293]
V  [jvm.dll+0x451093]
V  [jvm.dll+0x452634]
V  [jvm.dll+0x435fc2]
V  [jvm.dll+0x97b62]
V  [jvm.dll+0x98353]
V  [jvm.dll+0x22aac4]
V  [jvm.dll+0x283f5a]
C  [msvcr100.dll+0x21d9f]
C  [msvcr100.dll+0x21e3b]
C  [KERNEL32.DLL+0x18102]
C  [ntdll.dll+0x5c5b4]


Current CompileTask:
C2:   9024 1893   !   4       com.android.dx.cf.code.Ropper::processBlock (1101 bytes)


---------------  P R O C E S S  ---------------

Java Threads: ( => current thread )
  0x00000000170e3000 JavaThread "Service Thread" daemon [_thread_blocked, id=13860, stack(0x0000000017680000,0x0000000017780000)]
  0x00000000170de000 JavaThread "C1 CompilerThread2" daemon [_thread_blocked, id=10136, stack(0x0000000017580000,0x0000000017680000)]
=>0x0000000015a2f800 JavaThread "C2 CompilerThread1" daemon [_thread_in_native, id=10944, stack(0x0000000017480000,0x0000000017580000)]
  0x0000000015a2e000 JavaThread "C2 CompilerThread0" daemon [_thread_in_native, id=10152, stack(0x0000000016f80000,0x0000000017080000)]
  0x0000000015a7d800 JavaThread "Attach Listener" daemon [_thread_blocked, id=1180, stack(0x0000000016e80000,0x0000000016f80000)]
  0x0000000015a7c800 JavaThread "Signal Dispatcher" daemon [_thread_blocked, id=13192, stack(0x0000000016d80000,0x0000000016e80000)]
  0x0000000003340000 JavaThread "Finalizer" daemon [_thread_blocked, id=13032, stack(0x0000000016c80000,0x0000000016d80000)]
  0x000000000333d000 JavaThread "Reference Handler" daemon [_thread_blocked, id=11496, stack(0x0000000016b80000,0x0000000016c80000)]
  0x000000000314e800 JavaThread "main" [_thread_in_Java, id=7876, stack(0x0000000003150000,0x0000000003250000)]

Other Threads:
  0x00000000159e5000 VMThread [stack: 0x0000000016a80000,0x0000000016b80000] [id=12672]
  0x00000000170e5000 WatcherThread [stack: 0x0000000017780000,0x0000000017880000] [id=11924]

VM state:not at safepoint (normal execution)

VM Mutex/Monitor currently owned by a thread: None

Heap:
 PSYoungGen      total 109056K, used 37099K [0x00000000eab00000, 0x00000000f8f00000, 0x0000000100000000)
  eden space 96768K, 25% used [0x00000000eab00000,0x00000000ec33c690,0x00000000f0980000)
  from space 12288K, 99% used [0x00000000f0980000,0x00000000f157e6e0,0x00000000f1580000)
  to   space 19968K, 0% used [0x00000000f7b80000,0x00000000f7b80000,0x00000000f8f00000)
 ParOldGen       total 64512K, used 34325K [0x00000000c0000000, 0x00000000c3f00000, 0x00000000eab00000)
  object space 64512K, 53% used [0x00000000c0000000,0x00000000c2185530,0x00000000c3f00000)
 Metaspace       used 6635K, capacity 7448K, committed 7680K, reserved 1056768K
  class space    used 625K, capacity 656K, committed 768K, reserved 1048576K

Card table byte_map: [0x0000000012710000,0x0000000012920000] byte_map_base: 0x0000000012110000

Marking Bits: (ParMarkBitMap*) 0x000000005c32b460
 Begin Bits: [0x0000000012e80000, 0x0000000013e80000)
 End Bits:   [0x0000000013e80000, 0x0000000014e80000)

Polling page: 0x0000000001220000

CodeCache: size=245760Kb used=9201Kb max_used=9209Kb free=236558Kb
 bounds [0x0000000003350000, 0x0000000003c60000, 0x0000000012350000]
 total_blobs=2495 nmethods=2230 adapters=178
 compilation: enabled

Compilation events (10 events):
Event: 8.969 Thread 0x00000000170de000 2285       3       com.android.dx.dex.code.DalvInsn::makeMove (153 bytes)
Event: 8.970 Thread 0x00000000170de000 nmethod 2285 0x0000000003c45bd0 code [0x0000000003c45ec0, 0x0000000003c478e8]
Event: 8.971 Thread 0x00000000170de000 2286       3       com.android.dx.rop.code.RegisterSpecSet::getMaxSize (6 bytes)
Event: 8.971 Thread 0x00000000170de000 nmethod 2286 0x0000000003c43dd0 code [0x0000000003c43f20, 0x0000000003c44070]
Event: 8.972 Thread 0x00000000170de000 2287       2       java.util.Arrays::equals (78 bytes)
Event: 8.972 Thread 0x00000000170de000 nmethod 2287 0x0000000003c43850 code [0x0000000003c439c0, 0x0000000003c43c68]
Event: 8.980 Thread 0x00000000170de000 2288       1       com.android.dx.rop.cst.CstLiteral32::fitsInInt (2 bytes)
Event: 8.980 Thread 0x00000000170de000 nmethod 2288 0x0000000003c43590 code [0x0000000003c436e0, 0x0000000003c437f0]
Event: 8.983 Thread 0x00000000170de000 2289       3       com.android.dx.dex.code.InsnFormat::signedFitsInByte (12 bytes)
Event: 8.983 Thread 0x00000000170de000 nmethod 2289 0x0000000003c43210 code [0x0000000003c43360, 0x0000000003c434f0]

GC Heap History (10 events):
Event: 1.920 GC heap before
{Heap before GC invocations=3 (full 0):
 PSYoungGen      total 28160K, used 28149K [0x00000000eab00000, 0x00000000ee200000, 0x0000000100000000)
  eden space 24576K, 100% used [0x00000000eab00000,0x00000000ec300000,0x00000000ec300000)
  from space 3584K, 99% used [0x00000000ec680000,0x00000000ec9fd618,0x00000000eca00000)
  to   space 3584K, 0% used [0x00000000ec300000,0x00000000ec300000,0x00000000ec680000)
 ParOldGen       total 64512K, used 6283K [0x00000000c0000000, 0x00000000c3f00000, 0x00000000eab00000)
  object space 64512K, 9% used [0x00000000c0000000,0x00000000c0622d58,0x00000000c3f00000)
 Metaspace       used 6138K, capacity 7090K, committed 7296K, reserved 1056768K
  class space    used 603K, capacity 618K, committed 640K, reserved 1048576K
Event: 1.956 GC heap after
Heap after GC invocations=3 (full 0):
 PSYoungGen      total 28160K, used 3570K [0x00000000eab00000, 0x00000000ee200000, 0x0000000100000000)
  eden space 24576K, 0% used [0x00000000eab00000,0x00000000eab00000,0x00000000ec300000)
  from space 3584K, 99% used [0x00000000ec300000,0x00000000ec67ca58,0x00000000ec680000)
  to   space 3584K, 0% used [0x00000000ede80000,0x00000000ede80000,0x00000000ee200000)
 ParOldGen       total 64512K, used 10271K [0x00000000c0000000, 0x00000000c3f00000, 0x00000000eab00000)
  object space 64512K, 15% used [0x00000000c0000000,0x00000000c0a07c60,0x00000000c3f00000)
 Metaspace       used 6138K, capacity 7090K, committed 7296K, reserved 1056768K
  class space    used 603K, capacity 618K, committed 640K, reserved 1048576K
}
Event: 2.227 GC heap before
{Heap before GC invocations=4 (full 0):
 PSYoungGen      total 28160K, used 28146K [0x00000000eab00000, 0x00000000ee200000, 0x0000000100000000)
  eden space 24576K, 100% used [0x00000000eab00000,0x00000000ec300000,0x00000000ec300000)
  from space 3584K, 99% used [0x00000000ec300000,0x00000000ec67ca58,0x00000000ec680000)
  to   space 3584K, 0% used [0x00000000ede80000,0x00000000ede80000,0x00000000ee200000)
 ParOldGen       total 64512K, used 10271K [0x00000000c0000000, 0x00000000c3f00000, 0x00000000eab00000)
  object space 64512K, 15% used [0x00000000c0000000,0x00000000c0a07c60,0x00000000c3f00000)
 Metaspace       used 6182K, capacity 7090K, committed 7296K, reserved 1056768K
  class space    used 603K, capacity 618K, committed 640K, reserved 1048576K
Event: 2.255 GC heap after
Heap after GC invocations=4 (full 0):
 PSYoungGen      total 52736K, used 3571K [0x00000000eab00000, 0x00000000ee200000, 0x0000000100000000)
  eden space 49152K, 0% used [0x00000000eab00000,0x00000000eab00000,0x00000000edb00000)
  from space 3584K, 99% used [0x00000000ede80000,0x00000000ee1fcd50,0x00000000ee200000)
  to   space 3584K, 0% used [0x00000000edb00000,0x00000000edb00000,0x00000000ede80000)
 ParOldGen       total 64512K, used 14072K [0x00000000c0000000, 0x00000000c3f00000, 0x00000000eab00000)
  object space 64512K, 21% used [0x00000000c0000000,0x00000000c0dbe280,0x00000000c3f00000)
 Metaspace       used 6182K, capacity 7090K, committed 7296K, reserved 1056768K
  class space    used 603K, capacity 618K, committed 640K, reserved 1048576K
}
Event: 2.764 GC heap before
{Heap before GC invocations=5 (full 0):
 PSYoungGen      total 52736K, used 52723K [0x00000000eab00000, 0x00000000ee200000, 0x0000000100000000)
  eden space 49152K, 100% used [0x00000000eab00000,0x00000000edb00000,0x00000000edb00000)
  from space 3584K, 99% used [0x00000000ede80000,0x00000000ee1fcd50,0x00000000ee200000)
  to   space 3584K, 0% used [0x00000000edb00000,0x00000000edb00000,0x00000000ede80000)
 ParOldGen       total 64512K, used 14072K [0x00000000c0000000, 0x00000000c3f00000, 0x00000000eab00000)
  object space 64512K, 21% used [0x00000000c0000000,0x00000000c0dbe280,0x00000000c3f00000)
 Metaspace       used 6242K, capacity 7154K, committed 7296K, reserved 1056768K
  class space    used 604K, capacity 618K, committed 640K, reserved 1048576K
Event: 2.783 GC heap after
Heap after GC invocations=5 (full 0):
 PSYoungGen      total 52736K, used 3567K [0x00000000eab00000, 0x00000000f2000000, 0x0000000100000000)
  eden space 49152K, 0% used [0x00000000eab00000,0x00000000eab00000,0x00000000edb00000)
  from space 3584K, 99% used [0x00000000edb00000,0x00000000ede7be48,0x00000000ede80000)
  to   space 10752K, 0% used [0x00000000f1580000,0x00000000f1580000,0x00000000f2000000)
 ParOldGen       total 64512K, used 21473K [0x00000000c0000000, 0x00000000c3f00000, 0x00000000eab00000)
  object space 64512K, 33% used [0x00000000c0000000,0x00000000c14f8648,0x00000000c3f00000)
 Metaspace       used 6242K, capacity 7154K, committed 7296K, reserved 1056768K
  class space    used 604K, capacity 618K, committed 640K, reserved 1048576K
}
Event: 3.236 GC heap before
{Heap before GC invocations=6 (full 0):
 PSYoungGen      total 52736K, used 52719K [0x00000000eab00000, 0x00000000f2000000, 0x0000000100000000)
  eden space 49152K, 100% used [0x00000000eab00000,0x00000000edb00000,0x00000000edb00000)
  from space 3584K, 99% used [0x00000000edb00000,0x00000000ede7be48,0x00000000ede80000)
  to   space 10752K, 0% used [0x00000000f1580000,0x00000000f1580000,0x00000000f2000000)
 ParOldGen       total 64512K, used 21473K [0x00000000c0000000, 0x00000000c3f00000, 0x00000000eab00000)
  object space 64512K, 33% used [0x00000000c0000000,0x00000000c14f8648,0x00000000c3f00000)
 Metaspace       used 6258K, capacity 7154K, committed 7296K, reserved 1056768K
  class space    used 604K, capacity 618K, committed 640K, reserved 1048576K
Event: 3.281 GC heap after
Heap after GC invocations=6 (full 0):
 PSYoungGen      total 107520K, used 10617K [0x00000000eab00000, 0x00000000f2300000, 0x0000000100000000)
  eden space 96768K, 0% used [0x00000000eab00000,0x00000000eab00000,0x00000000f0980000)
  from space 10752K, 98% used [0x00000000f1580000,0x00000000f1fde410,0x00000000f2000000)
  to   space 12288K, 0% used [0x00000000f0980000,0x00000000f0980000,0x00000000f1580000)
 ParOldGen       total 64512K, used 21473K [0x00000000c0000000, 0x00000000c3f00000, 0x00000000eab00000)
  object space 64512K, 33% used [0x00000000c0000000,0x00000000c14f8648,0x00000000c3f00000)
 Metaspace       used 6258K, capacity 7154K, committed 7296K, reserved 1056768K
  class space    used 604K, capacity 618K, committed 640K, reserved 1048576K
}
Event: 4.892 GC heap before
{Heap before GC invocations=7 (full 0):
 PSYoungGen      total 107520K, used 107385K [0x00000000eab00000, 0x00000000f2300000, 0x0000000100000000)
  eden space 96768K, 100% used [0x00000000eab00000,0x00000000f0980000,0x00000000f0980000)
  from space 10752K, 98% used [0x00000000f1580000,0x00000000f1fde410,0x00000000f2000000)
  to   space 12288K, 0% used [0x00000000f0980000,0x00000000f0980000,0x00000000f1580000)
 ParOldGen       total 64512K, used 21473K [0x00000000c0000000, 0x00000000c3f00000, 0x00000000eab00000)
  object space 64512K, 33% used [0x00000000c0000000,0x00000000c14f8648,0x00000000c3f00000)
 Metaspace       used 6316K, capacity 7154K, committed 7296K, reserved 1056768K
  class space    used 604K, capacity 618K, committed 640K, reserved 1048576K
Event: 5.698 GC heap after
Heap after GC invocations=7 (full 0):
 PSYoungGen      total 109056K, used 12281K [0x00000000eab00000, 0x00000000f8f00000, 0x0000000100000000)
  eden space 96768K, 0% used [0x00000000eab00000,0x00000000eab00000,0x00000000f0980000)
  from space 12288K, 99% used [0x00000000f0980000,0x00000000f157e6e0,0x00000000f1580000)
  to   space 19968K, 0% used [0x00000000f7b80000,0x00000000f7b80000,0x00000000f8f00000)
 ParOldGen       total 64512K, used 34325K [0x00000000c0000000, 0x00000000c3f00000, 0x00000000eab00000)
  object space 64512K, 53% used [0x00000000c0000000,0x00000000c2185530,0x00000000c3f00000)
 Metaspace       used 6316K, capacity 7154K, committed 7296K, reserved 1056768K
  class space    used 604K, capacity 618K, committed 640K, reserved 1048576K
}

Deoptimization events (10 events):
Event: 8.476 Thread 0x000000000314e800 Uncommon trap: reason=unreached action=reinterpret pc=0x0000000003b75aa8 method=com.android.dx.dex.code.OutputFinisher.addConstants(Ljava/util/HashSet;Lcom/android/dx/rop/code/RegisterSpec;)V @ 57
Event: 8.532 Thread 0x000000000314e800 Uncommon trap: reason=null_check action=make_not_entrant pc=0x0000000003b8f284 method=com.android.dx.dex.file.TypeIdsSection.intern(Lcom/android/dx/rop/cst/CstType;)Lcom/android/dx/dex/file/TypeIdItem; @ 31
Event: 8.779 Thread 0x000000000314e800 Uncommon trap: reason=speculate_class_check action=maybe_recompile pc=0x000000000370c6b0 method=com.android.dx.util.FixedSizeList.equals(Ljava/lang/Object;)Z @ 25
Event: 8.840 Thread 0x000000000314e800 Uncommon trap: reason=speculate_class_check action=maybe_recompile pc=0x000000000370c6b0 method=com.android.dx.util.FixedSizeList.equals(Ljava/lang/Object;)Z @ 25
Event: 8.840 Thread 0x000000000314e800 Uncommon trap: reason=class_check action=maybe_recompile pc=0x00000000036a2370 method=java.util.Arrays.equals([Ljava/lang/Object;[Ljava/lang/Object;)Z @ 62
Event: 8.840 Thread 0x000000000314e800 Uncommon trap: reason=speculate_class_check action=maybe_recompile pc=0x000000000370c6b0 method=com.android.dx.util.FixedSizeList.equals(Ljava/lang/Object;)Z @ 25
Event: 8.840 Thread 0x000000000314e800 Uncommon trap: reason=class_check action=maybe_recompile pc=0x00000000036a2370 method=java.util.Arrays.equals([Ljava/lang/Object;[Ljava/lang/Object;)Z @ 62
Event: 8.840 Thread 0x000000000314e800 Uncommon trap: reason=speculate_class_check action=maybe_recompile pc=0x000000000370c6b0 method=com.android.dx.util.FixedSizeList.equals(Ljava/lang/Object;)Z @ 25
Event: 8.840 Thread 0x000000000314e800 Uncommon trap: reason=class_check action=maybe_recompile pc=0x00000000036a2370 method=java.util.Arrays.equals([Ljava/lang/Object;[Ljava/lang/Object;)Z @ 62
Event: 8.840 Thread 0x000000000314e800 Uncommon trap: reason=class_check action=maybe_recompile pc=0x00000000036a2370 method=java.util.Arrays.equals([Ljava/lang/Object;[Ljava/lang/Object;)Z @ 62

Internal exceptions (10 events):
Event: 8.758 Thread 0x000000000314e800 Exception <a 'java/security/PrivilegedActionException'> (0x00000000ec060060) thrown at [D:\re\workspace\8-2-build-windows-amd64-cygwin\jdk8u20\1074\hotspot\src\share\vm\prims\jvm.cpp, line 1275]
Event: 8.759 Thread 0x000000000314e800 Exception <a 'java/security/PrivilegedActionException'> (0x00000000ec065148) thrown at [D:\re\workspace\8-2-build-windows-amd64-cygwin\jdk8u20\1074\hotspot\src\share\vm\prims\jvm.cpp, line 1275]
Event: 8.761 Thread 0x000000000314e800 Exception <a 'java/security/PrivilegedActionException'> (0x00000000ec06b5e8) thrown at [D:\re\workspace\8-2-build-windows-amd64-cygwin\jdk8u20\1074\hotspot\src\share\vm\prims\jvm.cpp, line 1275]
Event: 8.762 Thread 0x000000000314e800 Exception <a 'java/security/PrivilegedActionException'> (0x00000000ec06e450) thrown at [D:\re\workspace\8-2-build-windows-amd64-cygwin\jdk8u20\1074\hotspot\src\share\vm\prims\jvm.cpp, line 1275]
Event: 8.763 Thread 0x000000000314e800 Exception <a 'java/security/PrivilegedActionException'> (0x00000000ec0731b8) thrown at [D:\re\workspace\8-2-build-windows-amd64-cygwin\jdk8u20\1074\hotspot\src\share\vm\prims\jvm.cpp, line 1275]
Event: 8.769 Thread 0x000000000314e800 Exception <a 'java/security/PrivilegedActionException'> (0x00000000ec0777a8) thrown at [D:\re\workspace\8-2-build-windows-amd64-cygwin\jdk8u20\1074\hotspot\src\share\vm\prims\jvm.cpp, line 1275]
Event: 8.778 Thread 0x000000000314e800 Exception <a 'java/security/PrivilegedActionException'> (0x00000000ec0885f0) thrown at [D:\re\workspace\8-2-build-windows-amd64-cygwin\jdk8u20\1074\hotspot\src\share\vm\prims\jvm.cpp, line 1275]
Event: 8.779 Thread 0x000000000314e800 Exception <a 'java/security/PrivilegedActionException'> (0x00000000ec08b4c0) thrown at [D:\re\workspace\8-2-build-windows-amd64-cygwin\jdk8u20\1074\hotspot\src\share\vm\prims\jvm.cpp, line 1275]
Event: 8.780 Thread 0x000000000314e800 Exception <a 'java/security/PrivilegedActionException'> (0x00000000ec08e560) thrown at [D:\re\workspace\8-2-build-windows-amd64-cygwin\jdk8u20\1074\hotspot\src\share\vm\prims\jvm.cpp, line 1275]
Event: 8.785 Thread 0x000000000314e800 Exception <a 'java/security/PrivilegedActionException'> (0x00000000ec09eea0) thrown at [D:\re\workspace\8-2-build-windows-amd64-cygwin\jdk8u20\1074\hotspot\src\share\vm\prims\jvm.cpp, line 1275]

Events (10 events):
Event: 8.840 Thread 0x000000000314e800 DEOPT UNPACKING pc=0x000000000339556a sp=0x000000000324e8f0 mode 2
Event: 8.840 Thread 0x000000000314e800 Uncommon trap: trap_request=0xffffff76 fr.pc=0x000000000370c6b0
Event: 8.840 Thread 0x000000000314e800 DEOPT PACKING pc=0x000000000370c6b0 sp=0x000000000324e9c0
Event: 8.840 Thread 0x000000000314e800 DEOPT UNPACKING pc=0x000000000339556a sp=0x000000000324e980 mode 2
Event: 8.840 Thread 0x000000000314e800 Uncommon trap: trap_request=0xffffffde fr.pc=0x00000000036a2370
Event: 8.840 Thread 0x000000000314e800 DEOPT PACKING pc=0x00000000036a2370 sp=0x000000000324e950
Event: 8.840 Thread 0x000000000314e800 DEOPT UNPACKING pc=0x000000000339556a sp=0x000000000324e8f0 mode 2
Event: 8.840 Thread 0x000000000314e800 Uncommon trap: trap_request=0xffffffde fr.pc=0x00000000036a2370
Event: 8.840 Thread 0x000000000314e800 DEOPT PACKING pc=0x00000000036a2370 sp=0x000000000324e950
Event: 8.840 Thread 0x000000000314e800 DEOPT UNPACKING pc=0x000000000339556a sp=0x000000000324e8f0 mode 2


Dynamic libraries:
0x00007ff7e4570000 - 0x00007ff7e45a4000 	D:\java\jdk1.8.0_20\bin\java.exe
0x00007fff68330000 - 0x00007fff684f1000 	C:\WINDOWS\SYSTEM32\ntdll.dll
0x00007fff67dd0000 - 0x00007fff67e7d000 	C:\WINDOWS\system32\KERNEL32.DLL
0x00007fff64e20000 - 0x00007fff65008000 	C:\WINDOWS\system32\KERNELBASE.dll
0x00007fff65d50000 - 0x00007fff65df7000 	C:\WINDOWS\system32\ADVAPI32.dll
0x00007fff660a0000 - 0x00007fff6613d000 	C:\WINDOWS\system32\msvcrt.dll
0x00007fff65e00000 - 0x00007fff65e5b000 	C:\WINDOWS\system32\sechost.dll
0x00007fff66140000 - 0x00007fff6625c000 	C:\WINDOWS\system32\RPCRT4.dll
0x00007fff68180000 - 0x00007fff682d6000 	C:\WINDOWS\system32\USER32.dll
0x00007fff65e60000 - 0x00007fff65fe6000 	C:\WINDOWS\system32\GDI32.dll
0x00007fff5f560000 - 0x00007fff5f7d4000 	C:\WINDOWS\WinSxS\amd64_microsoft.windows.common-controls_6595b64144ccf1df_6.0.10586.672_none_a2d6b3cea53ff843\COMCTL32.dll
0x00007fff67ae0000 - 0x00007fff67d5d000 	C:\WINDOWS\system32\combase.dll
0x00007fff64d00000 - 0x00007fff64d6a000 	C:\WINDOWS\system32\bcryptPrimitives.dll
0x00007fff682e0000 - 0x00007fff6831b000 	C:\WINDOWS\system32\IMM32.DLL
0x00007fff64820000 - 0x00007fff64851000 	C:\Windows\system32\nvinitx.dll
0x00007fff64810000 - 0x00007fff6481a000 	C:\WINDOWS\SYSTEM32\VERSION.dll
0x000000005c3b0000 - 0x000000005c482000 	D:\java\jdk1.8.0_20\jre\bin\msvcr100.dll
0x000000005bb50000 - 0x000000005c3a8000 	D:\java\jdk1.8.0_20\jre\bin\server\jvm.dll
0x00007fff68320000 - 0x00007fff68328000 	C:\WINDOWS\system32\PSAPI.DLL
0x00007fff56510000 - 0x00007fff56519000 	C:\WINDOWS\SYSTEM32\WSOCK32.dll
0x00007fff62ed0000 - 0x00007fff62ef3000 	C:\WINDOWS\SYSTEM32\WINMM.dll
0x00007fff67d60000 - 0x00007fff67dcb000 	C:\WINDOWS\system32\WS2_32.dll
0x00007fff62cb0000 - 0x00007fff62cdc000 	C:\WINDOWS\SYSTEM32\WINMMBASE.dll
0x00007fff656c0000 - 0x00007fff65703000 	C:\WINDOWS\system32\cfgmgr32.dll
0x000000005d000000 - 0x000000005d00f000 	D:\java\jdk1.8.0_20\jre\bin\verify.dll
0x000000005bb20000 - 0x000000005bb48000 	D:\java\jdk1.8.0_20\jre\bin\java.dll
0x000000005bb00000 - 0x000000005bb16000 	D:\java\jdk1.8.0_20\jre\bin\zip.dll
0x00007fff664b0000 - 0x00007fff67a0c000 	C:\WINDOWS\system32\SHELL32.dll
0x00007fff65010000 - 0x00007fff65655000 	C:\WINDOWS\system32\windows.storage.dll
0x00007fff66280000 - 0x00007fff662d2000 	C:\WINDOWS\system32\shlwapi.dll
0x00007fff649a0000 - 0x00007fff649af000 	C:\WINDOWS\system32\kernel.appcore.dll
0x00007fff64c40000 - 0x00007fff64cf5000 	C:\WINDOWS\system32\shcore.dll
0x00007fff64950000 - 0x00007fff6499b000 	C:\WINDOWS\system32\powrprof.dll
0x00007fff64930000 - 0x00007fff64944000 	C:\WINDOWS\system32\profapi.dll
0x00007fff55b80000 - 0x00007fff55d0c000 	C:\WINDOWS\SYSTEM32\dbghelp.dll

VM Arguments:
jvm_args: -Djava.awt.headless=true -Xmx1024M -Dfile.encoding=GBK -Duser.country=CN -Duser.language=zh -Duser.variant 
java_command: com.android.dx.command.Main --dex --num-threads=4 --output E:\works\icute\android\app\build\intermediates\pre-dexed\debug\com.android.support-appcompat-v7-23.0.1_cce98b5b3d75aa41da30820eb2f1970844ee88d4.jar E:\works\icute\android\app\build\intermediates\exploded-aar\com.android.support\appcompat-v7\23.0.1\jars\classes.jar
java_class_path (initial): D:\andriodStduio\sdk\build-tools\23.0.1\lib\dx.jar
Launcher Type: SUN_STANDARD

Environment Variables:
JAVA_HOME=D:\java\jdk1.8.0_20
CLASSPATH=.;D:\java\jdk1.8.0_20\lib\dt.jar;D:\java\jdk1.8.0_20\lib\tools.jar;D:\apache-tomcat-7.0.65-windows-x64\apache-tomcat-7.0.65\lib\servlet-api.jar;D:\apache-tomcat-7.0.65-windows-x64\apache-tomcat-7.0.65\lib\jsp-api.jar;D:\eclipse_javaEE\lib\Aspectj\install\lib\aspectjrt.jar
PATH=C:\ProgramData\Oracle\Java\javapath;D:\java\jdk1.8.0_20\bin;D:\java\jdk1.8.0_20\jre\binC:\WINDOWS\system32;C:\WINDOWS;C:\WINDOWS\System32\Wbem;C:\WINDOWS\System32\WindowsPowerShell\v1.0\;C:\Program Files\Microsoft SQL Server\110\Tools\Binn\;C:\Program Files (x86)\Microsoft SDKs\TypeScript\1.0\;D:\MATLAB\bin\win32;C:\Windows\System32;C:\Program Files\Intel\WiFi\bin\;C:\Program Files\Common Files\Intel\WirelessCommon\;D:\java\jdk1.8.0_20\bin;D:\;amp\wamp\bin\mysql\mysql5.5.20\bin;D:\python2.7.10\install;D:\wamp\wamp\bin\mysql\mysql5.5.20\bin;D:\python2.7.10\install\Scripts;C:\mongodb\bin;D:\nodejs\nvmw;D:\svn\bin;D:\scala\install\bin;D:\sbt\install\\bin;D:\sbt\install\bin;D:\git\Git\bin;D:\ant\apache-ant-1.9.6/bin;D:\curl;D:\wamp\wamp\bin\php\php5.3.10;D:\wamp\wamp\bin\php\php5.5.12;C:\ProgramData\ComposerSetup\bin;C:\Users\Administrator\AppData\Roaming\Composer\Vendor\bin;D:\OCR\install\Tesseract-OCR;C:\WINDOWS\system32;C:\Program Files (x86)\Windows Kits\10\Windows Performance Toolkit\;D:\makeForWin\GnuWin32\bin;D:\eclipse_javaEE\lib\Aspectj\install\bin;D:\maven\apache-maven-3.3.9\bin;D:\php\php-5.6.21-Win32-VC11-x64;D:\php\php-5.6.21-Win32-VC11-x64\ext;D:\mysql\mysql-5.6.24-winx64\bin;D:\andriodStduio\sdk\tools;D:\andriodStduio\sdk\platform-tools;D:\nmap\nmap-7.31;D:\nodejs\nvmw\v6.2.0\;D:\cocos2d-x\templates;D:\cocos2d-x\tools\cocos2d-console\bin;C:\Program Files\Intel\WiFi\bin\;C:\Program Files\Common Files\Intel\WirelessCommon\;D:\vscode\install\Microsoft VS Code\bin;C:\Users\Administrator\AppData\Roaming\npm
USERNAME=Administrator
OS=Windows_NT
PROCESSOR_IDENTIFIER=Intel64 Family 6 Model 58 Stepping 9, GenuineIntel



---------------  S Y S T E M  ---------------

OS: Windows 8.1 , 64 bit Build 9600 

CPU:total 4 (2 cores per cpu, 2 threads per core) family 6 model 58 stepping 9, cmov, cx8, fxsr, mmx, sse, sse2, sse3, ssse3, sse4.1, sse4.2, popcnt, avx, aes, clmul, erms, ht, tsc, tscinvbit, tscinv

Memory: 4k page, physical 6148232k(605788k free), swap 8181760k(10004k free)

vm_info: Java HotSpot(TM) 64-Bit Server VM (25.20-b23) for windows-amd64 JRE (1.8.0_20-b26), built on Jul 30 2014 13:51:23 by "java_re" with MS VC++ 10.0 (VS2010)

time: Fri Mar 17 22:27:40 2017
elapsed time: 9 seconds (0d 0h 0m 9s)

