#
# There is insufficient memory for the Java Runtime Environment to continue.
# Native memory allocation (malloc) failed to allocate 262160 bytes for Chunk::new
# Possible reasons:
#   The system is out of physical RAM or swap space
#   In 32 bit mode, the process size limit was hit
# Possible solutions:
#   Reduce memory load on the system
#   Increase physical memory or swap space
#   Check if swap backing store is full
#   Use 64 bit Java on a 64 bit OS
#   Decrease Java heap size (-Xmx/-Xms)
#   Decrease number of Java threads
#   Decrease Java thread stack sizes (-Xss)
#   Set larger code cache with -XX:ReservedCodeCacheSize=
# This output file may be truncated or incomplete.
#
#  Out of Memory Error (allocation.cpp:390), pid=5392, tid=3140
#
# JRE version: Java(TM) SE Runtime Environment (8.0_20-b26) (build 1.8.0_20-b26)
# Java VM: Java HotSpot(TM) 64-Bit Server VM (25.20-b23 mixed mode windows-amd64 compressed oops)
# Failed to write core dump. Minidumps are not enabled by default on client versions of Windows
#

---------------  T H R E A D  ---------------

Current thread (0x0000000016a3d800):  JavaThread "C2 CompilerThread1" daemon [_thread_in_native, id=3140, stack(0x0000000016df0000,0x0000000016ef0000)]

Stack: [0x0000000016df0000,0x0000000016ef0000]
Native frames: (J=compiled Java code, j=interpreted, Vv=VM code, C=native code)
V  [jvm.dll+0x3152fa]
V  [jvm.dll+0x265d03]
V  [jvm.dll+0x266943]
V  [jvm.dll+0x25e265]
V  [jvm.dll+0xbe255]
V  [jvm.dll+0xbe6fc]
V  [jvm.dll+0xbe9a4]
V  [jvm.dll+0x4e4e30]
V  [jvm.dll+0x49da16]
V  [jvm.dll+0x451911]
V  [jvm.dll+0x452634]
V  [jvm.dll+0x435fc2]
V  [jvm.dll+0x97b62]
V  [jvm.dll+0x98353]
V  [jvm.dll+0x22aac4]
V  [jvm.dll+0x283f5a]
C  [msvcr100.dll+0x21d9f]
C  [msvcr100.dll+0x21e3b]
C  [KERNEL32.DLL+0x18102]
C  [ntdll.dll+0x5c5b4]


Current CompileTask:
C2:   9364 1552   !   4       com.android.dx.cf.code.BytecodeArray::parseInstruction (2764 bytes)


---------------  P R O C E S S  ---------------

Java Threads: ( => current thread )
  0x0000000016b5b800 JavaThread "pool-1-thread-2" [_thread_in_Java, id=12700, stack(0x00000000173f0000,0x00000000174f0000)]
  0x0000000016b5a000 JavaThread "pool-2-thread-1" [_thread_blocked, id=13576, stack(0x00000000172f0000,0x00000000173f0000)]
  0x0000000016a4a000 JavaThread "Service Thread" daemon [_thread_blocked, id=6160, stack(0x0000000016ff0000,0x00000000170f0000)]
  0x0000000016a43800 JavaThread "C1 CompilerThread2" daemon [_thread_blocked, id=13052, stack(0x0000000016ef0000,0x0000000016ff0000)]
=>0x0000000016a3d800 JavaThread "C2 CompilerThread1" daemon [_thread_in_native, id=3140, stack(0x0000000016df0000,0x0000000016ef0000)]
  0x00000000153db800 JavaThread "C2 CompilerThread0" daemon [_thread_blocked, id=12704, stack(0x00000000168f0000,0x00000000169f0000)]
  0x00000000153d9800 JavaThread "Attach Listener" daemon [_thread_blocked, id=11424, stack(0x00000000167f0000,0x00000000168f0000)]
  0x000000001538e000 JavaThread "Signal Dispatcher" daemon [_thread_blocked, id=11660, stack(0x00000000166f0000,0x00000000167f0000)]
  0x0000000002c01800 JavaThread "Finalizer" daemon [_thread_blocked, id=9224, stack(0x00000000165f0000,0x00000000166f0000)]
  0x0000000002bfe000 JavaThread "Reference Handler" daemon [_thread_blocked, id=11792, stack(0x00000000164f0000,0x00000000165f0000)]
  0x0000000002cae800 JavaThread "main" [_thread_blocked, id=1708, stack(0x00000000026a0000,0x00000000027a0000)]

Other Threads:
  0x0000000015345000 VMThread [stack: 0x00000000163f0000,0x00000000164f0000] [id=5868]
  0x0000000016a4c000 WatcherThread [stack: 0x00000000170f0000,0x00000000171f0000] [id=7680]

VM state:synchronizing (normal execution)

VM Mutex/Monitor currently owned by a thread:  ([mutex/lock_event])
[0x0000000002cad720] Safepoint_lock - owner thread: 0x0000000015345000
[0x0000000002cadda0] Threads_lock - owner thread: 0x0000000015345000

Heap:
 PSYoungGen      total 52736K, used 21471K [0x00000000eab00000, 0x00000000ee200000, 0x0000000100000000)
  eden space 49152K, 36% used [0x00000000eab00000,0x00000000ebc7a380,0x00000000edb00000)
  from space 3584K, 99% used [0x00000000ede80000,0x00000000ee1fda78,0x00000000ee200000)
  to   space 3584K, 0% used [0x00000000edb00000,0x00000000edb00000,0x00000000ede80000)
 ParOldGen       total 64512K, used 5299K [0x00000000c0000000, 0x00000000c3f00000, 0x00000000eab00000)
  object space 64512K, 8% used [0x00000000c0000000,0x00000000c052cd40,0x00000000c3f00000)
 Metaspace       used 6098K, capacity 7092K, committed 7296K, reserved 1056768K
  class space    used 601K, capacity 620K, committed 640K, reserved 1048576K

Card table byte_map: [0x0000000012070000,0x0000000012280000] byte_map_base: 0x0000000011a70000

Marking Bits: (ParMarkBitMap*) 0x000000005c32b460
 Begin Bits: [0x00000000127e0000, 0x00000000137e0000)
 End Bits:   [0x00000000137e0000, 0x00000000147e0000)

Polling page: 0x00000000027a0000

CodeCache: size=245760Kb used=6834Kb max_used=6834Kb free=238925Kb
 bounds [0x0000000002cb0000, 0x0000000003370000, 0x0000000011cb0000]
 total_blobs=1824 nmethods=1558 adapters=178
 compilation: enabled

Compilation events (10 events):
Event: 9.139 Thread 0x0000000016a43800 1572       3       com.android.dx.dex.file.AnnotationItem::<init> (41 bytes)
Event: 9.140 Thread 0x0000000016a43800 nmethod 1572 0x0000000003341750 code [0x0000000003341900, 0x0000000003341ef8]
Event: 9.140 Thread 0x0000000016a43800 1573       3       com.android.dx.rop.annotation.Annotation::getNameValuePairs (11 bytes)
Event: 9.140 Thread 0x0000000016a43800 nmethod 1573 0x0000000003340c50 code [0x0000000003340e00, 0x0000000003341428]
Event: 9.141 Thread 0x0000000016a43800 1574       3       com.android.dx.cf.code.Ropper::addSynchExceptionHandlerBlock (206 bytes)
Event: 9.144 Thread 0x0000000016a43800 nmethod 1574 0x00000000033470d0 code [0x0000000003347640, 0x000000000334b1f8]
Event: 9.145 Thread 0x0000000016a43800 1575       3       com.android.dx.cf.code.Ropper::addSetupBlocks (535 bytes)
Event: 9.154 Thread 0x0000000016a43800 nmethod 1575 0x000000000334de90 code [0x000000000334e8e0, 0x00000000033569c8]
Event: 9.155 Thread 0x0000000016a43800 1576  s    3       com.android.dx.dex.file.FieldIdsSection::intern (55 bytes)
Event: 9.156 Thread 0x0000000016a43800 nmethod 1576 0x000000000335d550 code [0x000000000335d760, 0x000000000335e448]

GC Heap History (4 events):
Event: 5.613 GC heap before
{Heap before GC invocations=1 (full 0):
 PSYoungGen      total 28160K, used 24576K [0x00000000eab00000, 0x00000000eca00000, 0x0000000100000000)
  eden space 24576K, 100% used [0x00000000eab00000,0x00000000ec300000,0x00000000ec300000)
  from space 3584K, 0% used [0x00000000ec680000,0x00000000ec680000,0x00000000eca00000)
  to   space 3584K, 0% used [0x00000000ec300000,0x00000000ec300000,0x00000000ec680000)
 ParOldGen       total 64512K, used 0K [0x00000000c0000000, 0x00000000c3f00000, 0x00000000eab00000)
  object space 64512K, 0% used [0x00000000c0000000,0x00000000c0000000,0x00000000c3f00000)
 Metaspace       used 5768K, capacity 6896K, committed 7040K, reserved 1056768K
  class space    used 578K, capacity 616K, committed 640K, reserved 1048576K
Event: 5.936 GC heap after
Heap after GC invocations=1 (full 0):
 PSYoungGen      total 28160K, used 3581K [0x00000000eab00000, 0x00000000ee200000, 0x0000000100000000)
  eden space 24576K, 0% used [0x00000000eab00000,0x00000000eab00000,0x00000000ec300000)
  from space 3584K, 99% used [0x00000000ec300000,0x00000000ec67f698,0x00000000ec680000)
  to   space 3584K, 0% used [0x00000000ede80000,0x00000000ede80000,0x00000000ee200000)
 ParOldGen       total 64512K, used 2113K [0x00000000c0000000, 0x00000000c3f00000, 0x00000000eab00000)
  object space 64512K, 3% used [0x00000000c0000000,0x00000000c0210648,0x00000000c3f00000)
 Metaspace       used 5768K, capacity 6896K, committed 7040K, reserved 1056768K
  class space    used 578K, capacity 616K, committed 640K, reserved 1048576K
}
Event: 7.481 GC heap before
{Heap before GC invocations=2 (full 0):
 PSYoungGen      total 28160K, used 28157K [0x00000000eab00000, 0x00000000ee200000, 0x0000000100000000)
  eden space 24576K, 100% used [0x00000000eab00000,0x00000000ec300000,0x00000000ec300000)
  from space 3584K, 99% used [0x00000000ec300000,0x00000000ec67f698,0x00000000ec680000)
  to   space 3584K, 0% used [0x00000000ede80000,0x00000000ede80000,0x00000000ee200000)
 ParOldGen       total 64512K, used 2113K [0x00000000c0000000, 0x00000000c3f00000, 0x00000000eab00000)
  object space 64512K, 3% used [0x00000000c0000000,0x00000000c0210648,0x00000000c3f00000)
 Metaspace       used 5938K, capacity 7024K, committed 7296K, reserved 1056768K
  class space    used 579K, capacity 616K, committed 640K, reserved 1048576K
Event: 7.854 GC heap after
Heap after GC invocations=2 (full 0):
 PSYoungGen      total 52736K, used 3574K [0x00000000eab00000, 0x00000000ee200000, 0x0000000100000000)
  eden space 49152K, 0% used [0x00000000eab00000,0x00000000eab00000,0x00000000edb00000)
  from space 3584K, 99% used [0x00000000ede80000,0x00000000ee1fda78,0x00000000ee200000)
  to   space 3584K, 0% used [0x00000000edb00000,0x00000000edb00000,0x00000000ede80000)
 ParOldGen       total 64512K, used 5299K [0x00000000c0000000, 0x00000000c3f00000, 0x00000000eab00000)
  object space 64512K, 8% used [0x00000000c0000000,0x00000000c052cd40,0x00000000c3f00000)
 Metaspace       used 5938K, capacity 7024K, committed 7296K, reserved 1056768K
  class space    used 579K, capacity 616K, committed 640K, reserved 1048576K
}

Deoptimization events (10 events):
Event: 5.939 Thread 0x0000000016b5c000 Uncommon trap: reason=bimorphic action=maybe_recompile pc=0x00000000031028f4 method=com.android.dx.cf.code.BytecodeArray.parseInstruction(ILcom/android/dx/cf/code/BytecodeArray$Visitor;)I @ 1130
Event: 5.969 Thread 0x0000000016b5b800 Uncommon trap: reason=null_check action=make_not_entrant pc=0x0000000003036060 method=com.android.dx.rop.type.Type.equals(Ljava/lang/Object;)Z @ 8
Event: 7.064 Thread 0x0000000016c54000 Uncommon trap: reason=bimorphic action=maybe_recompile pc=0x000000000313f8ac method=java.util.HashMap.putVal(ILjava/lang/Object;Ljava/lang/Object;ZZ)Ljava/lang/Object; @ 203
Event: 7.085 Thread 0x0000000016c54000 Uncommon trap: reason=bimorphic action=maybe_recompile pc=0x000000000313f8ac method=java.util.HashMap.putVal(ILjava/lang/Object;Ljava/lang/Object;ZZ)Ljava/lang/Object; @ 203
Event: 7.436 Thread 0x0000000016b5b800 Uncommon trap: reason=unreached action=reinterpret pc=0x0000000003258a78 method=com.android.dx.cf.code.BytecodeArray.parseInstruction(ILcom/android/dx/cf/code/BytecodeArray$Visitor;)I @ 1198
Event: 8.394 Thread 0x0000000016b57800 Uncommon trap: reason=unreached action=reinterpret pc=0x0000000002fe21c8 method=java.util.HashMap.getNode(ILjava/lang/Object;)Ljava/util/HashMap$Node; @ 84
Event: 8.395 Thread 0x0000000016b57800 Uncommon trap: reason=unreached action=reinterpret pc=0x000000000306ec18 method=java.util.HashMap.getNode(ILjava/lang/Object;)Ljava/util/HashMap$Node; @ 84
Event: 8.395 Thread 0x0000000016b57800 Uncommon trap: reason=unreached action=reinterpret pc=0x00000000031218ec method=java.util.HashMap.getNode(ILjava/lang/Object;)Ljava/util/HashMap$Node; @ 84
Event: 8.910 Thread 0x0000000016b5b800 Uncommon trap: reason=bimorphic action=maybe_recompile pc=0x000000000313f8ac method=java.util.HashMap.putVal(ILjava/lang/Object;Ljava/lang/Object;ZZ)Ljava/lang/Object; @ 203
Event: 9.015 Thread 0x0000000016b5b800 Uncommon trap: reason=bimorphic action=maybe_recompile pc=0x000000000313f8ac method=java.util.HashMap.putVal(ILjava/lang/Object;Ljava/lang/Object;ZZ)Ljava/lang/Object; @ 203

Internal exceptions (10 events):
Event: 3.494 Thread 0x0000000016c54000 Exception <a 'java/security/PrivilegedActionException'> (0x00000000eb2f0640) thrown at [D:\re\workspace\8-2-build-windows-amd64-cygwin\jdk8u20\1074\hotspot\src\share\vm\prims\jvm.cpp, line 1275]
Event: 3.511 Thread 0x0000000016b5c000 Exception <a 'java/security/PrivilegedActionException'> (0x00000000eb391ef8) thrown at [D:\re\workspace\8-2-build-windows-amd64-cygwin\jdk8u20\1074\hotspot\src\share\vm\prims\jvm.cpp, line 1275]
Event: 3.512 Thread 0x0000000016b57800 Exception <a 'java/security/PrivilegedActionException'> (0x00000000eb4f1e78) thrown at [D:\re\workspace\8-2-build-windows-amd64-cygwin\jdk8u20\1074\hotspot\src\share\vm\prims\jvm.cpp, line 1275]
Event: 3.530 Thread 0x0000000016b5b800 Exception <a 'java/security/PrivilegedActionException'> (0x00000000eb66f7f8) thrown at [D:\re\workspace\8-2-build-windows-amd64-cygwin\jdk8u20\1074\hotspot\src\share\vm\prims\jvm.cpp, line 1275]
Event: 4.140 Thread 0x0000000016b5c000 Exception <a 'java/security/PrivilegedActionException'> (0x00000000eb9b0830) thrown at [D:\re\workspace\8-2-build-windows-amd64-cygwin\jdk8u20\1074\hotspot\src\share\vm\prims\jvm.cpp, line 1275]
Event: 5.139 Thread 0x0000000016b57800 Implicit null exception at 0x0000000002f5b532 to 0x0000000002f5d411
Event: 5.969 Thread 0x0000000016b5b800 Implicit null exception at 0x0000000003035f62 to 0x0000000003036052
Event: 8.392 Thread 0x0000000016b57800 Exception <a 'java/lang/ArrayIndexOutOfBoundsException': 18> (0x00000000eb3ac668) thrown at [D:\re\workspace\8-2-build-windows-amd64-cygwin\jdk8u20\1074\hotspot\src\share\vm\interpreter\interpreterRuntime.cpp, line 366]
Event: 8.392 Thread 0x0000000016b57800 Exception <a 'java/lang/ArrayIndexOutOfBoundsException': 145> (0x00000000eb3ae100) thrown at [D:\re\workspace\8-2-build-windows-amd64-cygwin\jdk8u20\1074\hotspot\src\share\vm\interpreter\interpreterRuntime.cpp, line 366]
Event: 8.393 Thread 0x0000000016b57800 Exception <a 'java/lang/ArrayIndexOutOfBoundsException': 40> (0x00000000eb3af318) thrown at [D:\re\workspace\8-2-build-windows-amd64-cygwin\jdk8u20\1074\hotspot\src\share\vm\interpreter\interpreterRuntime.cpp, line 366]

Events (10 events):
Event: 8.567 loading class java/util/HashMap$KeyIterator done
Event: 8.572 Thread 0x0000000016b57800 Thread exited: 0x0000000016b57800
Event: 8.575 Thread 0x0000000016b5c000 Thread exited: 0x0000000016b5c000
Event: 8.910 Thread 0x0000000016b5b800 Uncommon trap: trap_request=0xffffffc6 fr.pc=0x000000000313f8ac
Event: 8.910 Thread 0x0000000016b5b800 DEOPT PACKING pc=0x000000000313f8ac sp=0x00000000174eecf0
Event: 8.910 Thread 0x0000000016b5b800 DEOPT UNPACKING pc=0x0000000002cf556a sp=0x00000000174eec68 mode 2
Event: 9.015 Thread 0x0000000016b5b800 Uncommon trap: trap_request=0xffffffc6 fr.pc=0x000000000313f8ac
Event: 9.015 Thread 0x0000000016b5b800 DEOPT PACKING pc=0x000000000313f8ac sp=0x00000000174eecf0
Event: 9.015 Thread 0x0000000016b5b800 DEOPT UNPACKING pc=0x0000000002cf556a sp=0x00000000174eec68 mode 2
Event: 9.157 Thread 0x0000000016c54000 Thread exited: 0x0000000016c54000


Dynamic libraries:
0x00007ff7e4570000 - 0x00007ff7e45a4000 	D:\java\jdk1.8.0_20\bin\java.exe
0x00007fff68330000 - 0x00007fff684f1000 	C:\WINDOWS\SYSTEM32\ntdll.dll
0x00007fff67dd0000 - 0x00007fff67e7d000 	C:\WINDOWS\system32\KERNEL32.DLL
0x00007fff64e20000 - 0x00007fff65008000 	C:\WINDOWS\system32\KERNELBASE.dll
0x00007fff65d50000 - 0x00007fff65df7000 	C:\WINDOWS\system32\ADVAPI32.dll
0x00007fff660a0000 - 0x00007fff6613d000 	C:\WINDOWS\system32\msvcrt.dll
0x00007fff65e00000 - 0x00007fff65e5b000 	C:\WINDOWS\system32\sechost.dll
0x00007fff66140000 - 0x00007fff6625c000 	C:\WINDOWS\system32\RPCRT4.dll
0x00007fff68180000 - 0x00007fff682d6000 	C:\WINDOWS\system32\USER32.dll
0x00007fff65e60000 - 0x00007fff65fe6000 	C:\WINDOWS\system32\GDI32.dll
0x00007fff5f560000 - 0x00007fff5f7d4000 	C:\WINDOWS\WinSxS\amd64_microsoft.windows.common-controls_6595b64144ccf1df_6.0.10586.672_none_a2d6b3cea53ff843\COMCTL32.dll
0x00007fff67ae0000 - 0x00007fff67d5d000 	C:\WINDOWS\system32\combase.dll
0x00007fff64d00000 - 0x00007fff64d6a000 	C:\WINDOWS\system32\bcryptPrimitives.dll
0x00007fff682e0000 - 0x00007fff6831b000 	C:\WINDOWS\system32\IMM32.DLL
0x00007fff64820000 - 0x00007fff64851000 	C:\Windows\system32\nvinitx.dll
0x00007fff64810000 - 0x00007fff6481a000 	C:\WINDOWS\SYSTEM32\VERSION.dll
0x000000005c3b0000 - 0x000000005c482000 	D:\java\jdk1.8.0_20\jre\bin\msvcr100.dll
0x000000005bb50000 - 0x000000005c3a8000 	D:\java\jdk1.8.0_20\jre\bin\server\jvm.dll
0x00007fff68320000 - 0x00007fff68328000 	C:\WINDOWS\system32\PSAPI.DLL
0x00007fff56510000 - 0x00007fff56519000 	C:\WINDOWS\SYSTEM32\WSOCK32.dll
0x00007fff67d60000 - 0x00007fff67dcb000 	C:\WINDOWS\system32\WS2_32.dll
0x00007fff62ed0000 - 0x00007fff62ef3000 	C:\WINDOWS\SYSTEM32\WINMM.dll
0x00007fff62cb0000 - 0x00007fff62cdc000 	C:\WINDOWS\SYSTEM32\WINMMBASE.dll
0x00007fff656c0000 - 0x00007fff65703000 	C:\WINDOWS\system32\cfgmgr32.dll
0x000000005d000000 - 0x000000005d00f000 	D:\java\jdk1.8.0_20\jre\bin\verify.dll
0x000000005bb20000 - 0x000000005bb48000 	D:\java\jdk1.8.0_20\jre\bin\java.dll
0x000000005bb00000 - 0x000000005bb16000 	D:\java\jdk1.8.0_20\jre\bin\zip.dll
0x00007fff664b0000 - 0x00007fff67a0c000 	C:\WINDOWS\system32\SHELL32.dll
0x00007fff65010000 - 0x00007fff65655000 	C:\WINDOWS\system32\windows.storage.dll
0x00007fff66280000 - 0x00007fff662d2000 	C:\WINDOWS\system32\shlwapi.dll
0x00007fff649a0000 - 0x00007fff649af000 	C:\WINDOWS\system32\kernel.appcore.dll
0x00007fff64c40000 - 0x00007fff64cf5000 	C:\WINDOWS\system32\shcore.dll
0x00007fff64950000 - 0x00007fff6499b000 	C:\WINDOWS\system32\powrprof.dll
0x00007fff64930000 - 0x00007fff64944000 	C:\WINDOWS\system32\profapi.dll
0x00007fff55b80000 - 0x00007fff55d0c000 	C:\WINDOWS\SYSTEM32\dbghelp.dll

VM Arguments:
jvm_args: -Djava.awt.headless=true -Xmx1024M -Dfile.encoding=GBK -Duser.country=CN -Duser.language=zh -Duser.variant 
java_command: com.android.dx.command.Main --dex --num-threads=4 --output E:\works\icute\android\app\build\intermediates\pre-dexed\debug\okio-1.9.0_db0545b090bbd931e1cf6e43202e038727277a7d.jar C:\Users\Administrator\.gradle\caches\modules-2\files-2.1\com.squareup.okio\okio\1.9.0\f824591a0016efbaeddb8300bee54832a1398cfa\okio-1.9.0.jar
java_class_path (initial): D:\andriodStduio\sdk\build-tools\23.0.1\lib\dx.jar
Launcher Type: SUN_STANDARD

Environment Variables:
JAVA_HOME=D:\java\jdk1.8.0_20
CLASSPATH=.;D:\java\jdk1.8.0_20\lib\dt.jar;D:\java\jdk1.8.0_20\lib\tools.jar;D:\apache-tomcat-7.0.65-windows-x64\apache-tomcat-7.0.65\lib\servlet-api.jar;D:\apache-tomcat-7.0.65-windows-x64\apache-tomcat-7.0.65\lib\jsp-api.jar;D:\eclipse_javaEE\lib\Aspectj\install\lib\aspectjrt.jar
PATH=C:\ProgramData\Oracle\Java\javapath;D:\java\jdk1.8.0_20\bin;D:\java\jdk1.8.0_20\jre\binC:\WINDOWS\system32;C:\WINDOWS;C:\WINDOWS\System32\Wbem;C:\WINDOWS\System32\WindowsPowerShell\v1.0\;C:\Program Files\Microsoft SQL Server\110\Tools\Binn\;C:\Program Files (x86)\Microsoft SDKs\TypeScript\1.0\;D:\MATLAB\bin\win32;C:\Windows\System32;C:\Program Files\Intel\WiFi\bin\;C:\Program Files\Common Files\Intel\WirelessCommon\;D:\java\jdk1.8.0_20\bin;D:\;amp\wamp\bin\mysql\mysql5.5.20\bin;D:\python2.7.10\install;D:\wamp\wamp\bin\mysql\mysql5.5.20\bin;D:\python2.7.10\install\Scripts;C:\mongodb\bin;D:\nodejs\nvmw;D:\svn\bin;D:\scala\install\bin;D:\sbt\install\\bin;D:\sbt\install\bin;D:\git\Git\bin;D:\ant\apache-ant-1.9.6/bin;D:\curl;D:\wamp\wamp\bin\php\php5.3.10;D:\wamp\wamp\bin\php\php5.5.12;C:\ProgramData\ComposerSetup\bin;C:\Users\Administrator\AppData\Roaming\Composer\Vendor\bin;D:\OCR\install\Tesseract-OCR;C:\WINDOWS\system32;C:\Program Files (x86)\Windows Kits\10\Windows Performance Toolkit\;D:\makeForWin\GnuWin32\bin;D:\eclipse_javaEE\lib\Aspectj\install\bin;D:\maven\apache-maven-3.3.9\bin;D:\php\php-5.6.21-Win32-VC11-x64;D:\php\php-5.6.21-Win32-VC11-x64\ext;D:\mysql\mysql-5.6.24-winx64\bin;D:\andriodStduio\sdk\tools;D:\andriodStduio\sdk\platform-tools;D:\nmap\nmap-7.31;D:\nodejs\nvmw\v6.2.0\;D:\cocos2d-x\templates;D:\cocos2d-x\tools\cocos2d-console\bin;C:\Program Files\Intel\WiFi\bin\;C:\Program Files\Common Files\Intel\WirelessCommon\;D:\vscode\install\Microsoft VS Code\bin;C:\Users\Administrator\AppData\Roaming\npm
USERNAME=Administrator
OS=Windows_NT
PROCESSOR_IDENTIFIER=Intel64 Family 6 Model 58 Stepping 9, GenuineIntel



---------------  S Y S T E M  ---------------

OS: Windows 8.1 , 64 bit Build 9600 

CPU:total 4 (2 cores per cpu, 2 threads per core) family 6 model 58 stepping 9, cmov, cx8, fxsr, mmx, sse, sse2, sse3, ssse3, sse4.1, sse4.2, popcnt, avx, aes, clmul, erms, ht, tsc, tscinvbit, tscinv

Memory: 4k page, physical 6148232k(1047444k free), swap 8181760k(3148k free)

vm_info: Java HotSpot(TM) 64-Bit Server VM (25.20-b23) for windows-amd64 JRE (1.8.0_20-b26), built on Jul 30 2014 13:51:23 by "java_re" with MS VC++ 10.0 (VS2010)

time: Fri Mar 17 22:28:48 2017
elapsed time: 9 seconds (0d 0h 0m 9s)

