#
# There is insufficient memory for the Java Runtime Environment to continue.
# Native memory allocation (malloc) failed to allocate 409296 bytes for Chunk::new
# Possible reasons:
#   The system is out of physical RAM or swap space
#   In 32 bit mode, the process size limit was hit
# Possible solutions:
#   Reduce memory load on the system
#   Increase physical memory or swap space
#   Check if swap backing store is full
#   Use 64 bit Java on a 64 bit OS
#   Decrease Java heap size (-Xmx/-Xms)
#   Decrease number of Java threads
#   Decrease Java thread stack sizes (-Xss)
#   Set larger code cache with -XX:ReservedCodeCacheSize=
# This output file may be truncated or incomplete.
#
#  Out of Memory Error (allocation.cpp:390), pid=840, tid=5616
#
# JRE version: Java(TM) SE Runtime Environment (8.0_20-b26) (build 1.8.0_20-b26)
# Java VM: Java HotSpot(TM) 64-Bit Server VM (25.20-b23 mixed mode windows-amd64 compressed oops)
# Failed to write core dump. Minidumps are not enabled by default on client versions of Windows
#

---------------  T H R E A D  ---------------

Current thread (0x000000001590e800):  JavaThread "C2 CompilerThread0" daemon [_thread_in_native, id=5616, stack(0x0000000016e70000,0x0000000016f70000)]

Stack: [0x0000000016e70000,0x0000000016f70000]
Native frames: (J=compiled Java code, j=interpreted, Vv=VM code, C=native code)
V  [jvm.dll+0x3152fa]
V  [jvm.dll+0x265d03]
V  [jvm.dll+0x266943]
V  [jvm.dll+0x25e265]
V  [jvm.dll+0xbe255]
V  [jvm.dll+0xbe6fc]
V  [jvm.dll+0x493db1]
V  [jvm.dll+0x444cdc]
V  [jvm.dll+0x4500de]
V  [jvm.dll+0x4526c8]
V  [jvm.dll+0x435fc2]
V  [jvm.dll+0x97b62]
V  [jvm.dll+0x98353]
V  [jvm.dll+0x22aac4]
V  [jvm.dll+0x283f5a]
C  [msvcr100.dll+0x21d9f]
C  [msvcr100.dll+0x21e3b]
C  [KERNEL32.DLL+0x18102]
C  [ntdll.dll+0x5c5b4]


Current CompileTask:
C2:   9502 1843   !   4       com.android.dx.cf.code.BytecodeArray::parseInstruction (2764 bytes)


---------------  P R O C E S S  ---------------

Java Threads: ( => current thread )
  0x00000000171ff800 JavaThread "pool-1-thread-4" [_thread_blocked, id=12100, stack(0x0000000017b70000,0x0000000017c70000)]
  0x00000000171fe800 JavaThread "pool-1-thread-3" [_thread_blocked, id=13408, stack(0x0000000017a70000,0x0000000017b70000)]
  0x00000000171fd800 JavaThread "pool-1-thread-2" [_thread_in_Java, id=10200, stack(0x0000000017970000,0x0000000017a70000)]
  0x0000000017274000 JavaThread "pool-2-thread-1" [_thread_blocked, id=9916, stack(0x0000000017870000,0x0000000017970000)]
  0x0000000017278000 JavaThread "pool-1-thread-1" [_thread_blocked, id=3268, stack(0x0000000017770000,0x0000000017870000)]
  0x0000000016fc9000 JavaThread "Service Thread" daemon [_thread_blocked, id=12008, stack(0x0000000017570000,0x0000000017670000)]
  0x0000000016fc3800 JavaThread "C1 CompilerThread2" daemon [_thread_blocked, id=11800, stack(0x0000000017470000,0x0000000017570000)]
  0x000000001595d800 JavaThread "C2 CompilerThread1" daemon [_thread_in_native, id=5268, stack(0x0000000017370000,0x0000000017470000)]
=>0x000000001590e800 JavaThread "C2 CompilerThread0" daemon [_thread_in_native, id=5616, stack(0x0000000016e70000,0x0000000016f70000)]
  0x000000001590d000 JavaThread "Attach Listener" daemon [_thread_blocked, id=10640, stack(0x0000000016d70000,0x0000000016e70000)]
  0x000000001590c000 JavaThread "Signal Dispatcher" daemon [_thread_blocked, id=13484, stack(0x0000000016c70000,0x0000000016d70000)]
  0x000000000321f800 JavaThread "Finalizer" daemon [_thread_blocked, id=2484, stack(0x0000000016b70000,0x0000000016c70000)]
  0x000000000321c000 JavaThread "Reference Handler" daemon [_thread_blocked, id=6952, stack(0x0000000016a70000,0x0000000016b70000)]
  0x000000000312e800 JavaThread "main" [_thread_in_Java, id=12432, stack(0x0000000002f30000,0x0000000003030000)]

Other Threads:
  0x00000000158c5000 VMThread [stack: 0x0000000016970000,0x0000000016a70000] [id=12448]
  0x0000000016fcb000 WatcherThread [stack: 0x0000000017670000,0x0000000017770000] [id=13760]

VM state:not at safepoint (normal execution)

VM Mutex/Monitor currently owned by a thread: None

Heap:
 PSYoungGen      total 52736K, used 51586K [0x00000000eab00000, 0x00000000f1200000, 0x0000000100000000)
  eden space 49152K, 97% used [0x00000000eab00000,0x00000000ed9e4858,0x00000000edb00000)
  from space 3584K, 99% used [0x00000000edb00000,0x00000000ede7c368,0x00000000ede80000)
  to   space 3584K, 0% used [0x00000000f0e80000,0x00000000f0e80000,0x00000000f1200000)
 ParOldGen       total 64512K, used 12940K [0x00000000c0000000, 0x00000000c3f00000, 0x00000000eab00000)
  object space 64512K, 20% used [0x00000000c0000000,0x00000000c0ca31d8,0x00000000c3f00000)
 Metaspace       used 6176K, capacity 7152K, committed 7296K, reserved 1056768K
  class space    used 585K, capacity 616K, committed 640K, reserved 1048576K

Card table byte_map: [0x00000000125f0000,0x0000000012800000] byte_map_base: 0x0000000011ff0000

Marking Bits: (ParMarkBitMap*) 0x000000005c32b460
 Begin Bits: [0x0000000012d60000, 0x0000000013d60000)
 End Bits:   [0x0000000013d60000, 0x0000000014d60000)

Polling page: 0x0000000001420000

CodeCache: size=245760Kb used=8084Kb max_used=8097Kb free=237675Kb
 bounds [0x0000000003230000, 0x0000000003a20000, 0x0000000012230000]
 total_blobs=2057 nmethods=1791 adapters=178
 compilation: disabled (not enough contiguous free space left)

Compilation events (10 events):
Event: 8.901 Thread 0x0000000016fc3800 nmethod 1844 0x00000000039a6c90 code [0x00000000039a6de0, 0x00000000039a6f30]
Event: 8.913 Thread 0x0000000016fc3800 1845   !   2       com.android.dx.dex.cf.CfTranslator::processMethods (583 bytes)
Event: 8.918 Thread 0x0000000016fc3800 nmethod 1845 0x00000000039c9bd0 code [0x00000000039ca080, 0x00000000039cb6c8]
Event: 8.946 Thread 0x000000001590e800 nmethod 1812 0x0000000003a082d0 code [0x0000000003a08720, 0x0000000003a0b4e8]
Event: 8.946 Thread 0x000000001590e800 1843   !   4       com.android.dx.cf.code.BytecodeArray::parseInstruction (2764 bytes)
Event: 9.038 Thread 0x000000001595d800 nmethod 1810 0x0000000003a15910 code [0x0000000003a15d80, 0x0000000003a193b0]
Event: 9.039 Thread 0x000000001595d800 1831       4       com.android.dx.ssa.SsaBasicBlock::newFromRop (183 bytes)
Event: 9.136 Thread 0x000000001595d800 nmethod 1831 0x0000000003a10b50 code [0x0000000003a10e00, 0x0000000003a13208]
Event: 9.136 Thread 0x000000001595d800 1814       4       com.android.dx.rop.code.RegisterSpec::getType (10 bytes)
Event: 9.137 Thread 0x000000001595d800 nmethod 1814 0x000000000399ac90 code [0x000000000399adc0, 0x000000000399ae38]

GC Heap History (6 events):
Event: 2.144 GC heap before
{Heap before GC invocations=1 (full 0):
 PSYoungGen      total 28160K, used 24576K [0x00000000eab00000, 0x00000000eca00000, 0x0000000100000000)
  eden space 24576K, 100% used [0x00000000eab00000,0x00000000ec300000,0x00000000ec300000)
  from space 3584K, 0% used [0x00000000ec680000,0x00000000ec680000,0x00000000eca00000)
  to   space 3584K, 0% used [0x00000000ec300000,0x00000000ec300000,0x00000000ec680000)
 ParOldGen       total 64512K, used 0K [0x00000000c0000000, 0x00000000c3f00000, 0x00000000eab00000)
  object space 64512K, 0% used [0x00000000c0000000,0x00000000c0000000,0x00000000c3f00000)
 Metaspace       used 5839K, capacity 6896K, committed 7040K, reserved 1056768K
  class space    used 576K, capacity 616K, committed 640K, reserved 1048576K
Event: 2.184 GC heap after
Heap after GC invocations=1 (full 0):
 PSYoungGen      total 28160K, used 3554K [0x00000000eab00000, 0x00000000ee200000, 0x0000000100000000)
  eden space 24576K, 0% used [0x00000000eab00000,0x00000000eab00000,0x00000000ec300000)
  from space 3584K, 99% used [0x00000000ec300000,0x00000000ec678ad8,0x00000000ec680000)
  to   space 3584K, 0% used [0x00000000ede80000,0x00000000ede80000,0x00000000ee200000)
 ParOldGen       total 64512K, used 2020K [0x00000000c0000000, 0x00000000c3f00000, 0x00000000eab00000)
  object space 64512K, 3% used [0x00000000c0000000,0x00000000c01f9038,0x00000000c3f00000)
 Metaspace       used 5839K, capacity 6896K, committed 7040K, reserved 1056768K
  class space    used 576K, capacity 616K, committed 640K, reserved 1048576K
}
Event: 4.056 GC heap before
{Heap before GC invocations=2 (full 0):
 PSYoungGen      total 28160K, used 28130K [0x00000000eab00000, 0x00000000ee200000, 0x0000000100000000)
  eden space 24576K, 100% used [0x00000000eab00000,0x00000000ec300000,0x00000000ec300000)
  from space 3584K, 99% used [0x00000000ec300000,0x00000000ec678ad8,0x00000000ec680000)
  to   space 3584K, 0% used [0x00000000ede80000,0x00000000ede80000,0x00000000ee200000)
 ParOldGen       total 64512K, used 2020K [0x00000000c0000000, 0x00000000c3f00000, 0x00000000eab00000)
  object space 64512K, 3% used [0x00000000c0000000,0x00000000c01f9038,0x00000000c3f00000)
 Metaspace       used 6037K, capacity 7024K, committed 7296K, reserved 1056768K
  class space    used 583K, capacity 616K, committed 640K, reserved 1048576K
Event: 4.358 GC heap after
Heap after GC invocations=2 (full 0):
 PSYoungGen      total 52736K, used 3576K [0x00000000eab00000, 0x00000000ee200000, 0x0000000100000000)
  eden space 49152K, 0% used [0x00000000eab00000,0x00000000eab00000,0x00000000edb00000)
  from space 3584K, 99% used [0x00000000ede80000,0x00000000ee1fe038,0x00000000ee200000)
  to   space 3584K, 0% used [0x00000000edb00000,0x00000000edb00000,0x00000000ede80000)
 ParOldGen       total 64512K, used 5221K [0x00000000c0000000, 0x00000000c3f00000, 0x00000000eab00000)
  object space 64512K, 8% used [0x00000000c0000000,0x00000000c0519458,0x00000000c3f00000)
 Metaspace       used 6037K, capacity 7024K, committed 7296K, reserved 1056768K
  class space    used 583K, capacity 616K, committed 640K, reserved 1048576K
}
Event: 7.314 GC heap before
{Heap before GC invocations=3 (full 0):
 PSYoungGen      total 52736K, used 52728K [0x00000000eab00000, 0x00000000ee200000, 0x0000000100000000)
  eden space 49152K, 100% used [0x00000000eab00000,0x00000000edb00000,0x00000000edb00000)
  from space 3584K, 99% used [0x00000000ede80000,0x00000000ee1fe038,0x00000000ee200000)
  to   space 3584K, 0% used [0x00000000edb00000,0x00000000edb00000,0x00000000ede80000)
 ParOldGen       total 64512K, used 5221K [0x00000000c0000000, 0x00000000c3f00000, 0x00000000eab00000)
  object space 64512K, 8% used [0x00000000c0000000,0x00000000c0519458,0x00000000c3f00000)
 Metaspace       used 6158K, capacity 7152K, committed 7296K, reserved 1056768K
  class space    used 585K, capacity 616K, committed 640K, reserved 1048576K
Event: 7.777 GC heap after
Heap after GC invocations=3 (full 0):
 PSYoungGen      total 52736K, used 3568K [0x00000000eab00000, 0x00000000f1200000, 0x0000000100000000)
  eden space 49152K, 0% used [0x00000000eab00000,0x00000000eab00000,0x00000000edb00000)
  from space 3584K, 99% used [0x00000000edb00000,0x00000000ede7c368,0x00000000ede80000)
  to   space 3584K, 0% used [0x00000000f0e80000,0x00000000f0e80000,0x00000000f1200000)
 ParOldGen       total 64512K, used 12940K [0x00000000c0000000, 0x00000000c3f00000, 0x00000000eab00000)
  object space 64512K, 20% used [0x00000000c0000000,0x00000000c0ca31d8,0x00000000c3f00000)
 Metaspace       used 6158K, capacity 7152K, committed 7296K, reserved 1056768K
  class space    used 585K, capacity 616K, committed 640K, reserved 1048576K
}

Deoptimization events (10 events):
Event: 7.825 Thread 0x00000000171fd800 Uncommon trap: reason=bimorphic action=maybe_recompile pc=0x000000000372328c method=java.util.HashMap.getNode(ILjava/lang/Object;)Ljava/util/HashMap$Node; @ 126
Event: 7.825 Thread 0x00000000171fd800 Uncommon trap: reason=bimorphic action=maybe_recompile pc=0x000000000372328c method=java.util.HashMap.getNode(ILjava/lang/Object;)Ljava/util/HashMap$Node; @ 126
Event: 7.825 Thread 0x00000000171fd800 Uncommon trap: reason=bimorphic action=maybe_recompile pc=0x000000000372328c method=java.util.HashMap.getNode(ILjava/lang/Object;)Ljava/util/HashMap$Node; @ 126
Event: 7.831 Thread 0x00000000171fd800 Uncommon trap: reason=class_check action=maybe_recompile pc=0x00000000039531bc method=com.android.dx.rop.code.RegisterSpec.withSimpleType()Lcom/android/dx/rop/code/RegisterSpec; @ 21
Event: 7.831 Thread 0x00000000171fd800 Uncommon trap: reason=class_check action=maybe_recompile pc=0x00000000039531bc method=com.android.dx.rop.code.RegisterSpec.withSimpleType()Lcom/android/dx/rop/code/RegisterSpec; @ 21
Event: 8.798 Thread 0x00000000171fe800 Uncommon trap: reason=class_check action=maybe_recompile pc=0x00000000039aa6d8 method=com.android.dx.cf.code.BytecodeArray.parseInstruction(ILcom/android/dx/cf/code/BytecodeArray$Visitor;)I @ 1035
Event: 8.798 Thread 0x00000000171fe800 Uncommon trap: reason=class_check action=maybe_recompile pc=0x00000000039aa6d8 method=com.android.dx.cf.code.BytecodeArray.parseInstruction(ILcom/android/dx/cf/code/BytecodeArray$Visitor;)I @ 1035
Event: 8.798 Thread 0x00000000171fe800 Uncommon trap: reason=class_check action=maybe_recompile pc=0x00000000039aa6d8 method=com.android.dx.cf.code.BytecodeArray.parseInstruction(ILcom/android/dx/cf/code/BytecodeArray$Visitor;)I @ 1035
Event: 8.799 Thread 0x00000000171fe800 Uncommon trap: reason=class_check action=maybe_recompile pc=0x00000000039aa6d8 method=com.android.dx.cf.code.BytecodeArray.parseInstruction(ILcom/android/dx/cf/code/BytecodeArray$Visitor;)I @ 1035
Event: 8.818 Thread 0x00000000171fd800 Uncommon trap: reason=unreached action=reinterpret pc=0x00000000039c22c0 method=com.android.dx.ssa.LocalVariableExtractor.processBlock(I)V @ 251

Internal exceptions (10 events):
Event: 2.530 Thread 0x000000000312e800 Exception <a 'java/security/PrivilegedActionException'> (0x00000000eb306888) thrown at [D:\re\workspace\8-2-build-windows-amd64-cygwin\jdk8u20\1074\hotspot\src\share\vm\prims\jvm.cpp, line 1275]
Event: 2.531 Thread 0x000000000312e800 Exception <a 'java/security/PrivilegedActionException'> (0x00000000eb309040) thrown at [D:\re\workspace\8-2-build-windows-amd64-cygwin\jdk8u20\1074\hotspot\src\share\vm\prims\jvm.cpp, line 1275]
Event: 2.531 Thread 0x000000000312e800 Exception <a 'java/security/PrivilegedActionException'> (0x00000000eb30d190) thrown at [D:\re\workspace\8-2-build-windows-amd64-cygwin\jdk8u20\1074\hotspot\src\share\vm\prims\jvm.cpp, line 1275]
Event: 2.532 Thread 0x000000000312e800 Exception <a 'java/security/PrivilegedActionException'> (0x00000000eb30f718) thrown at [D:\re\workspace\8-2-build-windows-amd64-cygwin\jdk8u20\1074\hotspot\src\share\vm\prims\jvm.cpp, line 1275]
Event: 3.509 Thread 0x0000000017278000 Exception <a 'java/security/PrivilegedActionException'> (0x00000000ebd5ef48) thrown at [D:\re\workspace\8-2-build-windows-amd64-cygwin\jdk8u20\1074\hotspot\src\share\vm\prims\jvm.cpp, line 1275]
Event: 3.510 Thread 0x0000000017278000 Exception <a 'java/security/PrivilegedActionException'> (0x00000000ebd647e0) thrown at [D:\re\workspace\8-2-build-windows-amd64-cygwin\jdk8u20\1074\hotspot\src\share\vm\prims\jvm.cpp, line 1275]
Event: 3.511 Thread 0x0000000017278000 Exception <a 'java/security/PrivilegedActionException'> (0x00000000ebd69e20) thrown at [D:\re\workspace\8-2-build-windows-amd64-cygwin\jdk8u20\1074\hotspot\src\share\vm\prims\jvm.cpp, line 1275]
Event: 5.629 Thread 0x000000000312e800 Exception <a 'java/security/PrivilegedActionException'> (0x00000000ec1a1de8) thrown at [D:\re\workspace\8-2-build-windows-amd64-cygwin\jdk8u20\1074\hotspot\src\share\vm\prims\jvm.cpp, line 1275]
Event: 5.910 Thread 0x00000000171fd800 Exception <a 'java/security/PrivilegedActionException'> (0x00000000ec8a33a0) thrown at [D:\re\workspace\8-2-build-windows-amd64-cygwin\jdk8u20\1074\hotspot\src\share\vm\prims\jvm.cpp, line 1275]
Event: 6.929 Thread 0x000000000312e800 Exception <a 'java/security/PrivilegedActionException'> (0x00000000ed1ef9d0) thrown at [D:\re\workspace\8-2-build-windows-amd64-cygwin\jdk8u20\1074\hotspot\src\share\vm\prims\jvm.cpp, line 1275]

Events (10 events):
Event: 8.798 Thread 0x00000000171fe800 DEOPT UNPACKING pc=0x000000000327556a sp=0x0000000017b6ea60 mode 2
Event: 8.798 Thread 0x00000000171fe800 Uncommon trap: trap_request=0xffffffde fr.pc=0x00000000039aa6d8
Event: 8.798 Thread 0x00000000171fe800 DEOPT PACKING pc=0x00000000039aa6d8 sp=0x0000000017b6e9d0
Event: 8.798 Thread 0x00000000171fe800 DEOPT UNPACKING pc=0x000000000327556a sp=0x0000000017b6e980 mode 2
Event: 8.799 Thread 0x00000000171fe800 Uncommon trap: trap_request=0xffffffde fr.pc=0x00000000039aa6d8
Event: 8.799 Thread 0x00000000171fe800 DEOPT PACKING pc=0x00000000039aa6d8 sp=0x0000000017b6eab0
Event: 8.799 Thread 0x00000000171fe800 DEOPT UNPACKING pc=0x000000000327556a sp=0x0000000017b6ea60 mode 2
Event: 8.818 Thread 0x00000000171fd800 Uncommon trap: trap_request=0xffffffad fr.pc=0x00000000039c22c0
Event: 8.818 Thread 0x00000000171fd800 DEOPT PACKING pc=0x00000000039c22c0 sp=0x0000000017a6ee00
Event: 8.818 Thread 0x00000000171fd800 DEOPT UNPACKING pc=0x000000000327556a sp=0x0000000017a6eda0 mode 2


Dynamic libraries:
0x00007ff7e4570000 - 0x00007ff7e45a4000 	D:\java\jdk1.8.0_20\bin\java.exe
0x00007fff68330000 - 0x00007fff684f1000 	C:\WINDOWS\SYSTEM32\ntdll.dll
0x00007fff67dd0000 - 0x00007fff67e7d000 	C:\WINDOWS\system32\KERNEL32.DLL
0x00007fff64e20000 - 0x00007fff65008000 	C:\WINDOWS\system32\KERNELBASE.dll
0x00007fff65d50000 - 0x00007fff65df7000 	C:\WINDOWS\system32\ADVAPI32.dll
0x00007fff660a0000 - 0x00007fff6613d000 	C:\WINDOWS\system32\msvcrt.dll
0x00007fff65e00000 - 0x00007fff65e5b000 	C:\WINDOWS\system32\sechost.dll
0x00007fff66140000 - 0x00007fff6625c000 	C:\WINDOWS\system32\RPCRT4.dll
0x00007fff68180000 - 0x00007fff682d6000 	C:\WINDOWS\system32\USER32.dll
0x00007fff65e60000 - 0x00007fff65fe6000 	C:\WINDOWS\system32\GDI32.dll
0x00007fff5f560000 - 0x00007fff5f7d4000 	C:\WINDOWS\WinSxS\amd64_microsoft.windows.common-controls_6595b64144ccf1df_6.0.10586.672_none_a2d6b3cea53ff843\COMCTL32.dll
0x00007fff67ae0000 - 0x00007fff67d5d000 	C:\WINDOWS\system32\combase.dll
0x00007fff64d00000 - 0x00007fff64d6a000 	C:\WINDOWS\system32\bcryptPrimitives.dll
0x00007fff682e0000 - 0x00007fff6831b000 	C:\WINDOWS\system32\IMM32.DLL
0x00007fff64820000 - 0x00007fff64851000 	C:\Windows\system32\nvinitx.dll
0x00007fff64810000 - 0x00007fff6481a000 	C:\WINDOWS\SYSTEM32\VERSION.dll
0x000000005c3b0000 - 0x000000005c482000 	D:\java\jdk1.8.0_20\jre\bin\msvcr100.dll
0x000000005bb50000 - 0x000000005c3a8000 	D:\java\jdk1.8.0_20\jre\bin\server\jvm.dll
0x00007fff68320000 - 0x00007fff68328000 	C:\WINDOWS\system32\PSAPI.DLL
0x00007fff56510000 - 0x00007fff56519000 	C:\WINDOWS\SYSTEM32\WSOCK32.dll
0x00007fff67d60000 - 0x00007fff67dcb000 	C:\WINDOWS\system32\WS2_32.dll
0x00007fff62ed0000 - 0x00007fff62ef3000 	C:\WINDOWS\SYSTEM32\WINMM.dll
0x00007fff62cb0000 - 0x00007fff62cdc000 	C:\WINDOWS\SYSTEM32\WINMMBASE.dll
0x00007fff656c0000 - 0x00007fff65703000 	C:\WINDOWS\system32\cfgmgr32.dll
0x000000005d000000 - 0x000000005d00f000 	D:\java\jdk1.8.0_20\jre\bin\verify.dll
0x000000005bb20000 - 0x000000005bb48000 	D:\java\jdk1.8.0_20\jre\bin\java.dll
0x000000005bb00000 - 0x000000005bb16000 	D:\java\jdk1.8.0_20\jre\bin\zip.dll
0x00007fff664b0000 - 0x00007fff67a0c000 	C:\WINDOWS\system32\SHELL32.dll
0x00007fff65010000 - 0x00007fff65655000 	C:\WINDOWS\system32\windows.storage.dll
0x00007fff66280000 - 0x00007fff662d2000 	C:\WINDOWS\system32\shlwapi.dll
0x00007fff649a0000 - 0x00007fff649af000 	C:\WINDOWS\system32\kernel.appcore.dll
0x00007fff64c40000 - 0x00007fff64cf5000 	C:\WINDOWS\system32\shcore.dll
0x00007fff64950000 - 0x00007fff6499b000 	C:\WINDOWS\system32\powrprof.dll
0x00007fff64930000 - 0x00007fff64944000 	C:\WINDOWS\system32\profapi.dll
0x00007fff55b80000 - 0x00007fff55d0c000 	C:\WINDOWS\SYSTEM32\dbghelp.dll

VM Arguments:
jvm_args: -Djava.awt.headless=true -Xmx1024M -Dfile.encoding=GBK -Duser.country=CN -Duser.language=zh -Duser.variant 
java_command: com.android.dx.command.Main --dex --num-threads=4 --output E:\works\icute\android\app\build\intermediates\pre-dexed\debug\com.android.support-support-v4-23.4.0_524b15dbb712ddb6b95db6e746ff6f76ebc28f67.jar E:\works\icute\android\app\build\intermediates\exploded-aar\com.android.support\support-v4\23.4.0\jars\classes.jar
java_class_path (initial): D:\andriodStduio\sdk\build-tools\23.0.1\lib\dx.jar
Launcher Type: SUN_STANDARD

Environment Variables:
JAVA_HOME=D:\java\jdk1.8.0_20
CLASSPATH=.;D:\java\jdk1.8.0_20\lib\dt.jar;D:\java\jdk1.8.0_20\lib\tools.jar;D:\apache-tomcat-7.0.65-windows-x64\apache-tomcat-7.0.65\lib\servlet-api.jar;D:\apache-tomcat-7.0.65-windows-x64\apache-tomcat-7.0.65\lib\jsp-api.jar;D:\eclipse_javaEE\lib\Aspectj\install\lib\aspectjrt.jar
PATH=C:\ProgramData\Oracle\Java\javapath;D:\java\jdk1.8.0_20\bin;D:\java\jdk1.8.0_20\jre\binC:\WINDOWS\system32;C:\WINDOWS;C:\WINDOWS\System32\Wbem;C:\WINDOWS\System32\WindowsPowerShell\v1.0\;C:\Program Files\Microsoft SQL Server\110\Tools\Binn\;C:\Program Files (x86)\Microsoft SDKs\TypeScript\1.0\;D:\MATLAB\bin\win32;C:\Windows\System32;C:\Program Files\Intel\WiFi\bin\;C:\Program Files\Common Files\Intel\WirelessCommon\;D:\java\jdk1.8.0_20\bin;D:\;amp\wamp\bin\mysql\mysql5.5.20\bin;D:\python2.7.10\install;D:\wamp\wamp\bin\mysql\mysql5.5.20\bin;D:\python2.7.10\install\Scripts;C:\mongodb\bin;D:\nodejs\nvmw;D:\svn\bin;D:\scala\install\bin;D:\sbt\install\\bin;D:\sbt\install\bin;D:\git\Git\bin;D:\ant\apache-ant-1.9.6/bin;D:\curl;D:\wamp\wamp\bin\php\php5.3.10;D:\wamp\wamp\bin\php\php5.5.12;C:\ProgramData\ComposerSetup\bin;C:\Users\Administrator\AppData\Roaming\Composer\Vendor\bin;D:\OCR\install\Tesseract-OCR;C:\WINDOWS\system32;C:\Program Files (x86)\Windows Kits\10\Windows Performance Toolkit\;D:\makeForWin\GnuWin32\bin;D:\eclipse_javaEE\lib\Aspectj\install\bin;D:\maven\apache-maven-3.3.9\bin;D:\php\php-5.6.21-Win32-VC11-x64;D:\php\php-5.6.21-Win32-VC11-x64\ext;D:\mysql\mysql-5.6.24-winx64\bin;D:\andriodStduio\sdk\tools;D:\andriodStduio\sdk\platform-tools;D:\nmap\nmap-7.31;D:\nodejs\nvmw\v6.2.0\;D:\cocos2d-x\templates;D:\cocos2d-x\tools\cocos2d-console\bin;C:\Program Files\Intel\WiFi\bin\;C:\Program Files\Common Files\Intel\WirelessCommon\;D:\vscode\install\Microsoft VS Code\bin;C:\Users\Administrator\AppData\Roaming\npm
USERNAME=Administrator
OS=Windows_NT
PROCESSOR_IDENTIFIER=Intel64 Family 6 Model 58 Stepping 9, GenuineIntel



---------------  S Y S T E M  ---------------

OS: Windows 8.1 , 64 bit Build 9600 

CPU:total 4 (2 cores per cpu, 2 threads per core) family 6 model 58 stepping 9, cmov, cx8, fxsr, mmx, sse, sse2, sse3, ssse3, sse4.1, sse4.2, popcnt, avx, aes, clmul, erms, ht, tsc, tscinvbit, tscinv

Memory: 4k page, physical 6148232k(1044416k free), swap 8181760k(2588k free)

vm_info: Java HotSpot(TM) 64-Bit Server VM (25.20-b23) for windows-amd64 JRE (1.8.0_20-b26), built on Jul 30 2014 13:51:23 by "java_re" with MS VC++ 10.0 (VS2010)

time: Fri Mar 17 22:28:48 2017
elapsed time: 9 seconds (0d 0h 0m 9s)

