#
# There is insufficient memory for the Java Runtime Environment to continue.
# Native memory allocation (malloc) failed to allocate 32744 bytes for ChunkPool::allocate
# Possible reasons:
#   The system is out of physical RAM or swap space
#   In 32 bit mode, the process size limit was hit
# Possible solutions:
#   Reduce memory load on the system
#   Increase physical memory or swap space
#   Check if swap backing store is full
#   Use 64 bit Java on a 64 bit OS
#   Decrease Java heap size (-Xmx/-Xms)
#   Decrease number of Java threads
#   Decrease Java thread stack sizes (-Xss)
#   Set larger code cache with -XX:ReservedCodeCacheSize=
# This output file may be truncated or incomplete.
#
#  Out of Memory Error (allocation.cpp:273), pid=13848, tid=1080
#
# JRE version: Java(TM) SE Runtime Environment (8.0_20-b26) (build 1.8.0_20-b26)
# Java VM: Java HotSpot(TM) 64-Bit Server VM (25.20-b23 mixed mode windows-amd64 compressed oops)
# Failed to write core dump. Minidumps are not enabled by default on client versions of Windows
#

---------------  T H R E A D  ---------------

Current thread (0x00000000159ed800):  JavaThread "C2 CompilerThread1" daemon [_thread_in_native, id=1080, stack(0x00000000173e0000,0x00000000174e0000)]

Stack: [0x00000000173e0000,0x00000000174e0000]
Native frames: (J=compiled Java code, j=interpreted, Vv=VM code, C=native code)
V  [jvm.dll+0x3152fa]
V  [jvm.dll+0x265d03]
V  [jvm.dll+0x266943]
V  [jvm.dll+0x25e265]
V  [jvm.dll+0xbdfb1]
V  [jvm.dll+0xbe6fc]
V  [jvm.dll+0xbe9a4]
V  [jvm.dll+0x4e4e30]
V  [jvm.dll+0x49a06a]
V  [jvm.dll+0x49a313]
V  [jvm.dll+0x49bbb9]
V  [jvm.dll+0x49da9f]
V  [jvm.dll+0x451045]
V  [jvm.dll+0x452634]
V  [jvm.dll+0x435fc2]
V  [jvm.dll+0x97b62]
V  [jvm.dll+0x98353]
V  [jvm.dll+0x22aac4]
V  [jvm.dll+0x283f5a]
C  [msvcr100.dll+0x21d9f]
C  [msvcr100.dll+0x21e3b]
C  [KERNEL32.DLL+0x18102]
C  [ntdll.dll+0x5c5b4]


Current CompileTask:
C2:   8405 1735   !   4       com.android.dx.cf.code.BytecodeArray::parseInstruction (2764 bytes)


---------------  P R O C E S S  ---------------

Java Threads: ( => current thread )
  0x0000000017314800 JavaThread "pool-1-thread-4" [_thread_blocked, id=6756, stack(0x00000000183e0000,0x00000000184e0000)]
  0x0000000017314000 JavaThread "pool-1-thread-3" [_thread_blocked, id=1264, stack(0x00000000182e0000,0x00000000183e0000)]
  0x0000000017312800 JavaThread "pool-1-thread-2" [_thread_blocked, id=4248, stack(0x00000000181e0000,0x00000000182e0000)]
  0x0000000017310000 JavaThread "pool-2-thread-1" [_thread_blocked, id=6728, stack(0x00000000180e0000,0x00000000181e0000)]
  0x000000001723b000 JavaThread "pool-1-thread-1" [_thread_blocked, id=4676, stack(0x0000000017fe0000,0x00000000180e0000)]
  0x0000000017048000 JavaThread "Service Thread" daemon [_thread_blocked, id=12388, stack(0x00000000175e0000,0x00000000176e0000)]
  0x0000000017042000 JavaThread "C1 CompilerThread2" daemon [_thread_blocked, id=1864, stack(0x00000000174e0000,0x00000000175e0000)]
=>0x00000000159ed800 JavaThread "C2 CompilerThread1" daemon [_thread_in_native, id=1080, stack(0x00000000173e0000,0x00000000174e0000)]
  0x000000001599e800 JavaThread "C2 CompilerThread0" daemon [_thread_blocked, id=13940, stack(0x0000000016ee0000,0x0000000016fe0000)]
  0x000000001599d000 JavaThread "Attach Listener" daemon [_thread_blocked, id=2856, stack(0x0000000016de0000,0x0000000016ee0000)]
  0x000000001599c000 JavaThread "Signal Dispatcher" daemon [_thread_blocked, id=772, stack(0x0000000016ce0000,0x0000000016de0000)]
  0x00000000032af800 JavaThread "Finalizer" daemon [_thread_blocked, id=10604, stack(0x0000000016be0000,0x0000000016ce0000)]
  0x00000000032ac000 JavaThread "Reference Handler" daemon [_thread_blocked, id=9036, stack(0x0000000016ae0000,0x0000000016be0000)]
  0x0000000002c6e800 JavaThread "main" [_thread_in_vm, id=8988, stack(0x0000000002fc0000,0x00000000030c0000)]

Other Threads:
  0x0000000015955000 VMThread [stack: 0x00000000169e0000,0x0000000016ae0000] [id=9868]
  0x000000001704a800 WatcherThread [stack: 0x00000000176e0000,0x00000000177e0000] [id=6888]

VM state:not at safepoint (normal execution)

VM Mutex/Monitor currently owned by a thread:  ([mutex/lock_event])
[0x0000000002c6d420] AdapterHandlerLibrary_lock - owner thread: 0x0000000002c6e800

Heap:
 PSYoungGen      total 52736K, used 46946K [0x00000000eab00000, 0x00000000ee200000, 0x0000000100000000)
  eden space 49152K, 88% used [0x00000000eab00000,0x00000000ed55bf70,0x00000000edb00000)
  from space 3584K, 99% used [0x00000000ede80000,0x00000000ee1fcab8,0x00000000ee200000)
  to   space 3584K, 0% used [0x00000000edb00000,0x00000000edb00000,0x00000000ede80000)
 ParOldGen       total 64512K, used 5320K [0x00000000c0000000, 0x00000000c3f00000, 0x00000000eab00000)
  object space 64512K, 8% used [0x00000000c0000000,0x00000000c0532130,0x00000000c3f00000)
 Metaspace       used 6139K, capacity 7152K, committed 7296K, reserved 1056768K
  class space    used 585K, capacity 616K, committed 640K, reserved 1048576K

Card table byte_map: [0x0000000012680000,0x0000000012890000] byte_map_base: 0x0000000012080000

Marking Bits: (ParMarkBitMap*) 0x000000005c32b460
 Begin Bits: [0x0000000012df0000, 0x0000000013df0000)
 End Bits:   [0x0000000013df0000, 0x0000000014df0000)

Polling page: 0x00000000011c0000

CodeCache: size=245760Kb used=7900Kb max_used=7929Kb free=237859Kb
 bounds [0x00000000032c0000, 0x0000000003a90000, 0x00000000122c0000]
 total_blobs=2020 nmethods=1755 adapters=178
 compilation: enabled

Compilation events (10 events):
Event: 7.972 Thread 0x0000000017042000 1756       3       com.android.dx.cf.attrib.RawAttribute::<init> (17 bytes)
Event: 7.972 Thread 0x0000000017042000 nmethod 1756 0x0000000003a43c90 code [0x0000000003a43e40, 0x0000000003a44408]
Event: 7.972 Thread 0x0000000017042000 1757       3       com.android.dx.cf.attrib.RawAttribute::<init> (30 bytes)
Event: 7.973 Thread 0x0000000017042000 nmethod 1757 0x0000000003a60150 code [0x0000000003a602e0, 0x0000000003a606f8]
Event: 7.973 Thread 0x0000000017042000 1758       1       com.android.dx.cf.direct.DirectClassFile$DcfTypeList::size (5 bytes)
Event: 7.973 Thread 0x0000000017042000 nmethod 1758 0x0000000003a439d0 code [0x0000000003a43b20, 0x0000000003a43c30]
Event: 7.976 Thread 0x0000000017042000 1759       3       com.android.dx.dex.file.ClassDefItem::addDirectMethod (9 bytes)
Event: 7.977 Thread 0x0000000017042000 nmethod 1759 0x0000000003a60890 code [0x0000000003a60a40, 0x0000000003a610d8]
Event: 7.977 Thread 0x0000000017042000 1760       3       com.android.dx.dex.file.ClassDataItem::addDirectMethod (24 bytes)
Event: 7.977 Thread 0x0000000017042000 nmethod 1760 0x0000000003a61490 code [0x0000000003a61640, 0x0000000003a61cb8]

GC Heap History (4 events):
Event: 4.400 GC heap before
{Heap before GC invocations=1 (full 0):
 PSYoungGen      total 28160K, used 24576K [0x00000000eab00000, 0x00000000eca00000, 0x0000000100000000)
  eden space 24576K, 100% used [0x00000000eab00000,0x00000000ec300000,0x00000000ec300000)
  from space 3584K, 0% used [0x00000000ec680000,0x00000000ec680000,0x00000000eca00000)
  to   space 3584K, 0% used [0x00000000ec300000,0x00000000ec300000,0x00000000ec680000)
 ParOldGen       total 64512K, used 0K [0x00000000c0000000, 0x00000000c3f00000, 0x00000000eab00000)
  object space 64512K, 0% used [0x00000000c0000000,0x00000000c0000000,0x00000000c3f00000)
 Metaspace       used 5855K, capacity 6896K, committed 7040K, reserved 1056768K
  class space    used 577K, capacity 616K, committed 640K, reserved 1048576K
Event: 4.471 GC heap after
Heap after GC invocations=1 (full 0):
 PSYoungGen      total 28160K, used 3554K [0x00000000eab00000, 0x00000000ee200000, 0x0000000100000000)
  eden space 24576K, 0% used [0x00000000eab00000,0x00000000eab00000,0x00000000ec300000)
  from space 3584K, 99% used [0x00000000ec300000,0x00000000ec678ab8,0x00000000ec680000)
  to   space 3584K, 0% used [0x00000000ede80000,0x00000000ede80000,0x00000000ee200000)
 ParOldGen       total 64512K, used 1976K [0x00000000c0000000, 0x00000000c3f00000, 0x00000000eab00000)
  object space 64512K, 3% used [0x00000000c0000000,0x00000000c01ee3d0,0x00000000c3f00000)
 Metaspace       used 5855K, capacity 6896K, committed 7040K, reserved 1056768K
  class space    used 577K, capacity 616K, committed 640K, reserved 1048576K
}
Event: 5.198 GC heap before
{Heap before GC invocations=2 (full 0):
 PSYoungGen      total 28160K, used 28130K [0x00000000eab00000, 0x00000000ee200000, 0x0000000100000000)
  eden space 24576K, 100% used [0x00000000eab00000,0x00000000ec300000,0x00000000ec300000)
  from space 3584K, 99% used [0x00000000ec300000,0x00000000ec678ab8,0x00000000ec680000)
  to   space 3584K, 0% used [0x00000000ede80000,0x00000000ede80000,0x00000000ee200000)
 ParOldGen       total 64512K, used 1976K [0x00000000c0000000, 0x00000000c3f00000, 0x00000000eab00000)
  object space 64512K, 3% used [0x00000000c0000000,0x00000000c01ee3d0,0x00000000c3f00000)
 Metaspace       used 6070K, capacity 7088K, committed 7296K, reserved 1056768K
  class space    used 583K, capacity 616K, committed 640K, reserved 1048576K
Event: 5.305 GC heap after
Heap after GC invocations=2 (full 0):
 PSYoungGen      total 52736K, used 3570K [0x00000000eab00000, 0x00000000ee200000, 0x0000000100000000)
  eden space 49152K, 0% used [0x00000000eab00000,0x00000000eab00000,0x00000000edb00000)
  from space 3584K, 99% used [0x00000000ede80000,0x00000000ee1fcab8,0x00000000ee200000)
  to   space 3584K, 0% used [0x00000000edb00000,0x00000000edb00000,0x00000000ede80000)
 ParOldGen       total 64512K, used 5320K [0x00000000c0000000, 0x00000000c3f00000, 0x00000000eab00000)
  object space 64512K, 8% used [0x00000000c0000000,0x00000000c0532130,0x00000000c3f00000)
 Metaspace       used 6070K, capacity 7088K, committed 7296K, reserved 1056768K
  class space    used 583K, capacity 616K, committed 640K, reserved 1048576K
}

Deoptimization events (10 events):
Event: 3.928 Thread 0x0000000017314800 Uncommon trap: reason=class_check action=maybe_recompile pc=0x00000000035379f0 method=com.android.dx.ssa.NormalSsaInsn.accept(Lcom/android/dx/ssa/SsaInsn$Visitor;)V @ 9
Event: 4.085 Thread 0x000000001723b000 Uncommon trap: reason=null_check action=make_not_entrant pc=0x000000000368eb7c method=com.android.dx.ssa.SsaRenamer.getLocalForNewReg(I)Lcom/android/dx/rop/code/LocalItem; @ 19
Event: 4.335 Thread 0x0000000017314000 Uncommon trap: reason=null_check action=make_not_entrant pc=0x0000000003689fc0 method=com.android.dx.ssa.SsaRenamer.getLocalForNewReg(I)Lcom/android/dx/rop/code/LocalItem; @ 19
Event: 4.931 Thread 0x0000000017314800 Uncommon trap: reason=unreached action=reinterpret pc=0x00000000035fdddc method=com.android.dx.rop.cst.Constant.compareTo(Lcom/android/dx/rop/cst/Constant;)I @ 12
Event: 5.047 Thread 0x0000000017312800 Uncommon trap: reason=unreached action=reinterpret pc=0x00000000037fe88c method=com.android.dx.ssa.MoveParamCombiner$1.visitNonMoveInsn(Lcom/android/dx/ssa/NormalSsaInsn;)V @ 27
Event: 5.066 Thread 0x0000000017314800 Uncommon trap: reason=bimorphic action=maybe_recompile pc=0x00000000035c34a4 method=java.util.HashMap.getNode(ILjava/lang/Object;)Ljava/util/HashMap$Node; @ 126
Event: 5.089 Thread 0x000000001723b000 Uncommon trap: reason=uninitialized action=reinterpret pc=0x00000000038beec8 method=com.android.dx.cf.code.BytecodeArray.parseInstruction(ILcom/android/dx/cf/code/BytecodeArray$Visitor;)I @ 999
Event: 6.370 Thread 0x0000000017314000 Uncommon trap: reason=unreached action=reinterpret pc=0x00000000034f2b70 method=java.util.HashMap.getNode(ILjava/lang/Object;)Ljava/util/HashMap$Node; @ 84
Event: 6.370 Thread 0x0000000017314000 Uncommon trap: reason=unreached action=reinterpret pc=0x000000000377871c method=java.util.HashMap.putVal(ILjava/lang/Object;Ljava/lang/Object;ZZ)Ljava/lang/Object; @ 109
Event: 7.470 Thread 0x0000000002c6e800 Uncommon trap: reason=unreached action=reinterpret pc=0x000000000395ca24 method=com.android.dx.cf.code.RopperMachine.run(Lcom/android/dx/cf/code/Frame;II)V @ 1500

Internal exceptions (10 events):
Event: 4.962 Thread 0x0000000002c6e800 Exception <a 'java/security/PrivilegedActionException'> (0x00000000eb7ab608) thrown at [D:\re\workspace\8-2-build-windows-amd64-cygwin\jdk8u20\1074\hotspot\src\share\vm\prims\jvm.cpp, line 1275]
Event: 4.963 Thread 0x0000000002c6e800 Exception <a 'java/security/PrivilegedActionException'> (0x00000000eb7addc0) thrown at [D:\re\workspace\8-2-build-windows-amd64-cygwin\jdk8u20\1074\hotspot\src\share\vm\prims\jvm.cpp, line 1275]
Event: 4.963 Thread 0x0000000002c6e800 Exception <a 'java/security/PrivilegedActionException'> (0x00000000eb7b1f10) thrown at [D:\re\workspace\8-2-build-windows-amd64-cygwin\jdk8u20\1074\hotspot\src\share\vm\prims\jvm.cpp, line 1275]
Event: 4.964 Thread 0x0000000002c6e800 Exception <a 'java/security/PrivilegedActionException'> (0x00000000eb7b4498) thrown at [D:\re\workspace\8-2-build-windows-amd64-cygwin\jdk8u20\1074\hotspot\src\share\vm\prims\jvm.cpp, line 1275]
Event: 4.975 Thread 0x0000000017314000 Exception <a 'java/security/PrivilegedActionException'> (0x00000000ebc03a10) thrown at [D:\re\workspace\8-2-build-windows-amd64-cygwin\jdk8u20\1074\hotspot\src\share\vm\prims\jvm.cpp, line 1275]
Event: 4.976 Thread 0x0000000017314000 Exception <a 'java/security/PrivilegedActionException'> (0x00000000ebc092a8) thrown at [D:\re\workspace\8-2-build-windows-amd64-cygwin\jdk8u20\1074\hotspot\src\share\vm\prims\jvm.cpp, line 1275]
Event: 4.977 Thread 0x0000000017314000 Exception <a 'java/security/PrivilegedActionException'> (0x00000000ebc0e8e8) thrown at [D:\re\workspace\8-2-build-windows-amd64-cygwin\jdk8u20\1074\hotspot\src\share\vm\prims\jvm.cpp, line 1275]
Event: 6.859 Thread 0x000000001723b000 Exception <a 'java/security/PrivilegedActionException'> (0x00000000eb580870) thrown at [D:\re\workspace\8-2-build-windows-amd64-cygwin\jdk8u20\1074\hotspot\src\share\vm\prims\jvm.cpp, line 1275]
Event: 7.398 Thread 0x0000000002c6e800 Exception <a 'java/security/PrivilegedActionException'> (0x00000000ec234a20) thrown at [D:\re\workspace\8-2-build-windows-amd64-cygwin\jdk8u20\1074\hotspot\src\share\vm\prims\jvm.cpp, line 1275]
Event: 7.970 Thread 0x0000000002c6e800 Exception <a 'java/security/PrivilegedActionException'> (0x00000000ed0a15e0) thrown at [D:\re\workspace\8-2-build-windows-amd64-cygwin\jdk8u20\1074\hotspot\src\share\vm\prims\jvm.cpp, line 1275]

Events (10 events):
Event: 6.370 Thread 0x0000000017314000 DEOPT UNPACKING pc=0x000000000330556a sp=0x00000000183deb20 mode 2
Event: 6.859 loading class com/android/dx/rop/code/RegisterSpec$1
Event: 6.859 loading class com/android/dx/rop/code/RegisterSpec$1 done
Event: 7.398 loading class com/android/dx/cf/attrib/AttDeprecated
Event: 7.398 loading class com/android/dx/cf/attrib/AttDeprecated done
Event: 7.470 Thread 0x0000000002c6e800 Uncommon trap: trap_request=0xffffffad fr.pc=0x000000000395ca24
Event: 7.470 Thread 0x0000000002c6e800 DEOPT PACKING pc=0x000000000395ca24 sp=0x00000000030bd9d0
Event: 7.470 Thread 0x0000000002c6e800 DEOPT UNPACKING pc=0x000000000330556a sp=0x00000000030bd988 mode 2
Event: 7.970 loading class com/android/dx/cf/attrib/AttRuntimeVisibleAnnotations
Event: 7.970 loading class com/android/dx/cf/attrib/AttRuntimeVisibleAnnotations done


Dynamic libraries:
0x00007ff7e4570000 - 0x00007ff7e45a4000 	D:\java\jdk1.8.0_20\bin\java.exe
0x00007fff68330000 - 0x00007fff684f1000 	C:\WINDOWS\SYSTEM32\ntdll.dll
0x00007fff67dd0000 - 0x00007fff67e7d000 	C:\WINDOWS\system32\KERNEL32.DLL
0x00007fff64e20000 - 0x00007fff65008000 	C:\WINDOWS\system32\KERNELBASE.dll
0x00007fff65d50000 - 0x00007fff65df7000 	C:\WINDOWS\system32\ADVAPI32.dll
0x00007fff660a0000 - 0x00007fff6613d000 	C:\WINDOWS\system32\msvcrt.dll
0x00007fff65e00000 - 0x00007fff65e5b000 	C:\WINDOWS\system32\sechost.dll
0x00007fff66140000 - 0x00007fff6625c000 	C:\WINDOWS\system32\RPCRT4.dll
0x00007fff68180000 - 0x00007fff682d6000 	C:\WINDOWS\system32\USER32.dll
0x00007fff65e60000 - 0x00007fff65fe6000 	C:\WINDOWS\system32\GDI32.dll
0x00007fff5f560000 - 0x00007fff5f7d4000 	C:\WINDOWS\WinSxS\amd64_microsoft.windows.common-controls_6595b64144ccf1df_6.0.10586.672_none_a2d6b3cea53ff843\COMCTL32.dll
0x00007fff67ae0000 - 0x00007fff67d5d000 	C:\WINDOWS\system32\combase.dll
0x00007fff64d00000 - 0x00007fff64d6a000 	C:\WINDOWS\system32\bcryptPrimitives.dll
0x00007fff682e0000 - 0x00007fff6831b000 	C:\WINDOWS\system32\IMM32.DLL
0x00007fff64820000 - 0x00007fff64851000 	C:\Windows\system32\nvinitx.dll
0x00007fff64810000 - 0x00007fff6481a000 	C:\WINDOWS\SYSTEM32\VERSION.dll
0x000000005c3b0000 - 0x000000005c482000 	D:\java\jdk1.8.0_20\jre\bin\msvcr100.dll
0x000000005bb50000 - 0x000000005c3a8000 	D:\java\jdk1.8.0_20\jre\bin\server\jvm.dll
0x00007fff68320000 - 0x00007fff68328000 	C:\WINDOWS\system32\PSAPI.DLL
0x00007fff56510000 - 0x00007fff56519000 	C:\WINDOWS\SYSTEM32\WSOCK32.dll
0x00007fff67d60000 - 0x00007fff67dcb000 	C:\WINDOWS\system32\WS2_32.dll
0x00007fff62ed0000 - 0x00007fff62ef3000 	C:\WINDOWS\SYSTEM32\WINMM.dll
0x00007fff62cb0000 - 0x00007fff62cdc000 	C:\WINDOWS\SYSTEM32\WINMMBASE.dll
0x00007fff656c0000 - 0x00007fff65703000 	C:\WINDOWS\system32\cfgmgr32.dll
0x000000005d000000 - 0x000000005d00f000 	D:\java\jdk1.8.0_20\jre\bin\verify.dll
0x000000005bb20000 - 0x000000005bb48000 	D:\java\jdk1.8.0_20\jre\bin\java.dll
0x000000005bb00000 - 0x000000005bb16000 	D:\java\jdk1.8.0_20\jre\bin\zip.dll
0x00007fff664b0000 - 0x00007fff67a0c000 	C:\WINDOWS\system32\SHELL32.dll
0x00007fff65010000 - 0x00007fff65655000 	C:\WINDOWS\system32\windows.storage.dll
0x00007fff66280000 - 0x00007fff662d2000 	C:\WINDOWS\system32\shlwapi.dll
0x00007fff649a0000 - 0x00007fff649af000 	C:\WINDOWS\system32\kernel.appcore.dll
0x00007fff64c40000 - 0x00007fff64cf5000 	C:\WINDOWS\system32\shcore.dll
0x00007fff64950000 - 0x00007fff6499b000 	C:\WINDOWS\system32\powrprof.dll
0x00007fff64930000 - 0x00007fff64944000 	C:\WINDOWS\system32\profapi.dll
0x00007fff55b80000 - 0x00007fff55d0c000 	C:\WINDOWS\SYSTEM32\dbghelp.dll

VM Arguments:
jvm_args: -Djava.awt.headless=true -Xmx1024M -Dfile.encoding=GBK -Duser.country=CN -Duser.language=zh -Duser.variant 
java_command: com.android.dx.command.Main --dex --num-threads=4 --output E:\works\icute\android\app\build\intermediates\pre-dexed\debug\com.android.support-support-v4-23.4.0_524b15dbb712ddb6b95db6e746ff6f76ebc28f67.jar E:\works\icute\android\app\build\intermediates\exploded-aar\com.android.support\support-v4\23.4.0\jars\classes.jar
java_class_path (initial): D:\andriodStduio\sdk\build-tools\23.0.1\lib\dx.jar
Launcher Type: SUN_STANDARD

Environment Variables:
JAVA_HOME=D:\java\jdk1.8.0_20
CLASSPATH=.;D:\java\jdk1.8.0_20\lib\dt.jar;D:\java\jdk1.8.0_20\lib\tools.jar;D:\apache-tomcat-7.0.65-windows-x64\apache-tomcat-7.0.65\lib\servlet-api.jar;D:\apache-tomcat-7.0.65-windows-x64\apache-tomcat-7.0.65\lib\jsp-api.jar;D:\eclipse_javaEE\lib\Aspectj\install\lib\aspectjrt.jar
PATH=C:\ProgramData\Oracle\Java\javapath;D:\java\jdk1.8.0_20\bin;D:\java\jdk1.8.0_20\jre\binC:\WINDOWS\system32;C:\WINDOWS;C:\WINDOWS\System32\Wbem;C:\WINDOWS\System32\WindowsPowerShell\v1.0\;C:\Program Files\Microsoft SQL Server\110\Tools\Binn\;C:\Program Files (x86)\Microsoft SDKs\TypeScript\1.0\;D:\MATLAB\bin\win32;C:\Windows\System32;C:\Program Files\Intel\WiFi\bin\;C:\Program Files\Common Files\Intel\WirelessCommon\;D:\java\jdk1.8.0_20\bin;D:\;amp\wamp\bin\mysql\mysql5.5.20\bin;D:\python2.7.10\install;D:\wamp\wamp\bin\mysql\mysql5.5.20\bin;D:\python2.7.10\install\Scripts;C:\mongodb\bin;D:\nodejs\nvmw;D:\svn\bin;D:\scala\install\bin;D:\sbt\install\\bin;D:\sbt\install\bin;D:\git\Git\bin;D:\ant\apache-ant-1.9.6/bin;D:\curl;D:\wamp\wamp\bin\php\php5.3.10;D:\wamp\wamp\bin\php\php5.5.12;C:\ProgramData\ComposerSetup\bin;C:\Users\Administrator\AppData\Roaming\Composer\Vendor\bin;D:\OCR\install\Tesseract-OCR;C:\WINDOWS\system32;C:\Program Files (x86)\Windows Kits\10\Windows Performance Toolkit\;D:\makeForWin\GnuWin32\bin;D:\eclipse_javaEE\lib\Aspectj\install\bin;D:\maven\apache-maven-3.3.9\bin;D:\php\php-5.6.21-Win32-VC11-x64;D:\php\php-5.6.21-Win32-VC11-x64\ext;D:\mysql\mysql-5.6.24-winx64\bin;D:\andriodStduio\sdk\tools;D:\andriodStduio\sdk\platform-tools;D:\nmap\nmap-7.31;D:\nodejs\nvmw\v6.2.0\;D:\cocos2d-x\templates;D:\cocos2d-x\tools\cocos2d-console\bin;C:\Program Files\Intel\WiFi\bin\;C:\Program Files\Common Files\Intel\WirelessCommon\;D:\vscode\install\Microsoft VS Code\bin;C:\Users\Administrator\AppData\Roaming\npm
USERNAME=Administrator
OS=Windows_NT
PROCESSOR_IDENTIFIER=Intel64 Family 6 Model 58 Stepping 9, GenuineIntel



---------------  S Y S T E M  ---------------

OS: Windows 8.1 , 64 bit Build 9600 

CPU:total 4 (2 cores per cpu, 2 threads per core) family 6 model 58 stepping 9, cmov, cx8, fxsr, mmx, sse, sse2, sse3, ssse3, sse4.1, sse4.2, popcnt, avx, aes, clmul, erms, ht, tsc, tscinvbit, tscinv

Memory: 4k page, physical 6148232k(599996k free), swap 8181760k(1984k free)

vm_info: Java HotSpot(TM) 64-Bit Server VM (25.20-b23) for windows-amd64 JRE (1.8.0_20-b26), built on Jul 30 2014 13:51:23 by "java_re" with MS VC++ 10.0 (VS2010)

time: Fri Mar 17 22:27:40 2017
elapsed time: 8 seconds (0d 0h 0m 8s)

