#
# There is insufficient memory for the Java Runtime Environment to continue.
# Native memory allocation (malloc) failed to allocate 827856 bytes for Chunk::new
# Possible reasons:
#   The system is out of physical RAM or swap space
#   In 32 bit mode, the process size limit was hit
# Possible solutions:
#   Reduce memory load on the system
#   Increase physical memory or swap space
#   Check if swap backing store is full
#   Use 64 bit Java on a 64 bit OS
#   Decrease Java heap size (-Xmx/-Xms)
#   Decrease number of Java threads
#   Decrease Java thread stack sizes (-Xss)
#   Set larger code cache with -XX:ReservedCodeCacheSize=
# This output file may be truncated or incomplete.
#
#  Out of Memory Error (allocation.cpp:390), pid=14616, tid=15084
#
# JRE version: Java(TM) SE Runtime Environment (8.0_20-b26) (build 1.8.0_20-b26)
# Java VM: Java HotSpot(TM) 64-Bit Server VM (25.20-b23 mixed mode windows-amd64 compressed oops)
# Failed to write core dump. Minidumps are not enabled by default on client versions of Windows
#

---------------  T H R E A D  ---------------

Current thread (0x00000000152cb800):  JavaThread "C2 CompilerThread0" daemon [_thread_in_native, id=15084, stack(0x00000000167c0000,0x00000000168c0000)]

Stack: [0x00000000167c0000,0x00000000168c0000]
Native frames: (J=compiled Java code, j=interpreted, Vv=VM code, C=native code)
V  [jvm.dll+0x3152fa]
V  [jvm.dll+0x265d03]
V  [jvm.dll+0x266943]
V  [jvm.dll+0x25e265]
V  [jvm.dll+0xbe255]
V  [jvm.dll+0xbe6fc]
V  [jvm.dll+0x477e2c]
V  [jvm.dll+0x444fab]
V  [jvm.dll+0x4500de]
V  [jvm.dll+0x4526c8]
V  [jvm.dll+0x435fc2]
V  [jvm.dll+0x97b62]
V  [jvm.dll+0x98353]
V  [jvm.dll+0x22aac4]
V  [jvm.dll+0x283f5a]
C  [msvcr100.dll+0x21d9f]
C  [msvcr100.dll+0x21e3b]
C  [KERNEL32.DLL+0x18102]
C  [ntdll.dll+0x5c5b4]


Current CompileTask:
C2:   1675 1302   !   4       com.android.dx.cf.code.BytecodeArray::parseInstruction (2764 bytes)


---------------  P R O C E S S  ---------------

Java Threads: ( => current thread )
  0x0000000016b2e800 JavaThread "pool-1-thread-4" [_thread_blocked, id=15288, stack(0x00000000174c0000,0x00000000175c0000)]
  0x0000000016b34000 JavaThread "pool-1-thread-3" [_thread_blocked, id=15284, stack(0x00000000173c0000,0x00000000174c0000)]
  0x0000000016b2c800 JavaThread "pool-1-thread-2" [_thread_in_Java, id=15264, stack(0x00000000172c0000,0x00000000173c0000)]
  0x0000000016b29000 JavaThread "pool-2-thread-1" [_thread_blocked, id=14524, stack(0x00000000171c0000,0x00000000172c0000)]
  0x0000000016b26800 JavaThread "pool-1-thread-1" [_thread_blocked, id=15156, stack(0x00000000170c0000,0x00000000171c0000)]
  0x000000001691a000 JavaThread "Service Thread" daemon [_thread_blocked, id=15100, stack(0x0000000016ec0000,0x0000000016fc0000)]
  0x0000000016913800 JavaThread "C1 CompilerThread2" daemon [_thread_in_vm, id=14944, stack(0x0000000016dc0000,0x0000000016ec0000)]
  0x000000001690d800 JavaThread "C2 CompilerThread1" daemon [_thread_in_native, id=15108, stack(0x0000000016cc0000,0x0000000016dc0000)]
=>0x00000000152cb800 JavaThread "C2 CompilerThread0" daemon [_thread_in_native, id=15084, stack(0x00000000167c0000,0x00000000168c0000)]
  0x00000000152c9800 JavaThread "Attach Listener" daemon [_thread_blocked, id=15032, stack(0x00000000166c0000,0x00000000167c0000)]
  0x000000001527e000 JavaThread "Signal Dispatcher" daemon [_thread_blocked, id=8640, stack(0x00000000165c0000,0x00000000166c0000)]
  0x0000000002b91800 JavaThread "Finalizer" daemon [_thread_blocked, id=13996, stack(0x00000000164c0000,0x00000000165c0000)]
  0x0000000002b8e000 JavaThread "Reference Handler" daemon [_thread_blocked, id=15008, stack(0x00000000163c0000,0x00000000164c0000)]
  0x0000000002a9e800 JavaThread "main" [_thread_in_vm, id=8020, stack(0x0000000002920000,0x0000000002a20000)]

Other Threads:
  0x0000000015235000 VMThread [stack: 0x00000000162c0000,0x00000000163c0000] [id=14108]
  0x000000001691c000 WatcherThread [stack: 0x0000000016fc0000,0x00000000170c0000] [id=15128]

VM state:not at safepoint (normal execution)

VM Mutex/Monitor currently owned by a thread: None

Heap:
 PSYoungGen      total 52736K, used 16803K [0x00000000eab00000, 0x00000000ee200000, 0x0000000100000000)
  eden space 49152K, 26% used [0x00000000eab00000,0x00000000eb7f0bc8,0x00000000edb00000)
  from space 3584K, 99% used [0x00000000ede80000,0x00000000ee1f83a0,0x00000000ee200000)
  to   space 3584K, 0% used [0x00000000edb00000,0x00000000edb00000,0x00000000ede80000)
 ParOldGen       total 64512K, used 5769K [0x00000000c0000000, 0x00000000c3f00000, 0x00000000eab00000)
  object space 64512K, 8% used [0x00000000c0000000,0x00000000c05a26f0,0x00000000c3f00000)
 Metaspace       used 6052K, capacity 7088K, committed 7296K, reserved 1056768K
  class space    used 583K, capacity 616K, committed 640K, reserved 1048576K

Card table byte_map: [0x0000000011f60000,0x0000000012170000] byte_map_base: 0x0000000011960000

Marking Bits: (ParMarkBitMap*) 0x000000005c32b460
 Begin Bits: [0x00000000126d0000, 0x00000000136d0000)
 End Bits:   [0x00000000136d0000, 0x00000000146d0000)

Polling page: 0x0000000000ea0000

CodeCache: size=245760Kb used=5806Kb max_used=5806Kb free=239953Kb
 bounds [0x0000000002ba0000, 0x0000000003150000, 0x0000000011ba0000]
 total_blobs=1738 nmethods=1472 adapters=178
 compilation: enabled

Compilation events (10 events):
Event: 1.657 Thread 0x0000000016913800 nmethod 1472 0x0000000003144b50 code [0x0000000003144ca0, 0x0000000003144e30]
Event: 1.657 Thread 0x0000000016913800 1474       2       com.android.dx.rop.code.LocalVariableExtractor::extract (14 bytes)
Event: 1.657 Thread 0x0000000016913800 nmethod 1474 0x0000000003144f10 code [0x0000000003145080, 0x0000000003145258]
Event: 1.657 Thread 0x0000000016913800 1475       2       com.android.dx.cf.code.LocalVariableList::concat (97 bytes)
Event: 1.659 Thread 0x0000000016913800 nmethod 1475 0x0000000003145350 code [0x00000000031455a0, 0x00000000031460c8]
Event: 1.659 Thread 0x0000000016913800 1476       2       java.util.HashMap$HashIterator::<init> (79 bytes)
Event: 1.659 Thread 0x0000000016913800 nmethod 1476 0x0000000003146f90 code [0x0000000003147100, 0x0000000003147370]
Event: 1.659 Thread 0x0000000016913800 1477       2       java.util.Arrays$LegacyMergeSort::access$000 (4 bytes)
Event: 1.659 Thread 0x0000000016913800 nmethod 1477 0x0000000003147490 code [0x00000000031475e0, 0x0000000003147710]
Event: 1.659 Thread 0x0000000016913800 1478       2       com.android.dx.dex.file.ClassDefItem::addVirtualMethod (9 bytes)

GC Heap History (4 events):
Event: 1.128 GC heap before
{Heap before GC invocations=1 (full 0):
 PSYoungGen      total 28160K, used 24576K [0x00000000eab00000, 0x00000000eca00000, 0x0000000100000000)
  eden space 24576K, 100% used [0x00000000eab00000,0x00000000ec300000,0x00000000ec300000)
  from space 3584K, 0% used [0x00000000ec680000,0x00000000ec680000,0x00000000eca00000)
  to   space 3584K, 0% used [0x00000000ec300000,0x00000000ec300000,0x00000000ec680000)
 ParOldGen       total 64512K, used 0K [0x00000000c0000000, 0x00000000c3f00000, 0x00000000eab00000)
  object space 64512K, 0% used [0x00000000c0000000,0x00000000c0000000,0x00000000c3f00000)
 Metaspace       used 5808K, capacity 6832K, committed 7040K, reserved 1056768K
  class space    used 583K, capacity 616K, committed 640K, reserved 1048576K
Event: 1.148 GC heap after
Heap after GC invocations=1 (full 0):
 PSYoungGen      total 28160K, used 3579K [0x00000000eab00000, 0x00000000ee200000, 0x0000000100000000)
  eden space 24576K, 0% used [0x00000000eab00000,0x00000000eab00000,0x00000000ec300000)
  from space 3584K, 99% used [0x00000000ec300000,0x00000000ec67ef30,0x00000000ec680000)
  to   space 3584K, 0% used [0x00000000ede80000,0x00000000ede80000,0x00000000ee200000)
 ParOldGen       total 64512K, used 2369K [0x00000000c0000000, 0x00000000c3f00000, 0x00000000eab00000)
  object space 64512K, 3% used [0x00000000c0000000,0x00000000c0250400,0x00000000c3f00000)
 Metaspace       used 5808K, capacity 6832K, committed 7040K, reserved 1056768K
  class space    used 583K, capacity 616K, committed 640K, reserved 1048576K
}
Event: 1.477 GC heap before
{Heap before GC invocations=2 (full 0):
 PSYoungGen      total 28160K, used 28155K [0x00000000eab00000, 0x00000000ee200000, 0x0000000100000000)
  eden space 24576K, 100% used [0x00000000eab00000,0x00000000ec300000,0x00000000ec300000)
  from space 3584K, 99% used [0x00000000ec300000,0x00000000ec67ef30,0x00000000ec680000)
  to   space 3584K, 0% used [0x00000000ede80000,0x00000000ede80000,0x00000000ee200000)
 ParOldGen       total 64512K, used 2369K [0x00000000c0000000, 0x00000000c3f00000, 0x00000000eab00000)
  object space 64512K, 3% used [0x00000000c0000000,0x00000000c0250400,0x00000000c3f00000)
 Metaspace       used 5995K, capacity 7024K, committed 7296K, reserved 1056768K
  class space    used 583K, capacity 616K, committed 640K, reserved 1048576K
Event: 1.490 GC heap after
Heap after GC invocations=2 (full 0):
 PSYoungGen      total 52736K, used 3552K [0x00000000eab00000, 0x00000000ee200000, 0x0000000100000000)
  eden space 49152K, 0% used [0x00000000eab00000,0x00000000eab00000,0x00000000edb00000)
  from space 3584K, 99% used [0x00000000ede80000,0x00000000ee1f83a0,0x00000000ee200000)
  to   space 3584K, 0% used [0x00000000edb00000,0x00000000edb00000,0x00000000ede80000)
 ParOldGen       total 64512K, used 5769K [0x00000000c0000000, 0x00000000c3f00000, 0x00000000eab00000)
  object space 64512K, 8% used [0x00000000c0000000,0x00000000c05a26f0,0x00000000c3f00000)
 Metaspace       used 5995K, capacity 7024K, committed 7296K, reserved 1056768K
  class space    used 583K, capacity 616K, committed 640K, reserved 1048576K
}

Deoptimization events (10 events):
Event: 0.903 Thread 0x0000000016b2e800 Uncommon trap: reason=class_check action=maybe_recompile pc=0x0000000002de67b0 method=com.android.dx.ssa.NormalSsaInsn.accept(Lcom/android/dx/ssa/SsaInsn$Visitor;)V @ 9
Event: 0.994 Thread 0x0000000016b2e800 Uncommon trap: reason=unreached action=reinterpret pc=0x0000000002e7ba9c method=com.android.dx.rop.cst.Constant.compareTo(Lcom/android/dx/rop/cst/Constant;)I @ 12
Event: 1.057 Thread 0x0000000016b2c800 Uncommon trap: reason=class_check action=maybe_recompile pc=0x0000000002e188ac method=com.android.dx.ssa.NormalSsaInsn.accept(Lcom/android/dx/ssa/SsaInsn$Visitor;)V @ 9
Event: 1.125 Thread 0x0000000016b26800 Uncommon trap: reason=null_check action=make_not_entrant pc=0x0000000002e8efa0 method=com.android.dx.rop.type.Type.equals(Ljava/lang/Object;)Z @ 8
Event: 1.195 Thread 0x0000000002a9e800 Uncommon trap: reason=bimorphic action=maybe_recompile pc=0x0000000002dc8860 method=java.util.HashMap.getNode(ILjava/lang/Object;)Ljava/util/HashMap$Node; @ 126
Event: 1.195 Thread 0x0000000002a9e800 Uncommon trap: reason=class_check action=maybe_recompile pc=0x0000000002fd5d3c method=java.util.HashMap.putVal(ILjava/lang/Object;Ljava/lang/Object;ZZ)Ljava/lang/Object; @ 203
Event: 1.195 Thread 0x0000000002a9e800 Uncommon trap: reason=bimorphic action=maybe_recompile pc=0x0000000002dc8860 method=java.util.HashMap.getNode(ILjava/lang/Object;)Ljava/util/HashMap$Node; @ 126
Event: 1.195 Thread 0x0000000002a9e800 Uncommon trap: reason=class_check action=maybe_recompile pc=0x0000000002fd5d3c method=java.util.HashMap.putVal(ILjava/lang/Object;Ljava/lang/Object;ZZ)Ljava/lang/Object; @ 203
Event: 1.196 Thread 0x0000000002a9e800 Uncommon trap: reason=bimorphic action=maybe_recompile pc=0x0000000002dc8860 method=java.util.HashMap.getNode(ILjava/lang/Object;)Ljava/util/HashMap$Node; @ 126
Event: 1.631 Thread 0x0000000002a9e800 Uncommon trap: reason=unloaded action=reinterpret pc=0x0000000003006b70 method=com.android.dx.cf.cst.ConstantPoolParser.parse0(ILjava/util/BitSet;)Lcom/android/dx/rop/cst/Constant; @ 220

Internal exceptions (10 events):
Event: 0.749 Thread 0x0000000016b2c800 Exception <a 'java/security/PrivilegedActionException'> (0x00000000eb232e18) thrown at [D:\re\workspace\8-2-build-windows-amd64-cygwin\jdk8u20\1074\hotspot\src\share\vm\prims\jvm.cpp, line 1275]
Event: 0.750 Thread 0x0000000002a9e800 Exception <a 'java/security/PrivilegedActionException'> (0x00000000eb4b77e0) thrown at [D:\re\workspace\8-2-build-windows-amd64-cygwin\jdk8u20\1074\hotspot\src\share\vm\prims\jvm.cpp, line 1275]
Event: 0.763 Thread 0x0000000016b34000 Exception <a 'java/security/PrivilegedActionException'> (0x00000000eb2c93f8) thrown at [D:\re\workspace\8-2-build-windows-amd64-cygwin\jdk8u20\1074\hotspot\src\share\vm\prims\jvm.cpp, line 1275]
Event: 0.764 Thread 0x0000000016b34000 Exception <a 'java/security/PrivilegedActionException'> (0x00000000eb763430) thrown at [D:\re\workspace\8-2-build-windows-amd64-cygwin\jdk8u20\1074\hotspot\src\share\vm\prims\jvm.cpp, line 1275]
Event: 0.765 Thread 0x0000000016b34000 Exception <a 'java/security/PrivilegedActionException'> (0x00000000eb768a70) thrown at [D:\re\workspace\8-2-build-windows-amd64-cygwin\jdk8u20\1074\hotspot\src\share\vm\prims\jvm.cpp, line 1275]
Event: 0.841 Thread 0x0000000002a9e800 Exception <a 'java/security/PrivilegedActionException'> (0x00000000eb856db0) thrown at [D:\re\workspace\8-2-build-windows-amd64-cygwin\jdk8u20\1074\hotspot\src\share\vm\prims\jvm.cpp, line 1275]
Event: 0.866 Thread 0x0000000002a9e800 Exception <a 'java/security/PrivilegedActionException'> (0x00000000eb880488) thrown at [D:\re\workspace\8-2-build-windows-amd64-cygwin\jdk8u20\1074\hotspot\src\share\vm\prims\jvm.cpp, line 1275]
Event: 1.038 Thread 0x0000000016b2c800 Exception <a 'java/security/PrivilegedActionException'> (0x00000000eba19820) thrown at [D:\re\workspace\8-2-build-windows-amd64-cygwin\jdk8u20\1074\hotspot\src\share\vm\prims\jvm.cpp, line 1275]
Event: 1.068 Thread 0x0000000016b2c800 Exception <a 'java/security/PrivilegedActionException'> (0x00000000ebfe60e8) thrown at [D:\re\workspace\8-2-build-windows-amd64-cygwin\jdk8u20\1074\hotspot\src\share\vm\prims\jvm.cpp, line 1275]
Event: 1.125 Thread 0x0000000016b26800 Implicit null exception at 0x0000000002e8eea2 to 0x0000000002e8ef92

Events (10 events):
Event: 1.195 Thread 0x0000000002a9e800 DEOPT PACKING pc=0x0000000002fd5d3c sp=0x0000000002a1e6c0
Event: 1.195 Thread 0x0000000002a9e800 DEOPT UNPACKING pc=0x0000000002be556a sp=0x0000000002a1e638 mode 2
Event: 1.196 Thread 0x0000000002a9e800 Uncommon trap: trap_request=0xffffffc6 fr.pc=0x0000000002dc8860
Event: 1.196 Thread 0x0000000002a9e800 DEOPT PACKING pc=0x0000000002dc8860 sp=0x0000000002a1e770
Event: 1.196 Thread 0x0000000002a9e800 DEOPT UNPACKING pc=0x0000000002be556a sp=0x0000000002a1e688 mode 2
Event: 1.468 Executing VM operation: ParallelGCFailedAllocation
Event: 1.490 Executing VM operation: ParallelGCFailedAllocation done
Event: 1.631 Thread 0x0000000002a9e800 Uncommon trap: trap_request=0x000000d2 fr.pc=0x0000000003006b70
Event: 1.631 Thread 0x0000000002a9e800 DEOPT PACKING pc=0x0000000003006b70 sp=0x0000000002a1ed80
Event: 1.631 Thread 0x0000000002a9e800 DEOPT UNPACKING pc=0x0000000002be556a sp=0x0000000002a1ed38 mode 2


Dynamic libraries:
0x00007ff7e4570000 - 0x00007ff7e45a4000 	D:\java\jdk1.8.0_20\bin\java.exe
0x00007fff68330000 - 0x00007fff684f1000 	C:\WINDOWS\SYSTEM32\ntdll.dll
0x00007fff67dd0000 - 0x00007fff67e7d000 	C:\WINDOWS\system32\KERNEL32.DLL
0x00007fff64e20000 - 0x00007fff65008000 	C:\WINDOWS\system32\KERNELBASE.dll
0x00007fff65d50000 - 0x00007fff65df7000 	C:\WINDOWS\system32\ADVAPI32.dll
0x00007fff660a0000 - 0x00007fff6613d000 	C:\WINDOWS\system32\msvcrt.dll
0x00007fff65e00000 - 0x00007fff65e5b000 	C:\WINDOWS\system32\sechost.dll
0x00007fff66140000 - 0x00007fff6625c000 	C:\WINDOWS\system32\RPCRT4.dll
0x00007fff68180000 - 0x00007fff682d6000 	C:\WINDOWS\system32\USER32.dll
0x00007fff65e60000 - 0x00007fff65fe6000 	C:\WINDOWS\system32\GDI32.dll
0x00007fff5f560000 - 0x00007fff5f7d4000 	C:\WINDOWS\WinSxS\amd64_microsoft.windows.common-controls_6595b64144ccf1df_6.0.10586.672_none_a2d6b3cea53ff843\COMCTL32.dll
0x00007fff67ae0000 - 0x00007fff67d5d000 	C:\WINDOWS\system32\combase.dll
0x00007fff64d00000 - 0x00007fff64d6a000 	C:\WINDOWS\system32\bcryptPrimitives.dll
0x00007fff682e0000 - 0x00007fff6831b000 	C:\WINDOWS\system32\IMM32.DLL
0x00007fff64820000 - 0x00007fff64851000 	C:\Windows\system32\nvinitx.dll
0x00007fff64810000 - 0x00007fff6481a000 	C:\WINDOWS\SYSTEM32\VERSION.dll
0x000000005c3b0000 - 0x000000005c482000 	D:\java\jdk1.8.0_20\jre\bin\msvcr100.dll
0x000000005bb50000 - 0x000000005c3a8000 	D:\java\jdk1.8.0_20\jre\bin\server\jvm.dll
0x00007fff68320000 - 0x00007fff68328000 	C:\WINDOWS\system32\PSAPI.DLL
0x00007fff56510000 - 0x00007fff56519000 	C:\WINDOWS\SYSTEM32\WSOCK32.dll
0x00007fff67d60000 - 0x00007fff67dcb000 	C:\WINDOWS\system32\WS2_32.dll
0x00007fff62ed0000 - 0x00007fff62ef3000 	C:\WINDOWS\SYSTEM32\WINMM.dll
0x00007fff62cb0000 - 0x00007fff62cdc000 	C:\WINDOWS\SYSTEM32\WINMMBASE.dll
0x00007fff656c0000 - 0x00007fff65703000 	C:\WINDOWS\system32\cfgmgr32.dll
0x000000005d000000 - 0x000000005d00f000 	D:\java\jdk1.8.0_20\jre\bin\verify.dll
0x000000005bb20000 - 0x000000005bb48000 	D:\java\jdk1.8.0_20\jre\bin\java.dll
0x000000005bb00000 - 0x000000005bb16000 	D:\java\jdk1.8.0_20\jre\bin\zip.dll
0x00007fff664b0000 - 0x00007fff67a0c000 	C:\WINDOWS\system32\SHELL32.dll
0x00007fff65010000 - 0x00007fff65655000 	C:\WINDOWS\system32\windows.storage.dll
0x00007fff66280000 - 0x00007fff662d2000 	C:\WINDOWS\system32\shlwapi.dll
0x00007fff649a0000 - 0x00007fff649af000 	C:\WINDOWS\system32\kernel.appcore.dll
0x00007fff64c40000 - 0x00007fff64cf5000 	C:\WINDOWS\system32\shcore.dll
0x00007fff64950000 - 0x00007fff6499b000 	C:\WINDOWS\system32\powrprof.dll
0x00007fff64930000 - 0x00007fff64944000 	C:\WINDOWS\system32\profapi.dll
0x00007fff55b80000 - 0x00007fff55d0c000 	C:\WINDOWS\SYSTEM32\dbghelp.dll

VM Arguments:
jvm_args: -Djava.awt.headless=true -Xmx1024M -Dfile.encoding=GBK -Duser.country=CN -Duser.language=zh -Duser.variant 
java_command: com.android.dx.command.Main --dex --num-threads=4 --output E:\works\icute\android\app\build\intermediates\pre-dexed\debug\com.android.support-appcompat-v7-23.0.1_cce98b5b3d75aa41da30820eb2f1970844ee88d4.jar E:\works\icute\android\app\build\intermediates\exploded-aar\com.android.support\appcompat-v7\23.0.1\jars\classes.jar
java_class_path (initial): D:\andriodStduio\sdk\build-tools\23.0.1\lib\dx.jar
Launcher Type: SUN_STANDARD

Environment Variables:
JAVA_HOME=D:\java\jdk1.8.0_20
CLASSPATH=.;D:\java\jdk1.8.0_20\lib\dt.jar;D:\java\jdk1.8.0_20\lib\tools.jar;D:\apache-tomcat-7.0.65-windows-x64\apache-tomcat-7.0.65\lib\servlet-api.jar;D:\apache-tomcat-7.0.65-windows-x64\apache-tomcat-7.0.65\lib\jsp-api.jar;D:\eclipse_javaEE\lib\Aspectj\install\lib\aspectjrt.jar
PATH=C:\ProgramData\Oracle\Java\javapath;D:\java\jdk1.8.0_20\bin;D:\java\jdk1.8.0_20\jre\binC:\WINDOWS\system32;C:\WINDOWS;C:\WINDOWS\System32\Wbem;C:\WINDOWS\System32\WindowsPowerShell\v1.0\;C:\Program Files\Microsoft SQL Server\110\Tools\Binn\;C:\Program Files (x86)\Microsoft SDKs\TypeScript\1.0\;D:\MATLAB\bin\win32;C:\Windows\System32;C:\Program Files\Intel\WiFi\bin\;C:\Program Files\Common Files\Intel\WirelessCommon\;D:\java\jdk1.8.0_20\bin;D:\;amp\wamp\bin\mysql\mysql5.5.20\bin;D:\python2.7.10\install;D:\wamp\wamp\bin\mysql\mysql5.5.20\bin;D:\python2.7.10\install\Scripts;C:\mongodb\bin;D:\nodejs\nvmw;D:\svn\bin;D:\scala\install\bin;D:\sbt\install\\bin;D:\sbt\install\bin;D:\git\Git\bin;D:\ant\apache-ant-1.9.6/bin;D:\curl;D:\wamp\wamp\bin\php\php5.3.10;D:\wamp\wamp\bin\php\php5.5.12;C:\ProgramData\ComposerSetup\bin;C:\Users\Administrator\AppData\Roaming\Composer\Vendor\bin;D:\OCR\install\Tesseract-OCR;C:\WINDOWS\system32;C:\Program Files (x86)\Windows Kits\10\Windows Performance Toolkit\;D:\makeForWin\GnuWin32\bin;D:\eclipse_javaEE\lib\Aspectj\install\bin;D:\maven\apache-maven-3.3.9\bin;D:\php\php-5.6.21-Win32-VC11-x64;D:\php\php-5.6.21-Win32-VC11-x64\ext;D:\mysql\mysql-5.6.24-winx64\bin;D:\andriodStduio\sdk\tools;D:\andriodStduio\sdk\platform-tools;D:\nmap\nmap-7.31;D:\nodejs\nvmw\v6.2.0\;D:\cocos2d-x\templates;D:\cocos2d-x\tools\cocos2d-console\bin;C:\Program Files\Intel\WiFi\bin\;C:\Program Files\Common Files\Intel\WirelessCommon\;D:\vscode\install\Microsoft VS Code\bin;C:\Users\Administrator\AppData\Roaming\npm
USERNAME=Administrator
OS=Windows_NT
PROCESSOR_IDENTIFIER=Intel64 Family 6 Model 58 Stepping 9, GenuineIntel



---------------  S Y S T E M  ---------------

OS: Windows 8.1 , 64 bit Build 9600 

CPU:total 4 (2 cores per cpu, 2 threads per core) family 6 model 58 stepping 9, cmov, cx8, fxsr, mmx, sse, sse2, sse3, ssse3, sse4.1, sse4.2, popcnt, avx, aes, clmul, erms, ht, tsc, tscinvbit, tscinv

Memory: 4k page, physical 6148232k(863952k free), swap 8458912k(6772k free)

vm_info: Java HotSpot(TM) 64-Bit Server VM (25.20-b23) for windows-amd64 JRE (1.8.0_20-b26), built on Jul 30 2014 13:51:23 by "java_re" with MS VC++ 10.0 (VS2010)

time: Fri Mar 17 22:40:51 2017
elapsed time: 1 seconds (0d 0h 0m 1s)

