#
# There is insufficient memory for the Java Runtime Environment to continue.
# Native memory allocation (malloc) failed to allocate 1540016 bytes for Chunk::new
# Possible reasons:
#   The system is out of physical RAM or swap space
#   In 32 bit mode, the process size limit was hit
# Possible solutions:
#   Reduce memory load on the system
#   Increase physical memory or swap space
#   Check if swap backing store is full
#   Use 64 bit Java on a 64 bit OS
#   Decrease Java heap size (-Xmx/-Xms)
#   Decrease number of Java threads
#   Decrease Java thread stack sizes (-Xss)
#   Set larger code cache with -XX:ReservedCodeCacheSize=
# This output file may be truncated or incomplete.
#
#  Out of Memory Error (allocation.cpp:390), pid=10268, tid=3464
#
# JRE version: Java(TM) SE Runtime Environment (8.0_20-b26) (build 1.8.0_20-b26)
# Java VM: Java HotSpot(TM) 64-Bit Server VM (25.20-b23 mixed mode windows-amd64 compressed oops)
# Failed to write core dump. Minidumps are not enabled by default on client versions of Windows
#

---------------  T H R E A D  ---------------

Current thread (0x00000000165d8800):  JavaThread "C2 CompilerThread1" daemon [_thread_in_native, id=3464, stack(0x0000000016990000,0x0000000016a90000)]

Stack: [0x0000000016990000,0x0000000016a90000]
Native frames: (J=compiled Java code, j=interpreted, Vv=VM code, C=native code)
V  [jvm.dll+0x3152fa]
V  [jvm.dll+0x265d03]
V  [jvm.dll+0x266943]
V  [jvm.dll+0x25e265]
V  [jvm.dll+0xbe255]
V  [jvm.dll+0xbe6fc]
V  [jvm.dll+0x477e2c]
V  [jvm.dll+0x444fab]
V  [jvm.dll+0x4500de]
V  [jvm.dll+0x4526c8]
V  [jvm.dll+0x435fc2]
V  [jvm.dll+0x97b62]
V  [jvm.dll+0x98353]
V  [jvm.dll+0x22aac4]
V  [jvm.dll+0x283f5a]
C  [msvcr100.dll+0x21d9f]
C  [msvcr100.dll+0x21e3b]
C  [KERNEL32.DLL+0x18102]
C  [ntdll.dll+0x5c5b4]


Current CompileTask:
C2:   4860 2001   !   4       com.android.dx.cf.code.Ropper::processBlock (1101 bytes)


---------------  P R O C E S S  ---------------

Java Threads: ( => current thread )
  0x00000000168c5800 JavaThread "pool-1-thread-4" [_thread_in_Java, id=13984, stack(0x0000000017990000,0x0000000017a90000)]
  0x00000000168c4800 JavaThread "pool-1-thread-3" [_thread_in_Java, id=7704, stack(0x0000000017890000,0x0000000017990000)]
  0x00000000168c3800 JavaThread "pool-1-thread-2" [_thread_in_Java, id=1348, stack(0x0000000017790000,0x0000000017890000)]
  0x00000000168c0800 JavaThread "pool-2-thread-1" [_thread_blocked, id=2856, stack(0x0000000017690000,0x0000000017790000)]
  0x00000000168be000 JavaThread "pool-1-thread-1" [_thread_in_Java, id=11968, stack(0x0000000017590000,0x0000000017690000)]
  0x00000000165f2000 JavaThread "Service Thread" daemon [_thread_blocked, id=3356, stack(0x0000000016b90000,0x0000000016c90000)]
  0x00000000165eb800 JavaThread "C1 CompilerThread2" daemon [_thread_blocked, id=10944, stack(0x0000000016a90000,0x0000000016b90000)]
=>0x00000000165d8800 JavaThread "C2 CompilerThread1" daemon [_thread_in_native, id=3464, stack(0x0000000016990000,0x0000000016a90000)]
  0x0000000014efe800 JavaThread "C2 CompilerThread0" daemon [_thread_in_native, id=5620, stack(0x0000000016490000,0x0000000016590000)]
  0x0000000014efd000 JavaThread "Attach Listener" daemon [_thread_blocked, id=9916, stack(0x0000000016390000,0x0000000016490000)]
  0x0000000014efc000 JavaThread "Signal Dispatcher" daemon [_thread_blocked, id=12712, stack(0x0000000016290000,0x0000000016390000)]
  0x00000000027ef800 JavaThread "Finalizer" daemon [_thread_blocked, id=12500, stack(0x0000000016160000,0x0000000016260000)]
  0x00000000027ec000 JavaThread "Reference Handler" daemon [_thread_blocked, id=13244, stack(0x0000000016060000,0x0000000016160000)]
  0x000000000238e800 JavaThread "main" [_thread_in_Java, id=5868, stack(0x0000000002270000,0x0000000002370000)]

Other Threads:
  0x0000000014eb5000 VMThread [stack: 0x0000000015f60000,0x0000000016060000] [id=2484]
  0x00000000165f4000 WatcherThread [stack: 0x0000000016c90000,0x0000000016d90000] [id=12292]

VM state:not at safepoint (normal execution)

VM Mutex/Monitor currently owned by a thread: None

Heap:
 PSYoungGen      total 205312K, used 67854K [0x00000000eab00000, 0x00000000f9b00000, 0x0000000100000000)
  eden space 184832K, 25% used [0x00000000eab00000,0x00000000ed946230,0x00000000f5f80000)
  from space 20480K, 99% used [0x00000000f7a00000,0x00000000f8dfd9b0,0x00000000f8e00000)
  to   space 27136K, 0% used [0x00000000f5f80000,0x00000000f5f80000,0x00000000f7a00000)
 ParOldGen       total 64512K, used 42012K [0x00000000c0000000, 0x00000000c3f00000, 0x00000000eab00000)
  object space 64512K, 65% used [0x00000000c0000000,0x00000000c2907038,0x00000000c3f00000)
 Metaspace       used 6378K, capacity 7218K, committed 7296K, reserved 1056768K
  class space    used 604K, capacity 618K, committed 640K, reserved 1048576K

Card table byte_map: [0x0000000011bc0000,0x0000000011dd0000] byte_map_base: 0x00000000115c0000

Marking Bits: (ParMarkBitMap*) 0x000000005c32b460
 Begin Bits: [0x0000000012330000, 0x0000000013330000)
 End Bits:   [0x0000000013330000, 0x0000000014330000)

Polling page: 0x0000000002370000

CodeCache: size=245760Kb used=8480Kb max_used=8487Kb free=237279Kb
 bounds [0x0000000002800000, 0x0000000003060000, 0x0000000011800000]
 total_blobs=2293 nmethods=2028 adapters=178
 compilation: enabled

Compilation events (10 events):
Event: 4.738 Thread 0x00000000165eb800 2078       2       com.android.dx.rop.code.SwitchInsn::accept (8 bytes)
Event: 4.738 Thread 0x00000000165eb800 nmethod 2078 0x000000000302b990 code [0x000000000302bb00, 0x000000000302bc88]
Event: 4.740 Thread 0x00000000165eb800 2079       2       com.android.dx.ssa.ConstCollector$1::compare (42 bytes)
Event: 4.740 Thread 0x00000000165eb800 nmethod 2079 0x000000000302b0d0 code [0x000000000302b280, 0x000000000302b618]
Event: 4.765 Thread 0x00000000165eb800 2080       2       com.android.dx.ssa.back.FirstFitLocalCombiningAllocator::ssaSetToSpecs (57 bytes)
Event: 4.767 Thread 0x00000000165eb800 nmethod 2080 0x00000000030498d0 code [0x0000000003049ac0, 0x000000000304a258]
Event: 4.767 Thread 0x00000000165eb800 2081       2       com.android.dx.util.BitIntSet::elements (8 bytes)
Event: 4.767 Thread 0x00000000165eb800 nmethod 2081 0x0000000003049410 code [0x0000000003049580, 0x0000000003049788]
Event: 4.781 Thread 0x00000000165eb800 2083       2       java.io.DataInputStream::readUnsignedByte (22 bytes)
Event: 4.781 Thread 0x00000000165eb800 nmethod 2083 0x0000000003048fd0 code [0x0000000003049140, 0x0000000003049318]

GC Heap History (10 events):
Event: 2.033 GC heap before
{Heap before GC invocations=4 (full 0):
 PSYoungGen      total 28160K, used 28152K [0x00000000eab00000, 0x00000000ee200000, 0x0000000100000000)
  eden space 24576K, 100% used [0x00000000eab00000,0x00000000ec300000,0x00000000ec300000)
  from space 3584K, 99% used [0x00000000ec300000,0x00000000ec67e028,0x00000000ec680000)
  to   space 3584K, 0% used [0x00000000ede80000,0x00000000ede80000,0x00000000ee200000)
 ParOldGen       total 64512K, used 9262K [0x00000000c0000000, 0x00000000c3f00000, 0x00000000eab00000)
  object space 64512K, 14% used [0x00000000c0000000,0x00000000c090bad0,0x00000000c3f00000)
 Metaspace       used 6146K, capacity 7152K, committed 7296K, reserved 1056768K
  class space    used 584K, capacity 616K, committed 640K, reserved 1048576K
Event: 2.053 GC heap after
Heap after GC invocations=4 (full 0):
 PSYoungGen      total 52736K, used 3578K [0x00000000eab00000, 0x00000000ee200000, 0x0000000100000000)
  eden space 49152K, 0% used [0x00000000eab00000,0x00000000eab00000,0x00000000edb00000)
  from space 3584K, 99% used [0x00000000ede80000,0x00000000ee1feab0,0x00000000ee200000)
  to   space 3584K, 0% used [0x00000000edb00000,0x00000000edb00000,0x00000000ede80000)
 ParOldGen       total 64512K, used 13170K [0x00000000c0000000, 0x00000000c3f00000, 0x00000000eab00000)
  object space 64512K, 20% used [0x00000000c0000000,0x00000000c0cdc960,0x00000000c3f00000)
 Metaspace       used 6146K, capacity 7152K, committed 7296K, reserved 1056768K
  class space    used 584K, capacity 616K, committed 640K, reserved 1048576K
}
Event: 2.567 GC heap before
{Heap before GC invocations=5 (full 0):
 PSYoungGen      total 52736K, used 52730K [0x00000000eab00000, 0x00000000ee200000, 0x0000000100000000)
  eden space 49152K, 100% used [0x00000000eab00000,0x00000000edb00000,0x00000000edb00000)
  from space 3584K, 99% used [0x00000000ede80000,0x00000000ee1feab0,0x00000000ee200000)
  to   space 3584K, 0% used [0x00000000edb00000,0x00000000edb00000,0x00000000ede80000)
 ParOldGen       total 64512K, used 13170K [0x00000000c0000000, 0x00000000c3f00000, 0x00000000eab00000)
  object space 64512K, 20% used [0x00000000c0000000,0x00000000c0cdc960,0x00000000c3f00000)
 Metaspace       used 6255K, capacity 7154K, committed 7296K, reserved 1056768K
  class space    used 604K, capacity 618K, committed 640K, reserved 1048576K
Event: 2.590 GC heap after
Heap after GC invocations=5 (full 0):
 PSYoungGen      total 52736K, used 3555K [0x00000000eab00000, 0x00000000f1f00000, 0x0000000100000000)
  eden space 49152K, 0% used [0x00000000eab00000,0x00000000eab00000,0x00000000edb00000)
  from space 3584K, 99% used [0x00000000edb00000,0x00000000ede78e68,0x00000000ede80000)
  to   space 10240K, 0% used [0x00000000f1500000,0x00000000f1500000,0x00000000f1f00000)
 ParOldGen       total 64512K, used 19781K [0x00000000c0000000, 0x00000000c3f00000, 0x00000000eab00000)
  object space 64512K, 30% used [0x00000000c0000000,0x00000000c1351450,0x00000000c3f00000)
 Metaspace       used 6255K, capacity 7154K, committed 7296K, reserved 1056768K
  class space    used 604K, capacity 618K, committed 640K, reserved 1048576K
}
Event: 2.932 GC heap before
{Heap before GC invocations=6 (full 0):
 PSYoungGen      total 52736K, used 52707K [0x00000000eab00000, 0x00000000f1f00000, 0x0000000100000000)
  eden space 49152K, 100% used [0x00000000eab00000,0x00000000edb00000,0x00000000edb00000)
  from space 3584K, 99% used [0x00000000edb00000,0x00000000ede78e68,0x00000000ede80000)
  to   space 10240K, 0% used [0x00000000f1500000,0x00000000f1500000,0x00000000f1f00000)
 ParOldGen       total 64512K, used 19781K [0x00000000c0000000, 0x00000000c3f00000, 0x00000000eab00000)
  object space 64512K, 30% used [0x00000000c0000000,0x00000000c1351450,0x00000000c3f00000)
 Metaspace       used 6325K, capacity 7218K, committed 7296K, reserved 1056768K
  class space    used 604K, capacity 618K, committed 640K, reserved 1048576K
Event: 2.976 GC heap after
Heap after GC invocations=6 (full 0):
 PSYoungGen      total 105984K, used 10215K [0x00000000eab00000, 0x00000000f2400000, 0x0000000100000000)
  eden space 95744K, 0% used [0x00000000eab00000,0x00000000eab00000,0x00000000f0880000)
  from space 10240K, 99% used [0x00000000f1500000,0x00000000f1ef9ee8,0x00000000f1f00000)
  to   space 12800K, 0% used [0x00000000f0880000,0x00000000f0880000,0x00000000f1500000)
 ParOldGen       total 64512K, used 22315K [0x00000000c0000000, 0x00000000c3f00000, 0x00000000eab00000)
  object space 64512K, 34% used [0x00000000c0000000,0x00000000c15cae60,0x00000000c3f00000)
 Metaspace       used 6325K, capacity 7218K, committed 7296K, reserved 1056768K
  class space    used 604K, capacity 618K, committed 640K, reserved 1048576K
}
Event: 3.620 GC heap before
{Heap before GC invocations=7 (full 0):
 PSYoungGen      total 105984K, used 105959K [0x00000000eab00000, 0x00000000f2400000, 0x0000000100000000)
  eden space 95744K, 100% used [0x00000000eab00000,0x00000000f0880000,0x00000000f0880000)
  from space 10240K, 99% used [0x00000000f1500000,0x00000000f1ef9ee8,0x00000000f1f00000)
  to   space 12800K, 0% used [0x00000000f0880000,0x00000000f0880000,0x00000000f1500000)
 ParOldGen       total 64512K, used 22315K [0x00000000c0000000, 0x00000000c3f00000, 0x00000000eab00000)
  object space 64512K, 34% used [0x00000000c0000000,0x00000000c15cae60,0x00000000c3f00000)
 Metaspace       used 6348K, capacity 7218K, committed 7296K, reserved 1056768K
  class space    used 604K, capacity 618K, committed 640K, reserved 1048576K
Event: 3.663 GC heap after
Heap after GC invocations=7 (full 0):
 PSYoungGen      total 108544K, used 12771K [0x00000000eab00000, 0x00000000f8e00000, 0x0000000100000000)
  eden space 95744K, 0% used [0x00000000eab00000,0x00000000eab00000,0x00000000f0880000)
  from space 12800K, 99% used [0x00000000f0880000,0x00000000f14f8c10,0x00000000f1500000)
  to   space 20480K, 0% used [0x00000000f7a00000,0x00000000f7a00000,0x00000000f8e00000)
 ParOldGen       total 64512K, used 34256K [0x00000000c0000000, 0x00000000c3f00000, 0x00000000eab00000)
  object space 64512K, 53% used [0x00000000c0000000,0x00000000c2174088,0x00000000c3f00000)
 Metaspace       used 6348K, capacity 7218K, committed 7296K, reserved 1056768K
  class space    used 604K, capacity 618K, committed 640K, reserved 1048576K
}
Event: 4.406 GC heap before
{Heap before GC invocations=8 (full 0):
 PSYoungGen      total 108544K, used 108515K [0x00000000eab00000, 0x00000000f8e00000, 0x0000000100000000)
  eden space 95744K, 100% used [0x00000000eab00000,0x00000000f0880000,0x00000000f0880000)
  from space 12800K, 99% used [0x00000000f0880000,0x00000000f14f8c10,0x00000000f1500000)
  to   space 20480K, 0% used [0x00000000f7a00000,0x00000000f7a00000,0x00000000f8e00000)
 ParOldGen       total 64512K, used 34256K [0x00000000c0000000, 0x00000000c3f00000, 0x00000000eab00000)
  object space 64512K, 53% used [0x00000000c0000000,0x00000000c2174088,0x00000000c3f00000)
 Metaspace       used 6372K, capacity 7218K, committed 7296K, reserved 1056768K
  class space    used 604K, capacity 618K, committed 640K, reserved 1048576K
Event: 4.469 GC heap after
Heap after GC invocations=8 (full 0):
 PSYoungGen      total 205312K, used 20470K [0x00000000eab00000, 0x00000000f9b00000, 0x0000000100000000)
  eden space 184832K, 0% used [0x00000000eab00000,0x00000000eab00000,0x00000000f5f80000)
  from space 20480K, 99% used [0x00000000f7a00000,0x00000000f8dfd9b0,0x00000000f8e00000)
  to   space 27136K, 0% used [0x00000000f5f80000,0x00000000f5f80000,0x00000000f7a00000)
 ParOldGen       total 64512K, used 42012K [0x00000000c0000000, 0x00000000c3f00000, 0x00000000eab00000)
  object space 64512K, 65% used [0x00000000c0000000,0x00000000c2907038,0x00000000c3f00000)
 Metaspace       used 6372K, capacity 7218K, committed 7296K, reserved 1056768K
  class space    used 604K, capacity 618K, committed 640K, reserved 1048576K
}

Deoptimization events (10 events):
Event: 3.721 Thread 0x00000000168c5800 Uncommon trap: reason=bimorphic action=maybe_recompile pc=0x0000000002f5583c method=com.android.dx.cf.code.BytecodeArray.parseInstruction(ILcom/android/dx/cf/code/BytecodeArray$Visitor;)I @ 2281
Event: 3.858 Thread 0x00000000168c4800 Uncommon trap: reason=bimorphic action=maybe_recompile pc=0x0000000002e540fc method=com.android.dx.ssa.SCCP.setLatticeValueTo(IILcom/android/dx/rop/cst/Constant;)Z @ 43
Event: 3.859 Thread 0x00000000168c4800 Uncommon trap: reason=bimorphic action=maybe_recompile pc=0x0000000002f2a988 method=java.util.HashMap.putVal(ILjava/lang/Object;Ljava/lang/Object;ZZ)Ljava/lang/Object; @ 203
Event: 3.860 Thread 0x00000000168c4800 Uncommon trap: reason=bimorphic action=maybe_recompile pc=0x0000000002e540fc method=com.android.dx.ssa.SCCP.setLatticeValueTo(IILcom/android/dx/rop/cst/Constant;)Z @ 43
Event: 4.066 Thread 0x00000000168c3800 Uncommon trap: reason=unreached action=reinterpret pc=0x0000000002ee4034 method=com.android.dx.rop.code.LocalItem.compareHandlesNulls(Lcom/android/dx/rop/cst/CstString;Lcom/android/dx/rop/cst/CstString;)I @ 14
Event: 4.555 Thread 0x00000000168c5800 Uncommon trap: reason=bimorphic action=maybe_recompile pc=0x0000000002f2a988 method=java.util.HashMap.putVal(ILjava/lang/Object;Ljava/lang/Object;ZZ)Ljava/lang/Object; @ 203
Event: 4.555 Thread 0x00000000168c5800 Uncommon trap: reason=bimorphic action=maybe_recompile pc=0x0000000002f2a988 method=java.util.HashMap.putVal(ILjava/lang/Object;Ljava/lang/Object;ZZ)Ljava/lang/Object; @ 203
Event: 4.568 Thread 0x00000000168c4800 Uncommon trap: reason=class_check action=maybe_recompile pc=0x0000000002fd6d8c method=com.android.dx.cf.code.RopperMachine.run(Lcom/android/dx/cf/code/Frame;II)V @ 1024
Event: 4.663 Thread 0x00000000168be000 Uncommon trap: reason=bimorphic action=maybe_recompile pc=0x0000000002f5583c method=com.android.dx.cf.code.BytecodeArray.parseInstruction(ILcom/android/dx/cf/code/BytecodeArray$Visitor;)I @ 2281
Event: 4.663 Thread 0x00000000168be000 Uncommon trap: reason=bimorphic action=maybe_recompile pc=0x0000000002f5583c method=com.android.dx.cf.code.BytecodeArray.parseInstruction(ILcom/android/dx/cf/code/BytecodeArray$Visitor;)I @ 2281

Internal exceptions (10 events):
Event: 1.284 Thread 0x000000000238e800 Exception <a 'java/security/PrivilegedActionException'> (0x00000000eb1bef88) thrown at [D:\re\workspace\8-2-build-windows-amd64-cygwin\jdk8u20\1074\hotspot\src\share\vm\prims\jvm.cpp, line 1275]
Event: 1.403 Thread 0x000000000238e800 Exception <a 'java/security/PrivilegedActionException'> (0x00000000eb425f40) thrown at [D:\re\workspace\8-2-build-windows-amd64-cygwin\jdk8u20\1074\hotspot\src\share\vm\prims\jvm.cpp, line 1275]
Event: 1.404 Thread 0x000000000238e800 Exception <a 'java/security/PrivilegedActionException'> (0x00000000eb42baf8) thrown at [D:\re\workspace\8-2-build-windows-amd64-cygwin\jdk8u20\1074\hotspot\src\share\vm\prims\jvm.cpp, line 1275]
Event: 1.404 Thread 0x000000000238e800 Exception <a 'java/security/PrivilegedActionException'> (0x00000000eb431458) thrown at [D:\re\workspace\8-2-build-windows-amd64-cygwin\jdk8u20\1074\hotspot\src\share\vm\prims\jvm.cpp, line 1275]
Event: 1.806 Thread 0x000000000238e800 Exception <a 'java/security/PrivilegedActionException'> (0x00000000ebfc7090) thrown at [D:\re\workspace\8-2-build-windows-amd64-cygwin\jdk8u20\1074\hotspot\src\share\vm\prims\jvm.cpp, line 1275]
Event: 1.927 Thread 0x000000000238e800 Exception <a 'java/security/PrivilegedActionException'> (0x00000000eb7eea50) thrown at [D:\re\workspace\8-2-build-windows-amd64-cygwin\jdk8u20\1074\hotspot\src\share\vm\prims\jvm.cpp, line 1275]
Event: 2.155 Thread 0x000000000238e800 Exception <a 'java/lang/ArrayIndexOutOfBoundsException': 18> (0x00000000eb418d40) thrown at [D:\re\workspace\8-2-build-windows-amd64-cygwin\jdk8u20\1074\hotspot\src\share\vm\interpreter\interpreterRuntime.cpp, line 366]
Event: 2.155 Thread 0x000000000238e800 Exception <a 'java/lang/ArrayIndexOutOfBoundsException'> (0x00000000eb41a7d8) thrown at [D:\re\workspace\8-2-build-windows-amd64-cygwin\jdk8u20\1074\hotspot\src\share\vm\runtime\sharedRuntime.cpp, line 604]
Event: 2.156 Thread 0x000000000238e800 Exception <a 'java/lang/ArrayIndexOutOfBoundsException'> (0x00000000eb41b9f0) thrown at [D:\re\workspace\8-2-build-windows-amd64-cygwin\jdk8u20\1074\hotspot\src\share\vm\runtime\sharedRuntime.cpp, line 604]
Event: 4.066 Thread 0x00000000168c3800 Implicit null exception at 0x0000000002ee29d1 to 0x0000000002ee4019

Events (10 events):
Event: 4.568 Thread 0x00000000168c4800 DEOPT PACKING pc=0x0000000002fd6d8c sp=0x000000001798e580
Event: 4.568 Thread 0x00000000168c4800 DEOPT UNPACKING pc=0x000000000284556a sp=0x000000001798e528 mode 2
Event: 4.663 Thread 0x00000000168be000 Uncommon trap: trap_request=0xffffffc6 fr.pc=0x0000000002f5583c
Event: 4.663 Thread 0x00000000168be000 DEOPT PACKING pc=0x0000000002f5583c sp=0x000000001768ea70
Event: 4.663 Thread 0x00000000168be000 DEOPT UNPACKING pc=0x000000000284556a sp=0x000000001768ea40 mode 2
Event: 4.663 Thread 0x00000000168be000 Uncommon trap: trap_request=0xffffffc6 fr.pc=0x0000000002f5583c
Event: 4.663 Thread 0x00000000168be000 DEOPT PACKING pc=0x0000000002f5583c sp=0x000000001768e8d0
Event: 4.663 Thread 0x00000000168be000 DEOPT UNPACKING pc=0x000000000284556a sp=0x000000001768e8a0 mode 2
Event: 4.774 Thread 0x00000000168c4800 DEOPT PACKING pc=0x0000000002c3a8f5 sp=0x000000001798ea80
Event: 4.774 Thread 0x00000000168c4800 DEOPT UNPACKING pc=0x00000000028475bf sp=0x000000001798e8b0 mode 0


Dynamic libraries:
0x00007ff7e4570000 - 0x00007ff7e45a4000 	D:\java\jdk1.8.0_20\bin\java.exe
0x00007fff68330000 - 0x00007fff684f1000 	C:\WINDOWS\SYSTEM32\ntdll.dll
0x00007fff67dd0000 - 0x00007fff67e7d000 	C:\WINDOWS\system32\KERNEL32.DLL
0x00007fff64e20000 - 0x00007fff65008000 	C:\WINDOWS\system32\KERNELBASE.dll
0x00007fff65d50000 - 0x00007fff65df7000 	C:\WINDOWS\system32\ADVAPI32.dll
0x00007fff660a0000 - 0x00007fff6613d000 	C:\WINDOWS\system32\msvcrt.dll
0x00007fff65e00000 - 0x00007fff65e5b000 	C:\WINDOWS\system32\sechost.dll
0x00007fff66140000 - 0x00007fff6625c000 	C:\WINDOWS\system32\RPCRT4.dll
0x00007fff68180000 - 0x00007fff682d6000 	C:\WINDOWS\system32\USER32.dll
0x00007fff65e60000 - 0x00007fff65fe6000 	C:\WINDOWS\system32\GDI32.dll
0x00007fff5f560000 - 0x00007fff5f7d4000 	C:\WINDOWS\WinSxS\amd64_microsoft.windows.common-controls_6595b64144ccf1df_6.0.10586.672_none_a2d6b3cea53ff843\COMCTL32.dll
0x00007fff67ae0000 - 0x00007fff67d5d000 	C:\WINDOWS\system32\combase.dll
0x00007fff64d00000 - 0x00007fff64d6a000 	C:\WINDOWS\system32\bcryptPrimitives.dll
0x00007fff682e0000 - 0x00007fff6831b000 	C:\WINDOWS\system32\IMM32.DLL
0x00007fff64820000 - 0x00007fff64851000 	C:\Windows\system32\nvinitx.dll
0x00007fff64810000 - 0x00007fff6481a000 	C:\WINDOWS\SYSTEM32\VERSION.dll
0x000000005c3b0000 - 0x000000005c482000 	D:\java\jdk1.8.0_20\jre\bin\msvcr100.dll
0x000000005bb50000 - 0x000000005c3a8000 	D:\java\jdk1.8.0_20\jre\bin\server\jvm.dll
0x00007fff68320000 - 0x00007fff68328000 	C:\WINDOWS\system32\PSAPI.DLL
0x00007fff56510000 - 0x00007fff56519000 	C:\WINDOWS\SYSTEM32\WSOCK32.dll
0x00007fff67d60000 - 0x00007fff67dcb000 	C:\WINDOWS\system32\WS2_32.dll
0x00007fff62ed0000 - 0x00007fff62ef3000 	C:\WINDOWS\SYSTEM32\WINMM.dll
0x00007fff62cb0000 - 0x00007fff62cdc000 	C:\WINDOWS\SYSTEM32\WINMMBASE.dll
0x00007fff656c0000 - 0x00007fff65703000 	C:\WINDOWS\system32\cfgmgr32.dll
0x000000005d000000 - 0x000000005d00f000 	D:\java\jdk1.8.0_20\jre\bin\verify.dll
0x000000005bb20000 - 0x000000005bb48000 	D:\java\jdk1.8.0_20\jre\bin\java.dll
0x000000005bb00000 - 0x000000005bb16000 	D:\java\jdk1.8.0_20\jre\bin\zip.dll
0x00007fff664b0000 - 0x00007fff67a0c000 	C:\WINDOWS\system32\SHELL32.dll
0x00007fff65010000 - 0x00007fff65655000 	C:\WINDOWS\system32\windows.storage.dll
0x00007fff66280000 - 0x00007fff662d2000 	C:\WINDOWS\system32\shlwapi.dll
0x00007fff649a0000 - 0x00007fff649af000 	C:\WINDOWS\system32\kernel.appcore.dll
0x00007fff64c40000 - 0x00007fff64cf5000 	C:\WINDOWS\system32\shcore.dll
0x00007fff64950000 - 0x00007fff6499b000 	C:\WINDOWS\system32\powrprof.dll
0x00007fff64930000 - 0x00007fff64944000 	C:\WINDOWS\system32\profapi.dll
0x00007fff55b80000 - 0x00007fff55d0c000 	C:\WINDOWS\SYSTEM32\dbghelp.dll

VM Arguments:
jvm_args: -Djava.awt.headless=true -Xmx1024M -Dfile.encoding=GBK -Duser.country=CN -Duser.language=zh -Duser.variant 
java_command: com.android.dx.command.Main --dex --num-threads=4 --output E:\works\icute\android\app\build\intermediates\pre-dexed\debug\com.android.support-support-v4-23.4.0_524b15dbb712ddb6b95db6e746ff6f76ebc28f67.jar E:\works\icute\android\app\build\intermediates\exploded-aar\com.android.support\support-v4\23.4.0\jars\classes.jar
java_class_path (initial): D:\andriodStduio\sdk\build-tools\23.0.1\lib\dx.jar
Launcher Type: SUN_STANDARD

Environment Variables:
JAVA_HOME=D:\java\jdk1.8.0_20
CLASSPATH=.;D:\java\jdk1.8.0_20\lib\dt.jar;D:\java\jdk1.8.0_20\lib\tools.jar;D:\apache-tomcat-7.0.65-windows-x64\apache-tomcat-7.0.65\lib\servlet-api.jar;D:\apache-tomcat-7.0.65-windows-x64\apache-tomcat-7.0.65\lib\jsp-api.jar;D:\eclipse_javaEE\lib\Aspectj\install\lib\aspectjrt.jar
PATH=C:\ProgramData\Oracle\Java\javapath;D:\java\jdk1.8.0_20\bin;D:\java\jdk1.8.0_20\jre\binC:\WINDOWS\system32;C:\WINDOWS;C:\WINDOWS\System32\Wbem;C:\WINDOWS\System32\WindowsPowerShell\v1.0\;C:\Program Files\Microsoft SQL Server\110\Tools\Binn\;C:\Program Files (x86)\Microsoft SDKs\TypeScript\1.0\;D:\MATLAB\bin\win32;C:\Windows\System32;C:\Program Files\Intel\WiFi\bin\;C:\Program Files\Common Files\Intel\WirelessCommon\;D:\java\jdk1.8.0_20\bin;D:\;amp\wamp\bin\mysql\mysql5.5.20\bin;D:\python2.7.10\install;D:\wamp\wamp\bin\mysql\mysql5.5.20\bin;D:\python2.7.10\install\Scripts;C:\mongodb\bin;D:\nodejs\nvmw;D:\svn\bin;D:\scala\install\bin;D:\sbt\install\\bin;D:\sbt\install\bin;D:\git\Git\bin;D:\ant\apache-ant-1.9.6/bin;D:\curl;D:\wamp\wamp\bin\php\php5.3.10;D:\wamp\wamp\bin\php\php5.5.12;C:\ProgramData\ComposerSetup\bin;C:\Users\Administrator\AppData\Roaming\Composer\Vendor\bin;D:\OCR\install\Tesseract-OCR;C:\WINDOWS\system32;C:\Program Files (x86)\Windows Kits\10\Windows Performance Toolkit\;D:\makeForWin\GnuWin32\bin;D:\eclipse_javaEE\lib\Aspectj\install\bin;D:\maven\apache-maven-3.3.9\bin;D:\php\php-5.6.21-Win32-VC11-x64;D:\php\php-5.6.21-Win32-VC11-x64\ext;D:\mysql\mysql-5.6.24-winx64\bin;D:\andriodStduio\sdk\tools;D:\andriodStduio\sdk\platform-tools;D:\nmap\nmap-7.31;D:\nodejs\nvmw\v6.2.0\;D:\cocos2d-x\templates;D:\cocos2d-x\tools\cocos2d-console\bin;C:\Program Files\Intel\WiFi\bin\;C:\Program Files\Common Files\Intel\WirelessCommon\;D:\vscode\install\Microsoft VS Code\bin;C:\Users\Administrator\AppData\Roaming\npm
USERNAME=Administrator
OS=Windows_NT
PROCESSOR_IDENTIFIER=Intel64 Family 6 Model 58 Stepping 9, GenuineIntel



---------------  S Y S T E M  ---------------

OS: Windows 8.1 , 64 bit Build 9600 

CPU:total 4 (2 cores per cpu, 2 threads per core) family 6 model 58 stepping 9, cmov, cx8, fxsr, mmx, sse, sse2, sse3, ssse3, sse4.1, sse4.2, popcnt, avx, aes, clmul, erms, ht, tsc, tscinvbit, tscinv

Memory: 4k page, physical 6148232k(1542308k free), swap 8181760k(5400k free)

vm_info: Java HotSpot(TM) 64-Bit Server VM (25.20-b23) for windows-amd64 JRE (1.8.0_20-b26), built on Jul 30 2014 13:51:23 by "java_re" with MS VC++ 10.0 (VS2010)

time: Fri Mar 17 22:31:31 2017
elapsed time: 4 seconds (0d 0h 0m 4s)

