#
# There is insufficient memory for the Java Runtime Environment to continue.
# Native memory allocation (malloc) failed to allocate 32744 bytes for ChunkPool::allocate
# Possible reasons:
#   The system is out of physical RAM or swap space
#   In 32 bit mode, the process size limit was hit
# Possible solutions:
#   Reduce memory load on the system
#   Increase physical memory or swap space
#   Check if swap backing store is full
#   Use 64 bit Java on a 64 bit OS
#   Decrease Java heap size (-Xmx/-Xms)
#   Decrease number of Java threads
#   Decrease Java thread stack sizes (-Xss)
#   Set larger code cache with -XX:ReservedCodeCacheSize=
# This output file may be truncated or incomplete.
#
#  Out of Memory Error (allocation.cpp:273), pid=13192, tid=7708
#
# JRE version: Java(TM) SE Runtime Environment (8.0_20-b26) (build 1.8.0_20-b26)
# Java VM: Java HotSpot(TM) 64-Bit Server VM (25.20-b23 mixed mode windows-amd64 compressed oops)
# Failed to write core dump. Minidumps are not enabled by default on client versions of Windows
#

---------------  T H R E A D  ---------------

Current thread (0x0000000015651800):  JavaThread "C2 CompilerThread0" daemon [_thread_in_native, id=7708, stack(0x0000000016ba0000,0x0000000016ca0000)]

Stack: [0x0000000016ba0000,0x0000000016ca0000]
Native frames: (J=compiled Java code, j=interpreted, Vv=VM code, C=native code)
V  [jvm.dll+0x3152fa]


Current CompileTask:
C2:   1871  634       4       java.util.ArrayList$Itr::<init> (6 bytes)


---------------  P R O C E S S  ---------------

Java Threads: ( => current thread )
  0x0000000016e15000 JavaThread "pool-1-thread-4" [_thread_in_Java, id=12992, stack(0x00000000178a0000,0x00000000179a0000)]
  0x0000000016e14800 JavaThread "pool-1-thread-3" [_thread_in_Java, id=13308, stack(0x00000000177a0000,0x00000000178a0000)]
  0x0000000016e1e800 JavaThread "pool-1-thread-2" [_thread_in_Java, id=6756, stack(0x00000000176a0000,0x00000000177a0000)]
  0x0000000016e1d800 JavaThread "pool-2-thread-1" [_thread_blocked, id=1580, stack(0x00000000175a0000,0x00000000176a0000)]
  0x0000000016e13800 JavaThread "pool-1-thread-1" [_thread_in_Java, id=7036, stack(0x00000000174a0000,0x00000000175a0000)]
  0x0000000016cfa800 JavaThread "Service Thread" daemon [_thread_blocked, id=1864, stack(0x00000000172a0000,0x00000000173a0000)]
  0x0000000016cf2000 JavaThread "C1 CompilerThread2" daemon [_thread_in_native, id=7804, stack(0x00000000171a0000,0x00000000172a0000)]
  0x0000000016ca1000 JavaThread "C2 CompilerThread1" daemon [_thread_in_native, id=4340, stack(0x00000000170a0000,0x00000000171a0000)]
=>0x0000000015651800 JavaThread "C2 CompilerThread0" daemon [_thread_in_native, id=7708, stack(0x0000000016ba0000,0x0000000016ca0000)]
  0x000000001564f000 JavaThread "Attach Listener" daemon [_thread_blocked, id=11696, stack(0x0000000016aa0000,0x0000000016ba0000)]
  0x000000001569e800 JavaThread "Signal Dispatcher" daemon [_thread_blocked, id=3472, stack(0x00000000169a0000,0x0000000016aa0000)]
  0x0000000002f68000 JavaThread "Finalizer" daemon [_thread_blocked, id=11924, stack(0x00000000168a0000,0x00000000169a0000)]
  0x0000000002f5e800 JavaThread "Reference Handler" daemon [_thread_blocked, id=13884, stack(0x00000000167a0000,0x00000000168a0000)]
  0x0000000002d6e800 JavaThread "main" [_thread_in_Java, id=12152, stack(0x0000000002d70000,0x0000000002e70000)]

Other Threads:
  0x0000000015607000 VMThread [stack: 0x00000000166a0000,0x00000000167a0000] [id=7264]
  0x0000000016cfc800 WatcherThread [stack: 0x00000000173a0000,0x00000000174a0000] [id=7796]

VM state:not at safepoint (normal execution)

VM Mutex/Monitor currently owned by a thread:  ([mutex/lock_event])
[0x0000000002e700d0] MethodData_lock - owner thread: 0x0000000016e1e800

Heap:
 PSYoungGen      total 28160K, used 13808K [0x00000000eab00000, 0x00000000eca00000, 0x0000000100000000)
  eden space 24576K, 56% used [0x00000000eab00000,0x00000000eb87c010,0x00000000ec300000)
  from space 3584K, 0% used [0x00000000ec680000,0x00000000ec680000,0x00000000eca00000)
  to   space 3584K, 0% used [0x00000000ec300000,0x00000000ec300000,0x00000000ec680000)
 ParOldGen       total 64512K, used 0K [0x00000000c0000000, 0x00000000c3f00000, 0x00000000eab00000)
  object space 64512K, 0% used [0x00000000c0000000,0x00000000c0000000,0x00000000c3f00000)
 Metaspace       used 5491K, capacity 6576K, committed 6784K, reserved 1056768K
  class space    used 579K, capacity 616K, committed 640K, reserved 1048576K

Card table byte_map: [0x0000000012330000,0x0000000012540000] byte_map_base: 0x0000000011d30000

Marking Bits: (ParMarkBitMap*) 0x000000005c32b460
 Begin Bits: [0x0000000012aa0000, 0x0000000013aa0000)
 End Bits:   [0x0000000013aa0000, 0x0000000014aa0000)

Polling page: 0x0000000000fd0000

CodeCache: size=245760Kb used=2279Kb max_used=2300Kb free=243480Kb
 bounds [0x0000000002f70000, 0x00000000031e0000, 0x0000000011f70000]
 total_blobs=874 nmethods=610 adapters=178
 compilation: enabled

Compilation events (10 events):
Event: 1.864 Thread 0x0000000016ca1000  627       4       com.android.dx.rop.code.BasicBlockList::get (9 bytes)
Event: 1.864 Thread 0x0000000015651800  629       4       java.util.BitSet::set (58 bytes)
Event: 1.865 Thread 0x0000000016ca1000 nmethod 627 0x00000000031ab1d0 code [0x00000000031ab320, 0x00000000031ab3f8]
Event: 1.866 Thread 0x0000000016ca1000  631       4       java.util.AbstractList::<init> (10 bytes)
Event: 1.866 Thread 0x0000000016ca1000 nmethod 631 0x0000000003187d90 code [0x0000000003187ec0, 0x0000000003187f18]
Event: 1.866 Thread 0x0000000015651800 nmethod 629 0x00000000031aad90 code [0x00000000031aaee0, 0x00000000031ab068]
Event: 1.867 Thread 0x0000000016ca1000  632       4       com.android.dx.ssa.NormalSsaInsn::accept (25 bytes)
Event: 1.867 Thread 0x0000000015651800  633       4       com.android.dx.ssa.NormalSsaInsn::isNormalMoveInsn (20 bytes)
Event: 1.867 Thread 0x0000000015651800 nmethod 633 0x0000000003184b50 code [0x0000000003184c80, 0x0000000003184d18]
Event: 1.867 Thread 0x0000000015651800  634       4       java.util.ArrayList$Itr::<init> (6 bytes)

GC Heap History (0 events):
No events

Deoptimization events (0 events):
No events

Internal exceptions (10 events):
Event: 1.749 Thread 0x0000000016e13800 Exception <a 'java/security/PrivilegedActionException'> (0x00000000eb13eb98) thrown at [D:\re\workspace\8-2-build-windows-amd64-cygwin\jdk8u20\1074\hotspot\src\share\vm\prims\jvm.cpp, line 1275]
Event: 1.749 Thread 0x0000000016e13800 Exception <a 'java/security/PrivilegedActionException'> (0x00000000eb143038) thrown at [D:\re\workspace\8-2-build-windows-amd64-cygwin\jdk8u20\1074\hotspot\src\share\vm\prims\jvm.cpp, line 1275]
Event: 1.750 Thread 0x0000000016e13800 Exception <a 'java/security/PrivilegedActionException'> (0x00000000eb6159c0) thrown at [D:\re\workspace\8-2-build-windows-amd64-cygwin\jdk8u20\1074\hotspot\src\share\vm\prims\jvm.cpp, line 1275]
Event: 1.751 Thread 0x0000000016e13800 Exception <a 'java/security/PrivilegedActionException'> (0x00000000eb6190f0) thrown at [D:\re\workspace\8-2-build-windows-amd64-cygwin\jdk8u20\1074\hotspot\src\share\vm\prims\jvm.cpp, line 1275]
Event: 1.759 Thread 0x0000000016e13800 Exception <a 'java/security/PrivilegedActionException'> (0x00000000eb625830) thrown at [D:\re\workspace\8-2-build-windows-amd64-cygwin\jdk8u20\1074\hotspot\src\share\vm\prims\jvm.cpp, line 1275]
Event: 1.760 Thread 0x0000000016e13800 Exception <a 'java/security/PrivilegedActionException'> (0x00000000eb62b8b0) thrown at [D:\re\workspace\8-2-build-windows-amd64-cygwin\jdk8u20\1074\hotspot\src\share\vm\prims\jvm.cpp, line 1275]
Event: 1.762 Thread 0x0000000016e13800 Exception <a 'java/security/PrivilegedActionException'> (0x00000000eb62fdc8) thrown at [D:\re\workspace\8-2-build-windows-amd64-cygwin\jdk8u20\1074\hotspot\src\share\vm\prims\jvm.cpp, line 1275]
Event: 1.784 Thread 0x0000000016e13800 Exception <a 'java/security/PrivilegedActionException'> (0x00000000eb6402d0) thrown at [D:\re\workspace\8-2-build-windows-amd64-cygwin\jdk8u20\1074\hotspot\src\share\vm\prims\jvm.cpp, line 1275]
Event: 1.788 Thread 0x0000000016e13800 Exception <a 'java/security/PrivilegedActionException'> (0x00000000eb648750) thrown at [D:\re\workspace\8-2-build-windows-amd64-cygwin\jdk8u20\1074\hotspot\src\share\vm\prims\jvm.cpp, line 1275]
Event: 1.840 Thread 0x0000000016e1e800 Exception <a 'java/security/PrivilegedActionException'> (0x00000000eb3f44e8) thrown at [D:\re\workspace\8-2-build-windows-amd64-cygwin\jdk8u20\1074\hotspot\src\share\vm\prims\jvm.cpp, line 1275]

Events (10 events):
Event: 1.804 loading class java/util/TreeMap$EntryIterator
Event: 1.804 loading class java/util/TreeMap$EntryIterator done
Event: 1.840 loading class com/android/dx/cf/code/Ropper$ExceptionHandlerSetup
Event: 1.840 loading class com/android/dx/cf/code/Ropper$ExceptionHandlerSetup done
Event: 1.842 loading class java/util/HashMap$Values
Event: 1.842 loading class java/util/HashMap$Values done
Event: 1.842 loading class java/util/HashMap$ValueIterator
Event: 1.842 loading class java/util/HashMap$ValueIterator done
Event: 1.867 loading class java/util/ArrayList$1
Event: 1.867 loading class java/util/ArrayList$1 done


Dynamic libraries:
0x00007ff7e4570000 - 0x00007ff7e45a4000 	D:\java\jdk1.8.0_20\bin\java.exe
0x00007fff68330000 - 0x00007fff684f1000 	C:\WINDOWS\SYSTEM32\ntdll.dll
0x00007fff67dd0000 - 0x00007fff67e7d000 	C:\WINDOWS\system32\KERNEL32.DLL
0x00007fff64e20000 - 0x00007fff65008000 	C:\WINDOWS\system32\KERNELBASE.dll
0x00007fff65d50000 - 0x00007fff65df7000 	C:\WINDOWS\system32\ADVAPI32.dll
0x00007fff660a0000 - 0x00007fff6613d000 	C:\WINDOWS\system32\msvcrt.dll
0x00007fff65e00000 - 0x00007fff65e5b000 	C:\WINDOWS\system32\sechost.dll
0x00007fff66140000 - 0x00007fff6625c000 	C:\WINDOWS\system32\RPCRT4.dll
0x00007fff68180000 - 0x00007fff682d6000 	C:\WINDOWS\system32\USER32.dll
0x00007fff65e60000 - 0x00007fff65fe6000 	C:\WINDOWS\system32\GDI32.dll
0x00007fff5f560000 - 0x00007fff5f7d4000 	C:\WINDOWS\WinSxS\amd64_microsoft.windows.common-controls_6595b64144ccf1df_6.0.10586.672_none_a2d6b3cea53ff843\COMCTL32.dll
0x00007fff67ae0000 - 0x00007fff67d5d000 	C:\WINDOWS\system32\combase.dll
0x00007fff64d00000 - 0x00007fff64d6a000 	C:\WINDOWS\system32\bcryptPrimitives.dll
0x00007fff682e0000 - 0x00007fff6831b000 	C:\WINDOWS\system32\IMM32.DLL
0x00007fff64820000 - 0x00007fff64851000 	C:\Windows\system32\nvinitx.dll
0x00007fff64810000 - 0x00007fff6481a000 	C:\WINDOWS\SYSTEM32\VERSION.dll
0x000000005c3b0000 - 0x000000005c482000 	D:\java\jdk1.8.0_20\jre\bin\msvcr100.dll
0x000000005bb50000 - 0x000000005c3a8000 	D:\java\jdk1.8.0_20\jre\bin\server\jvm.dll
0x00007fff68320000 - 0x00007fff68328000 	C:\WINDOWS\system32\PSAPI.DLL
0x00007fff56510000 - 0x00007fff56519000 	C:\WINDOWS\SYSTEM32\WSOCK32.dll
0x00007fff62ed0000 - 0x00007fff62ef3000 	C:\WINDOWS\SYSTEM32\WINMM.dll
0x00007fff67d60000 - 0x00007fff67dcb000 	C:\WINDOWS\system32\WS2_32.dll
0x00007fff62cb0000 - 0x00007fff62cdc000 	C:\WINDOWS\SYSTEM32\WINMMBASE.dll
0x00007fff656c0000 - 0x00007fff65703000 	C:\WINDOWS\system32\cfgmgr32.dll
0x000000005d000000 - 0x000000005d00f000 	D:\java\jdk1.8.0_20\jre\bin\verify.dll
0x000000005bb20000 - 0x000000005bb48000 	D:\java\jdk1.8.0_20\jre\bin\java.dll
0x000000005bb00000 - 0x000000005bb16000 	D:\java\jdk1.8.0_20\jre\bin\zip.dll
0x00007fff664b0000 - 0x00007fff67a0c000 	C:\WINDOWS\system32\SHELL32.dll
0x00007fff65010000 - 0x00007fff65655000 	C:\WINDOWS\system32\windows.storage.dll
0x00007fff66280000 - 0x00007fff662d2000 	C:\WINDOWS\system32\shlwapi.dll
0x00007fff649a0000 - 0x00007fff649af000 	C:\WINDOWS\system32\kernel.appcore.dll
0x00007fff64c40000 - 0x00007fff64cf5000 	C:\WINDOWS\system32\shcore.dll
0x00007fff64950000 - 0x00007fff6499b000 	C:\WINDOWS\system32\powrprof.dll
0x00007fff64930000 - 0x00007fff64944000 	C:\WINDOWS\system32\profapi.dll

VM Arguments:
jvm_args: -Djava.awt.headless=true -Xmx1024M -Dfile.encoding=GBK -Duser.country=CN -Duser.language=zh -Duser.variant 
java_command: com.android.dx.command.Main --dex --num-threads=4 --output E:\works\icute\android\app\build\intermediates\pre-dexed\debug\bolts-tasks-1.4.0_c64325f78a24c085b700c554244dc03fa6bc6a89.jar C:\Users\Administrator\.gradle\caches\modules-2\files-2.1\com.parse.bolts\bolts-tasks\1.4.0\d85884acf6810a3bbbecb587f239005cbc846dc4\bolts-tasks-1.4.0.jar
java_class_path (initial): D:\andriodStduio\sdk\build-tools\23.0.1\lib\dx.jar
Launcher Type: SUN_STANDARD

Environment Variables:
JAVA_HOME=D:\java\jdk1.8.0_20
CLASSPATH=.;D:\java\jdk1.8.0_20\lib\dt.jar;D:\java\jdk1.8.0_20\lib\tools.jar;D:\apache-tomcat-7.0.65-windows-x64\apache-tomcat-7.0.65\lib\servlet-api.jar;D:\apache-tomcat-7.0.65-windows-x64\apache-tomcat-7.0.65\lib\jsp-api.jar;D:\eclipse_javaEE\lib\Aspectj\install\lib\aspectjrt.jar
PATH=C:\ProgramData\Oracle\Java\javapath;D:\java\jdk1.8.0_20\bin;D:\java\jdk1.8.0_20\jre\binC:\WINDOWS\system32;C:\WINDOWS;C:\WINDOWS\System32\Wbem;C:\WINDOWS\System32\WindowsPowerShell\v1.0\;C:\Program Files\Microsoft SQL Server\110\Tools\Binn\;C:\Program Files (x86)\Microsoft SDKs\TypeScript\1.0\;D:\MATLAB\bin\win32;C:\Windows\System32;C:\Program Files\Intel\WiFi\bin\;C:\Program Files\Common Files\Intel\WirelessCommon\;D:\java\jdk1.8.0_20\bin;D:\;amp\wamp\bin\mysql\mysql5.5.20\bin;D:\python2.7.10\install;D:\wamp\wamp\bin\mysql\mysql5.5.20\bin;D:\python2.7.10\install\Scripts;C:\mongodb\bin;D:\nodejs\nvmw;D:\svn\bin;D:\scala\install\bin;D:\sbt\install\\bin;D:\sbt\install\bin;D:\git\Git\bin;D:\ant\apache-ant-1.9.6/bin;D:\curl;D:\wamp\wamp\bin\php\php5.3.10;D:\wamp\wamp\bin\php\php5.5.12;C:\ProgramData\ComposerSetup\bin;C:\Users\Administrator\AppData\Roaming\Composer\Vendor\bin;D:\OCR\install\Tesseract-OCR;C:\WINDOWS\system32;C:\Program Files (x86)\Windows Kits\10\Windows Performance Toolkit\;D:\makeForWin\GnuWin32\bin;D:\eclipse_javaEE\lib\Aspectj\install\bin;D:\maven\apache-maven-3.3.9\bin;D:\php\php-5.6.21-Win32-VC11-x64;D:\php\php-5.6.21-Win32-VC11-x64\ext;D:\mysql\mysql-5.6.24-winx64\bin;D:\andriodStduio\sdk\tools;D:\andriodStduio\sdk\platform-tools;D:\nmap\nmap-7.31;D:\nodejs\nvmw\v6.2.0\;D:\cocos2d-x\templates;D:\cocos2d-x\tools\cocos2d-console\bin;C:\Program Files\Intel\WiFi\bin\;C:\Program Files\Common Files\Intel\WirelessCommon\;D:\vscode\install\Microsoft VS Code\bin;C:\Users\Administrator\AppData\Roaming\npm
USERNAME=Administrator
OS=Windows_NT
PROCESSOR_IDENTIFIER=Intel64 Family 6 Model 58 Stepping 9, GenuineIntel



---------------  S Y S T E M  ---------------

OS: Windows 8.1 , 64 bit Build 9600 

CPU:total 4 (2 cores per cpu, 2 threads per core) family 6 model 58 stepping 9, cmov, cx8, fxsr, mmx, sse, sse2, sse3, ssse3, sse4.1, sse4.2, popcnt, avx, aes, clmul, erms, ht, tsc, tscinvbit, tscinv

Memory: 4k page, physical 6148232k(1610796k free), swap 8181760k(5120k free)

vm_info: Java HotSpot(TM) 64-Bit Server VM (25.20-b23) for windows-amd64 JRE (1.8.0_20-b26), built on Jul 30 2014 13:51:23 by "java_re" with MS VC++ 10.0 (VS2010)

time: Fri Mar 17 22:31:34 2017
elapsed time: 1 seconds (0d 0h 0m 1s)

