#
# There is insufficient memory for the Java Runtime Environment to continue.
# Native memory allocation (malloc) failed to allocate 483856 bytes for Chunk::new
# Possible reasons:
#   The system is out of physical RAM or swap space
#   In 32 bit mode, the process size limit was hit
# Possible solutions:
#   Reduce memory load on the system
#   Increase physical memory or swap space
#   Check if swap backing store is full
#   Use 64 bit Java on a 64 bit OS
#   Decrease Java heap size (-Xmx/-Xms)
#   Decrease number of Java threads
#   Decrease Java thread stack sizes (-Xss)
#   Set larger code cache with -XX:ReservedCodeCacheSize=
# This output file may be truncated or incomplete.
#
#  Out of Memory Error (allocation.cpp:390), pid=15188, tid=4736
#
# JRE version: Java(TM) SE Runtime Environment (8.0_20-b26) (build 1.8.0_20-b26)
# Java VM: Java HotSpot(TM) 64-Bit Server VM (25.20-b23 mixed mode windows-amd64 compressed oops)
# Failed to write core dump. Minidumps are not enabled by default on client versions of Windows
#

---------------  T H R E A D  ---------------

Current thread (0x0000000014dce800):  JavaThread "C2 CompilerThread1" daemon [_thread_in_native, id=4736, stack(0x00000000167e0000,0x00000000168e0000)]

Stack: [0x00000000167e0000,0x00000000168e0000]
Native frames: (J=compiled Java code, j=interpreted, Vv=VM code, C=native code)
V  [jvm.dll+0x3152fa]
V  [jvm.dll+0x265d03]
V  [jvm.dll+0x266943]
V  [jvm.dll+0x25e265]
V  [jvm.dll+0xbe255]
V  [jvm.dll+0xbe6fc]
V  [jvm.dll+0x45c472]
V  [jvm.dll+0x49d76f]
V  [jvm.dll+0x451045]
V  [jvm.dll+0x452634]
V  [jvm.dll+0x435fc2]
V  [jvm.dll+0x97b62]
V  [jvm.dll+0x98353]
V  [jvm.dll+0x22aac4]
V  [jvm.dll+0x283f5a]
C  [msvcr100.dll+0x21d9f]
C  [msvcr100.dll+0x21e3b]
C  [KERNEL32.DLL+0x18102]
C  [ntdll.dll+0x5c5b4]


Current CompileTask:
C2:   1223  651       4       com.android.dx.ssa.NormalSsaInsn::accept (25 bytes)


---------------  P R O C E S S  ---------------

Java Threads: ( => current thread )
  0x000000001655f000 JavaThread "pool-1-thread-4" [_thread_in_Java, id=14664, stack(0x0000000016fe0000,0x00000000170e0000)]
  0x000000001655e000 JavaThread "pool-1-thread-3" [_thread_in_Java, id=14652, stack(0x0000000016ee0000,0x0000000016fe0000)]
  0x000000001654a000 JavaThread "pool-1-thread-2" [_thread_in_Java, id=14656, stack(0x0000000016de0000,0x0000000016ee0000)]
  0x000000001653a800 JavaThread "pool-2-thread-1" [_thread_blocked, id=11700, stack(0x0000000016ce0000,0x0000000016de0000)]
  0x000000001653a000 JavaThread "pool-1-thread-1" [_thread_in_Java, id=11908, stack(0x0000000016be0000,0x0000000016ce0000)]
  0x0000000016433800 JavaThread "Service Thread" daemon [_thread_blocked, id=10852, stack(0x00000000169e0000,0x0000000016ae0000)]
  0x0000000016429000 JavaThread "C1 CompilerThread2" daemon [_thread_blocked, id=2960, stack(0x00000000168e0000,0x00000000169e0000)]
=>0x0000000014dce800 JavaThread "C2 CompilerThread1" daemon [_thread_in_native, id=4736, stack(0x00000000167e0000,0x00000000168e0000)]
  0x0000000014dcc800 JavaThread "C2 CompilerThread0" daemon [_thread_in_native, id=6888, stack(0x00000000162e0000,0x00000000163e0000)]
  0x0000000014d80800 JavaThread "Attach Listener" daemon [_thread_blocked, id=14348, stack(0x00000000161e0000,0x00000000162e0000)]
  0x0000000014d7f800 JavaThread "Signal Dispatcher" daemon [_thread_blocked, id=14368, stack(0x00000000160e0000,0x00000000161e0000)]
  0x00000000025df800 JavaThread "Finalizer" daemon [_thread_blocked, id=15332, stack(0x0000000015fe0000,0x00000000160e0000)]
  0x00000000025dc000 JavaThread "Reference Handler" daemon [_thread_blocked, id=15324, stack(0x0000000015ee0000,0x0000000015fe0000)]
  0x000000000269e800 JavaThread "main" [_thread_in_vm, id=15276, stack(0x0000000002090000,0x0000000002190000)]

Other Threads:
  0x0000000014d35000 VMThread [stack: 0x0000000015de0000,0x0000000015ee0000] [id=15316]
  0x0000000016435800 WatcherThread [stack: 0x0000000016ae0000,0x0000000016be0000] [id=5008]

VM state:not at safepoint (normal execution)

VM Mutex/Monitor currently owned by a thread: None

Heap:
 PSYoungGen      total 28160K, used 14083K [0x00000000eab00000, 0x00000000eca00000, 0x0000000100000000)
  eden space 24576K, 57% used [0x00000000eab00000,0x00000000eb8c0d98,0x00000000ec300000)
  from space 3584K, 0% used [0x00000000ec680000,0x00000000ec680000,0x00000000eca00000)
  to   space 3584K, 0% used [0x00000000ec300000,0x00000000ec300000,0x00000000ec680000)
 ParOldGen       total 64512K, used 0K [0x00000000c0000000, 0x00000000c3f00000, 0x00000000eab00000)
  object space 64512K, 0% used [0x00000000c0000000,0x00000000c0000000,0x00000000c3f00000)
 Metaspace       used 5481K, capacity 6640K, committed 6784K, reserved 1058816K
  class space    used 574K, capacity 616K, committed 640K, reserved 1048576K

Card table byte_map: [0x0000000011a60000,0x0000000011c70000] byte_map_base: 0x0000000011460000

Marking Bits: (ParMarkBitMap*) 0x000000005c32b460
 Begin Bits: [0x00000000121d0000, 0x00000000131d0000)
 End Bits:   [0x00000000131d0000, 0x00000000141d0000)

Polling page: 0x00000000001f0000

CodeCache: size=245760Kb used=2623Kb max_used=2623Kb free=243136Kb
 bounds [0x00000000026a0000, 0x0000000002940000, 0x00000000116a0000]
 total_blobs=937 nmethods=673 adapters=178
 compilation: enabled

Compilation events (10 events):
Event: 1.164 Thread 0x0000000016429000  655       3       com.android.dx.ssa.LiteralOpUpgrader$1::visitNonMoveInsn (203 bytes)
Event: 1.167 Thread 0x0000000016429000 nmethod 655 0x0000000002919c10 code [0x000000000291a0e0, 0x000000000291dc68]
Event: 1.168 Thread 0x0000000016429000  656       3       com.android.dx.ssa.LiteralOpUpgrader::access$000 (6 bytes)
Event: 1.168 Thread 0x0000000016429000 nmethod 656 0x000000000291f750 code [0x000000000291f8c0, 0x000000000291fa28]
Event: 1.168 Thread 0x0000000016429000  657       3       com.android.dx.ssa.LiteralOpUpgrader::tryReplacingWithConstant (161 bytes)
Event: 1.169 Thread 0x0000000016429000 nmethod 657 0x000000000291fb10 code [0x000000000291fda0, 0x0000000002921298]
Event: 1.170 Thread 0x0000000016429000  658       3       com.android.dx.ssa.SsaMethod::deleteInsns (239 bytes)
Event: 1.173 Thread 0x0000000016429000 nmethod 658 0x0000000002921cd0 code [0x00000000029220c0, 0x0000000002924518]
Event: 1.175 Thread 0x0000000016429000  660       3       com.android.dx.rop.type.Type::isConstant (2 bytes)
Event: 1.175 Thread 0x0000000016429000 nmethod 660 0x0000000002925d50 code [0x0000000002925ea0, 0x0000000002925ff0]

GC Heap History (0 events):
No events

Deoptimization events (4 events):
Event: 1.157 Thread 0x000000001654a000 Uncommon trap: reason=class_check action=maybe_recompile pc=0x00000000028bb2f0 method=com.android.dx.ssa.NormalSsaInsn.accept(Lcom/android/dx/ssa/SsaInsn$Visitor;)V @ 9
Event: 1.158 Thread 0x000000001654a000 Uncommon trap: reason=class_check action=maybe_recompile pc=0x00000000028bb2f0 method=com.android.dx.ssa.NormalSsaInsn.accept(Lcom/android/dx/ssa/SsaInsn$Visitor;)V @ 9
Event: 1.158 Thread 0x000000001654a000 Uncommon trap: reason=class_check action=maybe_recompile pc=0x00000000028bb2f0 method=com.android.dx.ssa.NormalSsaInsn.accept(Lcom/android/dx/ssa/SsaInsn$Visitor;)V @ 9
Event: 1.159 Thread 0x000000001654a000 Uncommon trap: reason=class_check action=maybe_recompile pc=0x00000000028bb2f0 method=com.android.dx.ssa.NormalSsaInsn.accept(Lcom/android/dx/ssa/SsaInsn$Visitor;)V @ 9

Internal exceptions (10 events):
Event: 1.015 Thread 0x000000000269e800 Exception <a 'java/security/PrivilegedActionException'> (0x00000000eb3098c8) thrown at [D:\re\workspace\8-2-build-windows-amd64-cygwin\jdk8u20\1074\hotspot\src\share\vm\prims\jvm.cpp, line 1275]
Event: 1.016 Thread 0x000000000269e800 Exception <a 'java/security/PrivilegedActionException'> (0x00000000eb30ef70) thrown at [D:\re\workspace\8-2-build-windows-amd64-cygwin\jdk8u20\1074\hotspot\src\share\vm\prims\jvm.cpp, line 1275]
Event: 1.017 Thread 0x000000000269e800 Exception <a 'java/security/PrivilegedActionException'> (0x00000000eb3128d8) thrown at [D:\re\workspace\8-2-build-windows-amd64-cygwin\jdk8u20\1074\hotspot\src\share\vm\prims\jvm.cpp, line 1275]
Event: 1.021 Thread 0x000000000269e800 Exception <a 'java/security/PrivilegedActionException'> (0x00000000eb31f240) thrown at [D:\re\workspace\8-2-build-windows-amd64-cygwin\jdk8u20\1074\hotspot\src\share\vm\prims\jvm.cpp, line 1275]
Event: 1.022 Thread 0x000000000269e800 Exception <a 'java/security/PrivilegedActionException'> (0x00000000eb3255e0) thrown at [D:\re\workspace\8-2-build-windows-amd64-cygwin\jdk8u20\1074\hotspot\src\share\vm\prims\jvm.cpp, line 1275]
Event: 1.023 Thread 0x000000000269e800 Exception <a 'java/security/PrivilegedActionException'> (0x00000000eb32a028) thrown at [D:\re\workspace\8-2-build-windows-amd64-cygwin\jdk8u20\1074\hotspot\src\share\vm\prims\jvm.cpp, line 1275]
Event: 1.027 Thread 0x000000001655e000 Exception <a 'java/security/PrivilegedActionException'> (0x00000000eb497fa8) thrown at [D:\re\workspace\8-2-build-windows-amd64-cygwin\jdk8u20\1074\hotspot\src\share\vm\prims\jvm.cpp, line 1275]
Event: 1.037 Thread 0x000000001655e000 Exception <a 'java/security/PrivilegedActionException'> (0x00000000eb57f750) thrown at [D:\re\workspace\8-2-build-windows-amd64-cygwin\jdk8u20\1074\hotspot\src\share\vm\prims\jvm.cpp, line 1275]
Event: 1.044 Thread 0x000000001655f000 Exception <a 'java/security/PrivilegedActionException'> (0x00000000eb4f1d80) thrown at [D:\re\workspace\8-2-build-windows-amd64-cygwin\jdk8u20\1074\hotspot\src\share\vm\prims\jvm.cpp, line 1275]
Event: 1.073 Thread 0x000000001654a000 Exception <a 'java/security/PrivilegedActionException'> (0x00000000eb3af1a8) thrown at [D:\re\workspace\8-2-build-windows-amd64-cygwin\jdk8u20\1074\hotspot\src\share\vm\prims\jvm.cpp, line 1275]

Events (10 events):
Event: 1.157 Thread 0x000000001654a000 DEOPT UNPACKING pc=0x00000000026e556a sp=0x0000000016ede720 mode 2
Event: 1.158 Thread 0x000000001654a000 Uncommon trap: trap_request=0xffffffde fr.pc=0x00000000028bb2f0
Event: 1.158 Thread 0x000000001654a000 DEOPT PACKING pc=0x00000000028bb2f0 sp=0x0000000016ede4f0
Event: 1.158 Thread 0x000000001654a000 DEOPT UNPACKING pc=0x00000000026e556a sp=0x0000000016ede480 mode 2
Event: 1.158 Thread 0x000000001654a000 Uncommon trap: trap_request=0xffffffde fr.pc=0x00000000028bb2f0
Event: 1.158 Thread 0x000000001654a000 DEOPT PACKING pc=0x00000000028bb2f0 sp=0x0000000016ede3d0
Event: 1.158 Thread 0x000000001654a000 DEOPT UNPACKING pc=0x00000000026e556a sp=0x0000000016ede360 mode 2
Event: 1.159 Thread 0x000000001654a000 Uncommon trap: trap_request=0xffffffde fr.pc=0x00000000028bb2f0
Event: 1.159 Thread 0x000000001654a000 DEOPT PACKING pc=0x00000000028bb2f0 sp=0x0000000016ede760
Event: 1.159 Thread 0x000000001654a000 DEOPT UNPACKING pc=0x00000000026e556a sp=0x0000000016ede6f0 mode 2


Dynamic libraries:
0x00007ff7e4570000 - 0x00007ff7e45a4000 	D:\java\jdk1.8.0_20\bin\java.exe
0x00007fff68330000 - 0x00007fff684f1000 	C:\WINDOWS\SYSTEM32\ntdll.dll
0x00007fff67dd0000 - 0x00007fff67e7d000 	C:\WINDOWS\system32\KERNEL32.DLL
0x00007fff64e20000 - 0x00007fff65008000 	C:\WINDOWS\system32\KERNELBASE.dll
0x00007fff65d50000 - 0x00007fff65df7000 	C:\WINDOWS\system32\ADVAPI32.dll
0x00007fff660a0000 - 0x00007fff6613d000 	C:\WINDOWS\system32\msvcrt.dll
0x00007fff65e00000 - 0x00007fff65e5b000 	C:\WINDOWS\system32\sechost.dll
0x00007fff66140000 - 0x00007fff6625c000 	C:\WINDOWS\system32\RPCRT4.dll
0x00007fff68180000 - 0x00007fff682d6000 	C:\WINDOWS\system32\USER32.dll
0x00007fff65e60000 - 0x00007fff65fe6000 	C:\WINDOWS\system32\GDI32.dll
0x00007fff5f560000 - 0x00007fff5f7d4000 	C:\WINDOWS\WinSxS\amd64_microsoft.windows.common-controls_6595b64144ccf1df_6.0.10586.672_none_a2d6b3cea53ff843\COMCTL32.dll
0x00007fff67ae0000 - 0x00007fff67d5d000 	C:\WINDOWS\system32\combase.dll
0x00007fff64d00000 - 0x00007fff64d6a000 	C:\WINDOWS\system32\bcryptPrimitives.dll
0x00007fff682e0000 - 0x00007fff6831b000 	C:\WINDOWS\system32\IMM32.DLL
0x00007fff64820000 - 0x00007fff64851000 	C:\Windows\system32\nvinitx.dll
0x00007fff64810000 - 0x00007fff6481a000 	C:\WINDOWS\SYSTEM32\VERSION.dll
0x000000005c3b0000 - 0x000000005c482000 	D:\java\jdk1.8.0_20\jre\bin\msvcr100.dll
0x000000005bb50000 - 0x000000005c3a8000 	D:\java\jdk1.8.0_20\jre\bin\server\jvm.dll
0x00007fff68320000 - 0x00007fff68328000 	C:\WINDOWS\system32\PSAPI.DLL
0x00007fff56510000 - 0x00007fff56519000 	C:\WINDOWS\SYSTEM32\WSOCK32.dll
0x00007fff67d60000 - 0x00007fff67dcb000 	C:\WINDOWS\system32\WS2_32.dll
0x00007fff62ed0000 - 0x00007fff62ef3000 	C:\WINDOWS\SYSTEM32\WINMM.dll
0x00007fff62cb0000 - 0x00007fff62cdc000 	C:\WINDOWS\SYSTEM32\WINMMBASE.dll
0x00007fff656c0000 - 0x00007fff65703000 	C:\WINDOWS\system32\cfgmgr32.dll
0x000000005d000000 - 0x000000005d00f000 	D:\java\jdk1.8.0_20\jre\bin\verify.dll
0x000000005bb20000 - 0x000000005bb48000 	D:\java\jdk1.8.0_20\jre\bin\java.dll
0x000000005bb00000 - 0x000000005bb16000 	D:\java\jdk1.8.0_20\jre\bin\zip.dll
0x00007fff664b0000 - 0x00007fff67a0c000 	C:\WINDOWS\system32\SHELL32.dll
0x00007fff65010000 - 0x00007fff65655000 	C:\WINDOWS\system32\windows.storage.dll
0x00007fff66280000 - 0x00007fff662d2000 	C:\WINDOWS\system32\shlwapi.dll
0x00007fff649a0000 - 0x00007fff649af000 	C:\WINDOWS\system32\kernel.appcore.dll
0x00007fff64c40000 - 0x00007fff64cf5000 	C:\WINDOWS\system32\shcore.dll
0x00007fff64950000 - 0x00007fff6499b000 	C:\WINDOWS\system32\powrprof.dll
0x00007fff64930000 - 0x00007fff64944000 	C:\WINDOWS\system32\profapi.dll
0x00007fff55b80000 - 0x00007fff55d0c000 	C:\WINDOWS\SYSTEM32\dbghelp.dll

VM Arguments:
jvm_args: -Djava.awt.headless=true -Xmx1024M -Dfile.encoding=GBK -Duser.country=CN -Duser.language=zh -Duser.variant 
java_command: com.android.dx.command.Main --dex --num-threads=4 --output E:\works\icute\android\app\build\intermediates\pre-dexed\debug\library-2.4.0_dd460f45d27a359687729c3c169358b1eda3100b.jar C:\Users\Administrator\.gradle\caches\modules-2\files-2.1\com.nineoldandroids\library\2.4.0\e9b63380f3a242dbdbf103a2355ad7e43bad17cb\library-2.4.0.jar
java_class_path (initial): D:\andriodStduio\sdk\build-tools\23.0.1\lib\dx.jar
Launcher Type: SUN_STANDARD

Environment Variables:
JAVA_HOME=D:\java\jdk1.8.0_20
CLASSPATH=.;D:\java\jdk1.8.0_20\lib\dt.jar;D:\java\jdk1.8.0_20\lib\tools.jar;D:\apache-tomcat-7.0.65-windows-x64\apache-tomcat-7.0.65\lib\servlet-api.jar;D:\apache-tomcat-7.0.65-windows-x64\apache-tomcat-7.0.65\lib\jsp-api.jar;D:\eclipse_javaEE\lib\Aspectj\install\lib\aspectjrt.jar
PATH=C:\ProgramData\Oracle\Java\javapath;D:\java\jdk1.8.0_20\bin;D:\java\jdk1.8.0_20\jre\binC:\WINDOWS\system32;C:\WINDOWS;C:\WINDOWS\System32\Wbem;C:\WINDOWS\System32\WindowsPowerShell\v1.0\;C:\Program Files\Microsoft SQL Server\110\Tools\Binn\;C:\Program Files (x86)\Microsoft SDKs\TypeScript\1.0\;D:\MATLAB\bin\win32;C:\Windows\System32;C:\Program Files\Intel\WiFi\bin\;C:\Program Files\Common Files\Intel\WirelessCommon\;D:\java\jdk1.8.0_20\bin;D:\;amp\wamp\bin\mysql\mysql5.5.20\bin;D:\python2.7.10\install;D:\wamp\wamp\bin\mysql\mysql5.5.20\bin;D:\python2.7.10\install\Scripts;C:\mongodb\bin;D:\nodejs\nvmw;D:\svn\bin;D:\scala\install\bin;D:\sbt\install\\bin;D:\sbt\install\bin;D:\git\Git\bin;D:\ant\apache-ant-1.9.6/bin;D:\curl;D:\wamp\wamp\bin\php\php5.3.10;D:\wamp\wamp\bin\php\php5.5.12;C:\ProgramData\ComposerSetup\bin;C:\Users\Administrator\AppData\Roaming\Composer\Vendor\bin;D:\OCR\install\Tesseract-OCR;C:\WINDOWS\system32;C:\Program Files (x86)\Windows Kits\10\Windows Performance Toolkit\;D:\makeForWin\GnuWin32\bin;D:\eclipse_javaEE\lib\Aspectj\install\bin;D:\maven\apache-maven-3.3.9\bin;D:\php\php-5.6.21-Win32-VC11-x64;D:\php\php-5.6.21-Win32-VC11-x64\ext;D:\mysql\mysql-5.6.24-winx64\bin;D:\andriodStduio\sdk\tools;D:\andriodStduio\sdk\platform-tools;D:\nmap\nmap-7.31;D:\nodejs\nvmw\v6.2.0\;D:\cocos2d-x\templates;D:\cocos2d-x\tools\cocos2d-console\bin;C:\Program Files\Intel\WiFi\bin\;C:\Program Files\Common Files\Intel\WirelessCommon\;D:\vscode\install\Microsoft VS Code\bin;C:\Users\Administrator\AppData\Roaming\npm
USERNAME=Administrator
OS=Windows_NT
PROCESSOR_IDENTIFIER=Intel64 Family 6 Model 58 Stepping 9, GenuineIntel



---------------  S Y S T E M  ---------------

OS: Windows 8.1 , 64 bit Build 9600 

CPU:total 4 (2 cores per cpu, 2 threads per core) family 6 model 58 stepping 9, cmov, cx8, fxsr, mmx, sse, sse2, sse3, ssse3, sse4.1, sse4.2, popcnt, avx, aes, clmul, erms, ht, tsc, tscinvbit, tscinv

Memory: 4k page, physical 6148232k(864748k free), swap 8458912k(2388k free)

vm_info: Java HotSpot(TM) 64-Bit Server VM (25.20-b23) for windows-amd64 JRE (1.8.0_20-b26), built on Jul 30 2014 13:51:23 by "java_re" with MS VC++ 10.0 (VS2010)

time: Fri Mar 17 22:40:48 2017
elapsed time: 1 seconds (0d 0h 0m 1s)

